<?xml version="1.0" encoding="UTF-8"?>
<testsuite name="com.tibco.rest.test.DataDrivenTestCases"
           tests="516"
           failures="516"
           errors="0"
           skipped="0"
           time="575.765">
  <properties />
      <testcase name="TOutbound13" time="1.454">
            <failure type="java.lang.AssertionError"
                  message="Expected value should contains &quot;The Transport name https_rn  you have entered  is already in use&quot; : Actual value is &quot;The Transport name https_rn  you have entered  is already in use&quot;"
              >
<![CDATA[java.lang.AssertionError: Expected value should contains "The Transport name https_rn  you have entered  is already in use" : Actual value is "The Transport name https_rn  you have entered  is already in use"
  com.tibco.rest.restAssured.Assertions.assertTrue(Assertions.java:166)
  com.tibco.rest.restAssured.Assertions.assertContains(Assertions.java:212)
  com.tibco.rest.test.DataDrivenTestCases.verifyResponse(DataDrivenTestCases.java:533)
  com.tibco.rest.test.DataDrivenTestCases.testcase(DataDrivenTestCases.java:377)
  sun.reflect.GeneratedMethodAccessor63.invoke(Unknown Source)
  sun.reflect.DelegatingMethodAccessorImpl.invoke(Unknown Source)
  java.lang.reflect.Method.invoke(Unknown Source)
  org.testng.internal.MethodInvocationHelper.invokeMethod(MethodInvocationHelper.java:108)
  org.testng.internal.Invoker.invokeMethod(Invoker.java:661)
  org.testng.internal.Invoker.invokeTestMethod(Invoker.java:869)
  org.testng.internal.Invoker.invokeTestMethods(Invoker.java:1193)
  org.testng.internal.TestMethodWorker.invokeTestMethods(TestMethodWorker.java:126)
  org.testng.internal.TestMethodWorker.run(TestMethodWorker.java:109)
  org.testng.TestRunner.privateRun(TestRunner.java:744)
  org.testng.TestRunner.run(TestRunner.java:602)
  org.testng.SuiteRunner.runTest(SuiteRunner.java:380)
  org.testng.SuiteRunner.runSequentially(SuiteRunner.java:375)
  org.testng.SuiteRunner.privateRun(SuiteRunner.java:340)
  org.testng.SuiteRunner.run(SuiteRunner.java:289)
  org.testng.SuiteRunnerWorker.runSuite(SuiteRunnerWorker.java:52)
  org.testng.SuiteRunnerWorker.run(SuiteRunnerWorker.java:86)
  org.testng.TestNG.runSuitesSequentially(TestNG.java:1301)
  org.testng.TestNG.runSuitesLocally(TestNG.java:1226)
  org.testng.TestNG.runSuites(TestNG.java:1144)
  org.testng.TestNG.run(TestNG.java:1115)
  org.testng.TestNG.privateMain(TestNG.java:1442)
  org.testng.TestNG.main(TestNG.java:1411)
]]>
      </failure>

          </testcase>
      <testcase name="UserGroup-02" time="0.371">
            <failure type="java.lang.AssertionError"
                  message="Expected value should be &quot;Groupname Auto User group  you have entered  is already in use.&quot; : Actual value is &quot;Groupname Auto User group  you have entered is already in use.&quot;"
              >
<![CDATA[java.lang.AssertionError: Expected value should be "Groupname Auto User group  you have entered  is already in use." : Actual value is "Groupname Auto User group  you have entered is already in use."
  com.tibco.rest.restAssured.Assertions.assertTrue(Assertions.java:166)
  com.tibco.rest.restAssured.Assertions.assertEquals(Assertions.java:183)
  com.tibco.rest.test.DataDrivenTestCases.verifyResponse(DataDrivenTestCases.java:508)
  com.tibco.rest.test.DataDrivenTestCases.testcase(DataDrivenTestCases.java:352)
  sun.reflect.GeneratedMethodAccessor63.invoke(Unknown Source)
  sun.reflect.DelegatingMethodAccessorImpl.invoke(Unknown Source)
  java.lang.reflect.Method.invoke(Unknown Source)
  org.testng.internal.MethodInvocationHelper.invokeMethod(MethodInvocationHelper.java:108)
  org.testng.internal.Invoker.invokeMethod(Invoker.java:661)
  org.testng.internal.Invoker.invokeTestMethod(Invoker.java:869)
  org.testng.internal.Invoker.invokeTestMethods(Invoker.java:1193)
  org.testng.internal.TestMethodWorker.invokeTestMethods(TestMethodWorker.java:126)
  org.testng.internal.TestMethodWorker.run(TestMethodWorker.java:109)
  org.testng.TestRunner.privateRun(TestRunner.java:744)
  org.testng.TestRunner.run(TestRunner.java:602)
  org.testng.SuiteRunner.runTest(SuiteRunner.java:380)
  org.testng.SuiteRunner.runSequentially(SuiteRunner.java:375)
  org.testng.SuiteRunner.privateRun(SuiteRunner.java:340)
  org.testng.SuiteRunner.run(SuiteRunner.java:289)
  org.testng.SuiteRunnerWorker.runSuite(SuiteRunnerWorker.java:52)
  org.testng.SuiteRunnerWorker.run(SuiteRunnerWorker.java:86)
  org.testng.TestNG.runSuitesSequentially(TestNG.java:1301)
  org.testng.TestNG.runSuitesLocally(TestNG.java:1226)
  org.testng.TestNG.runSuites(TestNG.java:1144)
  org.testng.TestNG.run(TestNG.java:1115)
  org.testng.TestNG.privateMain(TestNG.java:1442)
  org.testng.TestNG.main(TestNG.java:1411)
]]>
      </failure>

          </testcase>
      <testcase name="PROXYERROR-07" time="1.636">
            <failure type="Unknown"
                  message="Unknown"
              />
          </testcase>
      <testcase name="DOMAINTYPE-07" time="1.254">
            <failure type="java.lang.AssertionError"
                  message="Expected value should contains &quot;Auto Domain Type  you have entered  is already in use&quot; : Actual value is &quot;Auto Domain Type  you have entered  is already in use&quot;"
              >
<![CDATA[java.lang.AssertionError: Expected value should contains "Auto Domain Type  you have entered  is already in use" : Actual value is "Auto Domain Type  you have entered  is already in use"
  com.tibco.rest.restAssured.Assertions.assertTrue(Assertions.java:166)
  com.tibco.rest.restAssured.Assertions.assertContains(Assertions.java:212)
  com.tibco.rest.test.DataDrivenTestCases.verifyResponse(DataDrivenTestCases.java:533)
  com.tibco.rest.test.DataDrivenTestCases.testcase(DataDrivenTestCases.java:352)
  sun.reflect.GeneratedMethodAccessor63.invoke(Unknown Source)
  sun.reflect.DelegatingMethodAccessorImpl.invoke(Unknown Source)
  java.lang.reflect.Method.invoke(Unknown Source)
  org.testng.internal.MethodInvocationHelper.invokeMethod(MethodInvocationHelper.java:108)
  org.testng.internal.Invoker.invokeMethod(Invoker.java:661)
  org.testng.internal.Invoker.invokeTestMethod(Invoker.java:869)
  org.testng.internal.Invoker.invokeTestMethods(Invoker.java:1193)
  org.testng.internal.TestMethodWorker.invokeTestMethods(TestMethodWorker.java:126)
  org.testng.internal.TestMethodWorker.run(TestMethodWorker.java:109)
  org.testng.TestRunner.privateRun(TestRunner.java:744)
  org.testng.TestRunner.run(TestRunner.java:602)
  org.testng.SuiteRunner.runTest(SuiteRunner.java:380)
  org.testng.SuiteRunner.runSequentially(SuiteRunner.java:375)
  org.testng.SuiteRunner.privateRun(SuiteRunner.java:340)
  org.testng.SuiteRunner.run(SuiteRunner.java:289)
  org.testng.SuiteRunnerWorker.runSuite(SuiteRunnerWorker.java:52)
  org.testng.SuiteRunnerWorker.run(SuiteRunnerWorker.java:86)
  org.testng.TestNG.runSuitesSequentially(TestNG.java:1301)
  org.testng.TestNG.runSuitesLocally(TestNG.java:1226)
  org.testng.TestNG.runSuites(TestNG.java:1144)
  org.testng.TestNG.run(TestNG.java:1115)
  org.testng.TestNG.privateMain(TestNG.java:1442)
  org.testng.TestNG.main(TestNG.java:1411)
]]>
      </failure>

          </testcase>
      <testcase name="PROXYERROR-06" time="0.685">
            <failure type="java.lang.AssertionError"
                  message="Expected value should contains &quot;Proxy Servers  are set as default&quot; : Actual value is &quot;Proxy Servers  are set as default&quot;"
              >
<![CDATA[java.lang.AssertionError: Expected value should contains "Proxy Servers  are set as default" : Actual value is "Proxy Servers  are set as default"
  com.tibco.rest.restAssured.Assertions.assertTrue(Assertions.java:166)
  com.tibco.rest.restAssured.Assertions.assertContains(Assertions.java:212)
  com.tibco.rest.test.DataDrivenTestCases.verifyResponse(DataDrivenTestCases.java:533)
  com.tibco.rest.test.DataDrivenTestCases.testcase(DataDrivenTestCases.java:352)
  sun.reflect.GeneratedMethodAccessor63.invoke(Unknown Source)
  sun.reflect.DelegatingMethodAccessorImpl.invoke(Unknown Source)
  java.lang.reflect.Method.invoke(Unknown Source)
  org.testng.internal.MethodInvocationHelper.invokeMethod(MethodInvocationHelper.java:108)
  org.testng.internal.Invoker.invokeMethod(Invoker.java:661)
  org.testng.internal.Invoker.invokeTestMethod(Invoker.java:869)
  org.testng.internal.Invoker.invokeTestMethods(Invoker.java:1193)
  org.testng.internal.TestMethodWorker.invokeTestMethods(TestMethodWorker.java:126)
  org.testng.internal.TestMethodWorker.run(TestMethodWorker.java:109)
  org.testng.TestRunner.privateRun(TestRunner.java:744)
  org.testng.TestRunner.run(TestRunner.java:602)
  org.testng.SuiteRunner.runTest(SuiteRunner.java:380)
  org.testng.SuiteRunner.runSequentially(SuiteRunner.java:375)
  org.testng.SuiteRunner.privateRun(SuiteRunner.java:340)
  org.testng.SuiteRunner.run(SuiteRunner.java:289)
  org.testng.SuiteRunnerWorker.runSuite(SuiteRunnerWorker.java:52)
  org.testng.SuiteRunnerWorker.run(SuiteRunnerWorker.java:86)
  org.testng.TestNG.runSuitesSequentially(TestNG.java:1301)
  org.testng.TestNG.runSuitesLocally(TestNG.java:1226)
  org.testng.TestNG.runSuites(TestNG.java:1144)
  org.testng.TestNG.run(TestNG.java:1115)
  org.testng.TestNG.privateMain(TestNG.java:1442)
  org.testng.TestNG.main(TestNG.java:1411)
]]>
      </failure>

          </testcase>
      <testcase name="IBTProtocol-12" time="0.416">
            <failure type="java.lang.AssertionError"
                  message="Expected value should be &quot;EMAIL&quot; : Actual value is &quot;[&quot;EMAIL&quot;,&quot;FILE&quot;,&quot;FTP&quot;,&quot;HTTP&quot;]&quot;"
              >
<![CDATA[java.lang.AssertionError: Expected value should be "EMAIL" : Actual value is "["EMAIL","FILE","FTP","HTTP"]"
  com.tibco.rest.restAssured.Assertions.assertTrue(Assertions.java:166)
  com.tibco.rest.restAssured.Assertions.assertEquals(Assertions.java:183)
  com.tibco.rest.test.DataDrivenTestCases.verifyResponse(DataDrivenTestCases.java:508)
  com.tibco.rest.test.DataDrivenTestCases.testcase(DataDrivenTestCases.java:377)
  sun.reflect.GeneratedMethodAccessor63.invoke(Unknown Source)
  sun.reflect.DelegatingMethodAccessorImpl.invoke(Unknown Source)
  java.lang.reflect.Method.invoke(Unknown Source)
  org.testng.internal.MethodInvocationHelper.invokeMethod(MethodInvocationHelper.java:108)
  org.testng.internal.Invoker.invokeMethod(Invoker.java:661)
  org.testng.internal.Invoker.invokeTestMethod(Invoker.java:869)
  org.testng.internal.Invoker.invokeTestMethods(Invoker.java:1193)
  org.testng.internal.TestMethodWorker.invokeTestMethods(TestMethodWorker.java:126)
  org.testng.internal.TestMethodWorker.run(TestMethodWorker.java:109)
  org.testng.TestRunner.privateRun(TestRunner.java:744)
  org.testng.TestRunner.run(TestRunner.java:602)
  org.testng.SuiteRunner.runTest(SuiteRunner.java:380)
  org.testng.SuiteRunner.runSequentially(SuiteRunner.java:375)
  org.testng.SuiteRunner.privateRun(SuiteRunner.java:340)
  org.testng.SuiteRunner.run(SuiteRunner.java:289)
  org.testng.SuiteRunnerWorker.runSuite(SuiteRunnerWorker.java:52)
  org.testng.SuiteRunnerWorker.run(SuiteRunnerWorker.java:86)
  org.testng.TestNG.runSuitesSequentially(TestNG.java:1301)
  org.testng.TestNG.runSuitesLocally(TestNG.java:1226)
  org.testng.TestNG.runSuites(TestNG.java:1144)
  org.testng.TestNG.run(TestNG.java:1115)
  org.testng.TestNG.privateMain(TestNG.java:1442)
  org.testng.TestNG.main(TestNG.java:1411)
]]>
      </failure>

          </testcase>
      <testcase name="PCCEC-10" time="0.342">
            <failure type="java.lang.AssertionError"
                  message="Expected value should contains &quot;sccode1 you have entered  is already in use&quot; : Actual value is &quot;sccode1 you have entered  is already in use&quot;"
              >
<![CDATA[java.lang.AssertionError: Expected value should contains "sccode1 you have entered  is already in use" : Actual value is "sccode1 you have entered  is already in use"
  com.tibco.rest.restAssured.Assertions.assertTrue(Assertions.java:166)
  com.tibco.rest.restAssured.Assertions.assertContains(Assertions.java:212)
  com.tibco.rest.test.DataDrivenTestCases.verifyResponse(DataDrivenTestCases.java:533)
  com.tibco.rest.test.DataDrivenTestCases.testcase(DataDrivenTestCases.java:377)
  sun.reflect.GeneratedMethodAccessor63.invoke(Unknown Source)
  sun.reflect.DelegatingMethodAccessorImpl.invoke(Unknown Source)
  java.lang.reflect.Method.invoke(Unknown Source)
  org.testng.internal.MethodInvocationHelper.invokeMethod(MethodInvocationHelper.java:108)
  org.testng.internal.Invoker.invokeMethod(Invoker.java:661)
  org.testng.internal.Invoker.invokeTestMethod(Invoker.java:869)
  org.testng.internal.Invoker.invokeTestMethods(Invoker.java:1193)
  org.testng.internal.TestMethodWorker.invokeTestMethods(TestMethodWorker.java:126)
  org.testng.internal.TestMethodWorker.run(TestMethodWorker.java:109)
  org.testng.TestRunner.privateRun(TestRunner.java:744)
  org.testng.TestRunner.run(TestRunner.java:602)
  org.testng.SuiteRunner.runTest(SuiteRunner.java:380)
  org.testng.SuiteRunner.runSequentially(SuiteRunner.java:375)
  org.testng.SuiteRunner.privateRun(SuiteRunner.java:340)
  org.testng.SuiteRunner.run(SuiteRunner.java:289)
  org.testng.SuiteRunnerWorker.runSuite(SuiteRunnerWorker.java:52)
  org.testng.SuiteRunnerWorker.run(SuiteRunnerWorker.java:86)
  org.testng.TestNG.runSuitesSequentially(TestNG.java:1301)
  org.testng.TestNG.runSuitesLocally(TestNG.java:1226)
  org.testng.TestNG.runSuites(TestNG.java:1144)
  org.testng.TestNG.run(TestNG.java:1115)
  org.testng.TestNG.privateMain(TestNG.java:1442)
  org.testng.TestNG.main(TestNG.java:1411)
]]>
      </failure>

          </testcase>
      <testcase name="RNROLEERROR-05" time="1.283">
            <failure type="java.lang.AssertionError"
                  message="Expected value should contains &quot;RosettaNet Role Name  you have entered  is already in use&quot; : Actual value is &quot;RosettaNet Role Name  you have entered  is already in use&quot;"
              >
<![CDATA[java.lang.AssertionError: Expected value should contains "RosettaNet Role Name  you have entered  is already in use" : Actual value is "RosettaNet Role Name  you have entered  is already in use"
  com.tibco.rest.restAssured.Assertions.assertTrue(Assertions.java:166)
  com.tibco.rest.restAssured.Assertions.assertContains(Assertions.java:212)
  com.tibco.rest.test.DataDrivenTestCases.verifyResponse(DataDrivenTestCases.java:533)
  com.tibco.rest.test.DataDrivenTestCases.testcase(DataDrivenTestCases.java:352)
  sun.reflect.GeneratedMethodAccessor63.invoke(Unknown Source)
  sun.reflect.DelegatingMethodAccessorImpl.invoke(Unknown Source)
  java.lang.reflect.Method.invoke(Unknown Source)
  org.testng.internal.MethodInvocationHelper.invokeMethod(MethodInvocationHelper.java:108)
  org.testng.internal.Invoker.invokeMethod(Invoker.java:661)
  org.testng.internal.Invoker.invokeTestMethod(Invoker.java:869)
  org.testng.internal.Invoker.invokeTestMethods(Invoker.java:1193)
  org.testng.internal.TestMethodWorker.invokeTestMethods(TestMethodWorker.java:126)
  org.testng.internal.TestMethodWorker.run(TestMethodWorker.java:109)
  org.testng.TestRunner.privateRun(TestRunner.java:744)
  org.testng.TestRunner.run(TestRunner.java:602)
  org.testng.SuiteRunner.runTest(SuiteRunner.java:380)
  org.testng.SuiteRunner.runSequentially(SuiteRunner.java:375)
  org.testng.SuiteRunner.privateRun(SuiteRunner.java:340)
  org.testng.SuiteRunner.run(SuiteRunner.java:289)
  org.testng.SuiteRunnerWorker.runSuite(SuiteRunnerWorker.java:52)
  org.testng.SuiteRunnerWorker.run(SuiteRunnerWorker.java:86)
  org.testng.TestNG.runSuitesSequentially(TestNG.java:1301)
  org.testng.TestNG.runSuitesLocally(TestNG.java:1226)
  org.testng.TestNG.runSuites(TestNG.java:1144)
  org.testng.TestNG.run(TestNG.java:1115)
  org.testng.TestNG.privateMain(TestNG.java:1442)
  org.testng.TestNG.main(TestNG.java:1411)
]]>
      </failure>

          </testcase>
      <testcase name="DOMAINPAIRS-09" time="1.424">
            <failure type="java.lang.AssertionError"
                  message="Expected value should be &quot;Domain Identity cannot have empty value.&quot; : Actual value is &quot;Domain Identity cannot have empty value&quot;"
              >
<![CDATA[java.lang.AssertionError: Expected value should be "Domain Identity cannot have empty value." : Actual value is "Domain Identity cannot have empty value"
  com.tibco.rest.restAssured.Assertions.assertTrue(Assertions.java:166)
  com.tibco.rest.restAssured.Assertions.assertEquals(Assertions.java:183)
  com.tibco.rest.test.DataDrivenTestCases.verifyResponse(DataDrivenTestCases.java:508)
  com.tibco.rest.test.DataDrivenTestCases.testcase(DataDrivenTestCases.java:352)
  sun.reflect.GeneratedMethodAccessor63.invoke(Unknown Source)
  sun.reflect.DelegatingMethodAccessorImpl.invoke(Unknown Source)
  java.lang.reflect.Method.invoke(Unknown Source)
  org.testng.internal.MethodInvocationHelper.invokeMethod(MethodInvocationHelper.java:108)
  org.testng.internal.Invoker.invokeMethod(Invoker.java:661)
  org.testng.internal.Invoker.invokeTestMethod(Invoker.java:869)
  org.testng.internal.Invoker.invokeTestMethods(Invoker.java:1193)
  org.testng.internal.TestMethodWorker.invokeTestMethods(TestMethodWorker.java:126)
  org.testng.internal.TestMethodWorker.run(TestMethodWorker.java:109)
  org.testng.TestRunner.privateRun(TestRunner.java:744)
  org.testng.TestRunner.run(TestRunner.java:602)
  org.testng.SuiteRunner.runTest(SuiteRunner.java:380)
  org.testng.SuiteRunner.runSequentially(SuiteRunner.java:375)
  org.testng.SuiteRunner.privateRun(SuiteRunner.java:340)
  org.testng.SuiteRunner.run(SuiteRunner.java:289)
  org.testng.SuiteRunnerWorker.runSuite(SuiteRunnerWorker.java:52)
  org.testng.SuiteRunnerWorker.run(SuiteRunnerWorker.java:86)
  org.testng.TestNG.runSuitesSequentially(TestNG.java:1301)
  org.testng.TestNG.runSuitesLocally(TestNG.java:1226)
  org.testng.TestNG.runSuites(TestNG.java:1144)
  org.testng.TestNG.run(TestNG.java:1115)
  org.testng.TestNG.privateMain(TestNG.java:1442)
  org.testng.TestNG.main(TestNG.java:1411)
]]>
      </failure>

          </testcase>
      <testcase name="RNROLEERROR-02" time="1.080">
            <failure type="java.lang.AssertionError"
                  message="Expected value should contains &quot;RN Role Test you have entered  is already in use&quot; : Actual value is &quot;RN Role Test you have entered  is already in use&quot;"
              >
<![CDATA[java.lang.AssertionError: Expected value should contains "RN Role Test you have entered  is already in use" : Actual value is "RN Role Test you have entered  is already in use"
  com.tibco.rest.restAssured.Assertions.assertTrue(Assertions.java:166)
  com.tibco.rest.restAssured.Assertions.assertContains(Assertions.java:212)
  com.tibco.rest.test.DataDrivenTestCases.verifyResponse(DataDrivenTestCases.java:533)
  com.tibco.rest.test.DataDrivenTestCases.testcase(DataDrivenTestCases.java:352)
  sun.reflect.GeneratedMethodAccessor63.invoke(Unknown Source)
  sun.reflect.DelegatingMethodAccessorImpl.invoke(Unknown Source)
  java.lang.reflect.Method.invoke(Unknown Source)
  org.testng.internal.MethodInvocationHelper.invokeMethod(MethodInvocationHelper.java:108)
  org.testng.internal.Invoker.invokeMethod(Invoker.java:661)
  org.testng.internal.Invoker.invokeTestMethod(Invoker.java:869)
  org.testng.internal.Invoker.invokeTestMethods(Invoker.java:1193)
  org.testng.internal.TestMethodWorker.invokeTestMethods(TestMethodWorker.java:126)
  org.testng.internal.TestMethodWorker.run(TestMethodWorker.java:109)
  org.testng.TestRunner.privateRun(TestRunner.java:744)
  org.testng.TestRunner.run(TestRunner.java:602)
  org.testng.SuiteRunner.runTest(SuiteRunner.java:380)
  org.testng.SuiteRunner.runSequentially(SuiteRunner.java:375)
  org.testng.SuiteRunner.privateRun(SuiteRunner.java:340)
  org.testng.SuiteRunner.run(SuiteRunner.java:289)
  org.testng.SuiteRunnerWorker.runSuite(SuiteRunnerWorker.java:52)
  org.testng.SuiteRunnerWorker.run(SuiteRunnerWorker.java:86)
  org.testng.TestNG.runSuitesSequentially(TestNG.java:1301)
  org.testng.TestNG.runSuitesLocally(TestNG.java:1226)
  org.testng.TestNG.runSuites(TestNG.java:1144)
  org.testng.TestNG.run(TestNG.java:1115)
  org.testng.TestNG.privateMain(TestNG.java:1442)
  org.testng.TestNG.main(TestNG.java:1411)
]]>
      </failure>

          </testcase>
      <testcase name="PROTOCOLBINDINGSX12-06" time="0.390">
            <failure type="java.lang.AssertionError"
                  message="Expected value should be &quot;TUESDAY,FRIDAY&quot; : Actual value is &quot;FRIDAY,TUESDAY&quot;"
              >
<![CDATA[java.lang.AssertionError: Expected value should be "TUESDAY,FRIDAY" : Actual value is "FRIDAY,TUESDAY"
  com.tibco.rest.restAssured.Assertions.assertTrue(Assertions.java:166)
  com.tibco.rest.restAssured.Assertions.assertEquals(Assertions.java:183)
  com.tibco.rest.test.DataDrivenTestCases.verifyResponse(DataDrivenTestCases.java:508)
  com.tibco.rest.test.DataDrivenTestCases.testcase(DataDrivenTestCases.java:352)
  sun.reflect.GeneratedMethodAccessor63.invoke(Unknown Source)
  sun.reflect.DelegatingMethodAccessorImpl.invoke(Unknown Source)
  java.lang.reflect.Method.invoke(Unknown Source)
  org.testng.internal.MethodInvocationHelper.invokeMethod(MethodInvocationHelper.java:108)
  org.testng.internal.Invoker.invokeMethod(Invoker.java:661)
  org.testng.internal.Invoker.invokeTestMethod(Invoker.java:869)
  org.testng.internal.Invoker.invokeTestMethods(Invoker.java:1193)
  org.testng.internal.TestMethodWorker.invokeTestMethods(TestMethodWorker.java:126)
  org.testng.internal.TestMethodWorker.run(TestMethodWorker.java:109)
  org.testng.TestRunner.privateRun(TestRunner.java:744)
  org.testng.TestRunner.run(TestRunner.java:602)
  org.testng.SuiteRunner.runTest(SuiteRunner.java:380)
  org.testng.SuiteRunner.runSequentially(SuiteRunner.java:375)
  org.testng.SuiteRunner.privateRun(SuiteRunner.java:340)
  org.testng.SuiteRunner.run(SuiteRunner.java:289)
  org.testng.SuiteRunnerWorker.runSuite(SuiteRunnerWorker.java:52)
  org.testng.SuiteRunnerWorker.run(SuiteRunnerWorker.java:86)
  org.testng.TestNG.runSuitesSequentially(TestNG.java:1301)
  org.testng.TestNG.runSuitesLocally(TestNG.java:1226)
  org.testng.TestNG.runSuites(TestNG.java:1144)
  org.testng.TestNG.run(TestNG.java:1115)
  org.testng.TestNG.privateMain(TestNG.java:1442)
  org.testng.TestNG.main(TestNG.java:1411)
]]>
      </failure>

          </testcase>
      <testcase name="PCCEC-06" time="1.993">
            <failure type="java.lang.AssertionError"
                  message="Expected value should not be &quot;[]&quot; : Actual value is &quot;[]&quot;"
              >
<![CDATA[java.lang.AssertionError: Expected value should not be "[]" : Actual value is "[]"
  com.tibco.rest.restAssured.Assertions.assertTrue(Assertions.java:166)
  com.tibco.rest.restAssured.Assertions.assertNotEquals(Assertions.java:196)
  com.tibco.rest.test.DataDrivenTestCases.verifyResponse(DataDrivenTestCases.java:520)
  com.tibco.rest.test.DataDrivenTestCases.testcase(DataDrivenTestCases.java:344)
  sun.reflect.GeneratedMethodAccessor63.invoke(Unknown Source)
  sun.reflect.DelegatingMethodAccessorImpl.invoke(Unknown Source)
  java.lang.reflect.Method.invoke(Unknown Source)
  org.testng.internal.MethodInvocationHelper.invokeMethod(MethodInvocationHelper.java:108)
  org.testng.internal.Invoker.invokeMethod(Invoker.java:661)
  org.testng.internal.Invoker.invokeTestMethod(Invoker.java:869)
  org.testng.internal.Invoker.invokeTestMethods(Invoker.java:1193)
  org.testng.internal.TestMethodWorker.invokeTestMethods(TestMethodWorker.java:126)
  org.testng.internal.TestMethodWorker.run(TestMethodWorker.java:109)
  org.testng.TestRunner.privateRun(TestRunner.java:744)
  org.testng.TestRunner.run(TestRunner.java:602)
  org.testng.SuiteRunner.runTest(SuiteRunner.java:380)
  org.testng.SuiteRunner.runSequentially(SuiteRunner.java:375)
  org.testng.SuiteRunner.privateRun(SuiteRunner.java:340)
  org.testng.SuiteRunner.run(SuiteRunner.java:289)
  org.testng.SuiteRunnerWorker.runSuite(SuiteRunnerWorker.java:52)
  org.testng.SuiteRunnerWorker.run(SuiteRunnerWorker.java:86)
  org.testng.TestNG.runSuitesSequentially(TestNG.java:1301)
  org.testng.TestNG.runSuitesLocally(TestNG.java:1226)
  org.testng.TestNG.runSuites(TestNG.java:1144)
  org.testng.TestNG.run(TestNG.java:1115)
  org.testng.TestNG.privateMain(TestNG.java:1442)
  org.testng.TestNG.main(TestNG.java:1411)
]]>
      </failure>

          </testcase>
      <testcase name="TOutbound8" time="1.484">
            <failure type="java.lang.AssertionError"
                  message="Expected value should contains &quot;The Transport name http_rn  you have entered  is already in use&quot; : Actual value is &quot;The Transport name http_rn  you have entered  is already in use&quot;"
              >
<![CDATA[java.lang.AssertionError: Expected value should contains "The Transport name http_rn  you have entered  is already in use" : Actual value is "The Transport name http_rn  you have entered  is already in use"
  com.tibco.rest.restAssured.Assertions.assertTrue(Assertions.java:166)
  com.tibco.rest.restAssured.Assertions.assertContains(Assertions.java:212)
  com.tibco.rest.test.DataDrivenTestCases.verifyResponse(DataDrivenTestCases.java:533)
  com.tibco.rest.test.DataDrivenTestCases.testcase(DataDrivenTestCases.java:377)
  sun.reflect.GeneratedMethodAccessor63.invoke(Unknown Source)
  sun.reflect.DelegatingMethodAccessorImpl.invoke(Unknown Source)
  java.lang.reflect.Method.invoke(Unknown Source)
  org.testng.internal.MethodInvocationHelper.invokeMethod(MethodInvocationHelper.java:108)
  org.testng.internal.Invoker.invokeMethod(Invoker.java:661)
  org.testng.internal.Invoker.invokeTestMethod(Invoker.java:869)
  org.testng.internal.Invoker.invokeTestMethods(Invoker.java:1193)
  org.testng.internal.TestMethodWorker.invokeTestMethods(TestMethodWorker.java:126)
  org.testng.internal.TestMethodWorker.run(TestMethodWorker.java:109)
  org.testng.TestRunner.privateRun(TestRunner.java:744)
  org.testng.TestRunner.run(TestRunner.java:602)
  org.testng.SuiteRunner.runTest(SuiteRunner.java:380)
  org.testng.SuiteRunner.runSequentially(SuiteRunner.java:375)
  org.testng.SuiteRunner.privateRun(SuiteRunner.java:340)
  org.testng.SuiteRunner.run(SuiteRunner.java:289)
  org.testng.SuiteRunnerWorker.runSuite(SuiteRunnerWorker.java:52)
  org.testng.SuiteRunnerWorker.run(SuiteRunnerWorker.java:86)
  org.testng.TestNG.runSuitesSequentially(TestNG.java:1301)
  org.testng.TestNG.runSuitesLocally(TestNG.java:1226)
  org.testng.TestNG.runSuites(TestNG.java:1144)
  org.testng.TestNG.run(TestNG.java:1115)
  org.testng.TestNG.privateMain(TestNG.java:1442)
  org.testng.TestNG.main(TestNG.java:1411)
]]>
      </failure>

          </testcase>
      <testcase name="PROXYERROR-04" time="0.425">
            <failure type="java.lang.AssertionError"
                  message="Expected value should be &quot;BCCE-3303&quot; : Actual value is &quot;BCCE-3100&quot;"
              >
<![CDATA[java.lang.AssertionError: Expected value should be "BCCE-3303" : Actual value is "BCCE-3100"
  com.tibco.rest.restAssured.Assertions.assertTrue(Assertions.java:166)
  com.tibco.rest.restAssured.Assertions.assertEquals(Assertions.java:183)
  com.tibco.rest.test.DataDrivenTestCases.verifyResponse(DataDrivenTestCases.java:508)
  com.tibco.rest.test.DataDrivenTestCases.testcase(DataDrivenTestCases.java:352)
  sun.reflect.GeneratedMethodAccessor63.invoke(Unknown Source)
  sun.reflect.DelegatingMethodAccessorImpl.invoke(Unknown Source)
  java.lang.reflect.Method.invoke(Unknown Source)
  org.testng.internal.MethodInvocationHelper.invokeMethod(MethodInvocationHelper.java:108)
  org.testng.internal.Invoker.invokeMethod(Invoker.java:661)
  org.testng.internal.Invoker.invokeTestMethod(Invoker.java:869)
  org.testng.internal.Invoker.invokeTestMethods(Invoker.java:1193)
  org.testng.internal.TestMethodWorker.invokeTestMethods(TestMethodWorker.java:126)
  org.testng.internal.TestMethodWorker.run(TestMethodWorker.java:109)
  org.testng.TestRunner.privateRun(TestRunner.java:744)
  org.testng.TestRunner.run(TestRunner.java:602)
  org.testng.SuiteRunner.runTest(SuiteRunner.java:380)
  org.testng.SuiteRunner.runSequentially(SuiteRunner.java:375)
  org.testng.SuiteRunner.privateRun(SuiteRunner.java:340)
  org.testng.SuiteRunner.run(SuiteRunner.java:289)
  org.testng.SuiteRunnerWorker.runSuite(SuiteRunnerWorker.java:52)
  org.testng.SuiteRunnerWorker.run(SuiteRunnerWorker.java:86)
  org.testng.TestNG.runSuitesSequentially(TestNG.java:1301)
  org.testng.TestNG.runSuitesLocally(TestNG.java:1226)
  org.testng.TestNG.runSuites(TestNG.java:1144)
  org.testng.TestNG.run(TestNG.java:1115)
  org.testng.TestNG.privateMain(TestNG.java:1442)
  org.testng.TestNG.main(TestNG.java:1411)
]]>
      </failure>

          </testcase>
      <testcase name="PROXYERROR-05" time="2.241">
            <failure type="java.lang.AssertionError"
                  message="Expected value should not be &quot;&quot; : Actual value is &quot;&quot;"
              >
<![CDATA[java.lang.AssertionError: Expected value should not be "" : Actual value is ""
  com.tibco.rest.restAssured.Assertions.assertTrue(Assertions.java:166)
  com.tibco.rest.restAssured.Assertions.assertNotEquals(Assertions.java:196)
  com.tibco.rest.test.DataDrivenTestCases.verifyResponse(DataDrivenTestCases.java:520)
  com.tibco.rest.test.DataDrivenTestCases.testcase(DataDrivenTestCases.java:352)
  sun.reflect.GeneratedMethodAccessor63.invoke(Unknown Source)
  sun.reflect.DelegatingMethodAccessorImpl.invoke(Unknown Source)
  java.lang.reflect.Method.invoke(Unknown Source)
  org.testng.internal.MethodInvocationHelper.invokeMethod(MethodInvocationHelper.java:108)
  org.testng.internal.Invoker.invokeMethod(Invoker.java:661)
  org.testng.internal.Invoker.invokeTestMethod(Invoker.java:869)
  org.testng.internal.Invoker.invokeTestMethods(Invoker.java:1193)
  org.testng.internal.TestMethodWorker.invokeTestMethods(TestMethodWorker.java:126)
  org.testng.internal.TestMethodWorker.run(TestMethodWorker.java:109)
  org.testng.TestRunner.privateRun(TestRunner.java:744)
  org.testng.TestRunner.run(TestRunner.java:602)
  org.testng.SuiteRunner.runTest(SuiteRunner.java:380)
  org.testng.SuiteRunner.runSequentially(SuiteRunner.java:375)
  org.testng.SuiteRunner.privateRun(SuiteRunner.java:340)
  org.testng.SuiteRunner.run(SuiteRunner.java:289)
  org.testng.SuiteRunnerWorker.runSuite(SuiteRunnerWorker.java:52)
  org.testng.SuiteRunnerWorker.run(SuiteRunnerWorker.java:86)
  org.testng.TestNG.runSuitesSequentially(TestNG.java:1301)
  org.testng.TestNG.runSuitesLocally(TestNG.java:1226)
  org.testng.TestNG.runSuites(TestNG.java:1144)
  org.testng.TestNG.run(TestNG.java:1115)
  org.testng.TestNG.privateMain(TestNG.java:1442)
  org.testng.TestNG.main(TestNG.java:1411)
]]>
      </failure>

          </testcase>
      <testcase name="PROXYERROR-01" time="2.600">
            <failure type="java.lang.AssertionError"
                  message="Unable to store response string to variable or couldn&apos;t received response."
              >
<![CDATA[java.lang.AssertionError: Unable to store response string to variable or couldn't received response.
  com.tibco.rest.restAssured.Assertions.assertTrue(Assertions.java:166)
  com.tibco.rest.test.DataDrivenTestCases.testcase(DataDrivenTestCases.java:415)
  sun.reflect.GeneratedMethodAccessor63.invoke(Unknown Source)
  sun.reflect.DelegatingMethodAccessorImpl.invoke(Unknown Source)
  java.lang.reflect.Method.invoke(Unknown Source)
  org.testng.internal.MethodInvocationHelper.invokeMethod(MethodInvocationHelper.java:108)
  org.testng.internal.Invoker.invokeMethod(Invoker.java:661)
  org.testng.internal.Invoker.invokeTestMethod(Invoker.java:869)
  org.testng.internal.Invoker.invokeTestMethods(Invoker.java:1193)
  org.testng.internal.TestMethodWorker.invokeTestMethods(TestMethodWorker.java:126)
  org.testng.internal.TestMethodWorker.run(TestMethodWorker.java:109)
  org.testng.TestRunner.privateRun(TestRunner.java:744)
  org.testng.TestRunner.run(TestRunner.java:602)
  org.testng.SuiteRunner.runTest(SuiteRunner.java:380)
  org.testng.SuiteRunner.runSequentially(SuiteRunner.java:375)
  org.testng.SuiteRunner.privateRun(SuiteRunner.java:340)
  org.testng.SuiteRunner.run(SuiteRunner.java:289)
  org.testng.SuiteRunnerWorker.runSuite(SuiteRunnerWorker.java:52)
  org.testng.SuiteRunnerWorker.run(SuiteRunnerWorker.java:86)
  org.testng.TestNG.runSuitesSequentially(TestNG.java:1301)
  org.testng.TestNG.runSuitesLocally(TestNG.java:1226)
  org.testng.TestNG.runSuites(TestNG.java:1144)
  org.testng.TestNG.run(TestNG.java:1115)
  org.testng.TestNG.privateMain(TestNG.java:1442)
  org.testng.TestNG.main(TestNG.java:1411)
]]>
      </failure>

          </testcase>
      <testcase name="PCCEC-07" time="1.231">
            <failure type="java.lang.AssertionError"
                  message="Expected value should contains &quot;Name  you have entered  is already in use&quot; : Actual value is &quot;Name  you have entered  is already in use&quot;"
              >
<![CDATA[java.lang.AssertionError: Expected value should contains "Name  you have entered  is already in use" : Actual value is "Name  you have entered  is already in use"
  com.tibco.rest.restAssured.Assertions.assertTrue(Assertions.java:166)
  com.tibco.rest.restAssured.Assertions.assertContains(Assertions.java:212)
  com.tibco.rest.test.DataDrivenTestCases.verifyResponse(DataDrivenTestCases.java:533)
  com.tibco.rest.test.DataDrivenTestCases.testcase(DataDrivenTestCases.java:377)
  sun.reflect.GeneratedMethodAccessor63.invoke(Unknown Source)
  sun.reflect.DelegatingMethodAccessorImpl.invoke(Unknown Source)
  java.lang.reflect.Method.invoke(Unknown Source)
  org.testng.internal.MethodInvocationHelper.invokeMethod(MethodInvocationHelper.java:108)
  org.testng.internal.Invoker.invokeMethod(Invoker.java:661)
  org.testng.internal.Invoker.invokeTestMethod(Invoker.java:869)
  org.testng.internal.Invoker.invokeTestMethods(Invoker.java:1193)
  org.testng.internal.TestMethodWorker.invokeTestMethods(TestMethodWorker.java:126)
  org.testng.internal.TestMethodWorker.run(TestMethodWorker.java:109)
  org.testng.TestRunner.privateRun(TestRunner.java:744)
  org.testng.TestRunner.run(TestRunner.java:602)
  org.testng.SuiteRunner.runTest(SuiteRunner.java:380)
  org.testng.SuiteRunner.runSequentially(SuiteRunner.java:375)
  org.testng.SuiteRunner.privateRun(SuiteRunner.java:340)
  org.testng.SuiteRunner.run(SuiteRunner.java:289)
  org.testng.SuiteRunnerWorker.runSuite(SuiteRunnerWorker.java:52)
  org.testng.SuiteRunnerWorker.run(SuiteRunnerWorker.java:86)
  org.testng.TestNG.runSuitesSequentially(TestNG.java:1301)
  org.testng.TestNG.runSuitesLocally(TestNG.java:1226)
  org.testng.TestNG.runSuites(TestNG.java:1144)
  org.testng.TestNG.run(TestNG.java:1115)
  org.testng.TestNG.privateMain(TestNG.java:1442)
  org.testng.TestNG.main(TestNG.java:1411)
]]>
      </failure>

          </testcase>
      <testcase name="LOCATIONERROR-04" time="0.717">
            <failure type="java.lang.AssertionError"
                  message="Expected value should contains &quot;Admin Office  you have entered  is already in use&quot; : Actual value is &quot;Admin Office  you have entered  is already in use&quot;"
              >
<![CDATA[java.lang.AssertionError: Expected value should contains "Admin Office  you have entered  is already in use" : Actual value is "Admin Office  you have entered  is already in use"
  com.tibco.rest.restAssured.Assertions.assertTrue(Assertions.java:166)
  com.tibco.rest.restAssured.Assertions.assertContains(Assertions.java:212)
  com.tibco.rest.test.DataDrivenTestCases.verifyResponse(DataDrivenTestCases.java:533)
  com.tibco.rest.test.DataDrivenTestCases.testcase(DataDrivenTestCases.java:352)
  sun.reflect.GeneratedMethodAccessor63.invoke(Unknown Source)
  sun.reflect.DelegatingMethodAccessorImpl.invoke(Unknown Source)
  java.lang.reflect.Method.invoke(Unknown Source)
  org.testng.internal.MethodInvocationHelper.invokeMethod(MethodInvocationHelper.java:108)
  org.testng.internal.Invoker.invokeMethod(Invoker.java:661)
  org.testng.internal.Invoker.invokeTestMethod(Invoker.java:869)
  org.testng.internal.Invoker.invokeTestMethods(Invoker.java:1193)
  org.testng.internal.TestMethodWorker.invokeTestMethods(TestMethodWorker.java:126)
  org.testng.internal.TestMethodWorker.run(TestMethodWorker.java:109)
  org.testng.TestRunner.privateRun(TestRunner.java:744)
  org.testng.TestRunner.run(TestRunner.java:602)
  org.testng.SuiteRunner.runTest(SuiteRunner.java:380)
  org.testng.SuiteRunner.runSequentially(SuiteRunner.java:375)
  org.testng.SuiteRunner.privateRun(SuiteRunner.java:340)
  org.testng.SuiteRunner.run(SuiteRunner.java:289)
  org.testng.SuiteRunnerWorker.runSuite(SuiteRunnerWorker.java:52)
  org.testng.SuiteRunnerWorker.run(SuiteRunnerWorker.java:86)
  org.testng.TestNG.runSuitesSequentially(TestNG.java:1301)
  org.testng.TestNG.runSuitesLocally(TestNG.java:1226)
  org.testng.TestNG.runSuites(TestNG.java:1144)
  org.testng.TestNG.run(TestNG.java:1115)
  org.testng.TestNG.privateMain(TestNG.java:1442)
  org.testng.TestNG.main(TestNG.java:1411)
]]>
      </failure>

          </testcase>
      <testcase name="PROXYERROR-02" time="1.545">
            <failure type="java.lang.AssertionError"
                  message="Expected value should contains &quot;ProxyHTTP you have entered  is already in use&quot; : Actual value is &quot;ProxyHTTP you have entered  is already in use&quot;"
              >
<![CDATA[java.lang.AssertionError: Expected value should contains "ProxyHTTP you have entered  is already in use" : Actual value is "ProxyHTTP you have entered  is already in use"
  com.tibco.rest.restAssured.Assertions.assertTrue(Assertions.java:166)
  com.tibco.rest.restAssured.Assertions.assertContains(Assertions.java:212)
  com.tibco.rest.test.DataDrivenTestCases.verifyResponse(DataDrivenTestCases.java:533)
  com.tibco.rest.test.DataDrivenTestCases.testcase(DataDrivenTestCases.java:352)
  sun.reflect.GeneratedMethodAccessor63.invoke(Unknown Source)
  sun.reflect.DelegatingMethodAccessorImpl.invoke(Unknown Source)
  java.lang.reflect.Method.invoke(Unknown Source)
  org.testng.internal.MethodInvocationHelper.invokeMethod(MethodInvocationHelper.java:108)
  org.testng.internal.Invoker.invokeMethod(Invoker.java:661)
  org.testng.internal.Invoker.invokeTestMethod(Invoker.java:869)
  org.testng.internal.Invoker.invokeTestMethods(Invoker.java:1193)
  org.testng.internal.TestMethodWorker.invokeTestMethods(TestMethodWorker.java:126)
  org.testng.internal.TestMethodWorker.run(TestMethodWorker.java:109)
  org.testng.TestRunner.privateRun(TestRunner.java:744)
  org.testng.TestRunner.run(TestRunner.java:602)
  org.testng.SuiteRunner.runTest(SuiteRunner.java:380)
  org.testng.SuiteRunner.runSequentially(SuiteRunner.java:375)
  org.testng.SuiteRunner.privateRun(SuiteRunner.java:340)
  org.testng.SuiteRunner.run(SuiteRunner.java:289)
  org.testng.SuiteRunnerWorker.runSuite(SuiteRunnerWorker.java:52)
  org.testng.SuiteRunnerWorker.run(SuiteRunnerWorker.java:86)
  org.testng.TestNG.runSuitesSequentially(TestNG.java:1301)
  org.testng.TestNG.runSuitesLocally(TestNG.java:1226)
  org.testng.TestNG.runSuites(TestNG.java:1144)
  org.testng.TestNG.run(TestNG.java:1115)
  org.testng.TestNG.privateMain(TestNG.java:1442)
  org.testng.TestNG.main(TestNG.java:1411)
]]>
      </failure>

          </testcase>
      <testcase name="ROLE-05" time="0.442">
            <failure type="java.lang.AssertionError"
                  message="Expected value should contains &quot;Auto Role Edited  you have entered  is already in use&quot; : Actual value is &quot;Auto Role Edited  you have entered  is already in use&quot;"
              >
<![CDATA[java.lang.AssertionError: Expected value should contains "Auto Role Edited  you have entered  is already in use" : Actual value is "Auto Role Edited  you have entered  is already in use"
  com.tibco.rest.restAssured.Assertions.assertTrue(Assertions.java:166)
  com.tibco.rest.restAssured.Assertions.assertContains(Assertions.java:212)
  com.tibco.rest.test.DataDrivenTestCases.verifyResponse(DataDrivenTestCases.java:533)
  com.tibco.rest.test.DataDrivenTestCases.testcase(DataDrivenTestCases.java:352)
  sun.reflect.NativeMethodAccessorImpl.invoke0(Native Method)
  sun.reflect.NativeMethodAccessorImpl.invoke(Unknown Source)
  sun.reflect.DelegatingMethodAccessorImpl.invoke(Unknown Source)
  java.lang.reflect.Method.invoke(Unknown Source)
  org.testng.internal.MethodInvocationHelper.invokeMethod(MethodInvocationHelper.java:108)
  org.testng.internal.Invoker.invokeMethod(Invoker.java:661)
  org.testng.internal.Invoker.invokeTestMethod(Invoker.java:869)
  org.testng.internal.Invoker.invokeTestMethods(Invoker.java:1193)
  org.testng.internal.TestMethodWorker.invokeTestMethods(TestMethodWorker.java:126)
  org.testng.internal.TestMethodWorker.run(TestMethodWorker.java:109)
  org.testng.TestRunner.privateRun(TestRunner.java:744)
  org.testng.TestRunner.run(TestRunner.java:602)
  org.testng.SuiteRunner.runTest(SuiteRunner.java:380)
  org.testng.SuiteRunner.runSequentially(SuiteRunner.java:375)
  org.testng.SuiteRunner.privateRun(SuiteRunner.java:340)
  org.testng.SuiteRunner.run(SuiteRunner.java:289)
  org.testng.SuiteRunnerWorker.runSuite(SuiteRunnerWorker.java:52)
  org.testng.SuiteRunnerWorker.run(SuiteRunnerWorker.java:86)
  org.testng.TestNG.runSuitesSequentially(TestNG.java:1301)
  org.testng.TestNG.runSuitesLocally(TestNG.java:1226)
  org.testng.TestNG.runSuites(TestNG.java:1144)
  org.testng.TestNG.run(TestNG.java:1115)
  org.testng.TestNG.privateMain(TestNG.java:1442)
  org.testng.TestNG.main(TestNG.java:1411)
]]>
      </failure>

          </testcase>
      <testcase name="PROXYERROR-09" time="0.599">
            <failure type="Unknown"
                  message="Unknown"
              />
          </testcase>
      <testcase name="PARTNER-03" time="2.643">
            <failure type="Unknown"
                  message="Unknown"
              />
          </testcase>
      <testcase name="OB-OverrideOperationsBinding-tt1" time="0.500">
            <failure type="Unknown"
                  message="Unknown"
              />
          </testcase>
      <testcase name="PARTNER-Group01" time="1.490">
            <failure type="Unknown"
                  message="Unknown"
              />
          </testcase>
      <testcase name="OPERATION-10" time="0.568">
            <failure type="Unknown"
                  message="Unknown"
              />
          </testcase>
      <testcase name="OUTBOUNDTRANSPORT-09" time="1.588">
            <failure type="Unknown"
                  message="Unknown"
              />
          </testcase>
      <testcase name="UserGroup-10" time="0.846">
            <failure type="Unknown"
                  message="Unknown"
              />
          </testcase>
      <testcase name="PCCode3" time="1.294">
            <failure type="Unknown"
                  message="Unknown"
              />
          </testcase>
      <testcase name="OB-Delete-host-19" time="0.608">
            <failure type="Unknown"
                  message="Unknown"
              />
          </testcase>
      <testcase name="PROXY-5" time="0.400">
            <failure type="Unknown"
                  message="Unknown"
              />
          </testcase>
      <testcase name="CONTACT-08" time="0.717">
            <failure type="Unknown"
                  message="Unknown"
              />
          </testcase>
      <testcase name="USER-Group01" time="0.622">
            <failure type="Unknown"
                  message="Unknown"
              />
          </testcase>
      <testcase name="OPERATION-26" time="0.540">
            <failure type="Unknown"
                  message="Unknown"
              />
          </testcase>
      <testcase name="PROTOCOLBD-08" time="3.421">
            <failure type="Unknown"
                  message="Unknown"
              />
          </testcase>
      <testcase name="HOSTX12-02" time="0.729">
            <failure type="Unknown"
                  message="Unknown"
              />
          </testcase>
      <testcase name="PROTOCOLBINDINGSX12-02" time="2.270">
            <failure type="Unknown"
                  message="Unknown"
              />
          </testcase>
      <testcase name="LOCATION-03" time="0.410">
            <failure type="Unknown"
                  message="Unknown"
              />
          </testcase>
      <testcase name="OPERATIONS-RN020" time="0.431">
            <failure type="Unknown"
                  message="Unknown"
              />
          </testcase>
      <testcase name="OPERATION-15" time="0.377">
            <failure type="Unknown"
                  message="Unknown"
              />
          </testcase>
      <testcase name="PARTNERBA-01" time="1.455">
            <failure type="Unknown"
                  message="Unknown"
              />
          </testcase>
      <testcase name="PROTOCOLBDOUTBTRANS-05" time="2.604">
            <failure type="Unknown"
                  message="Unknown"
              />
          </testcase>
      <testcase name="PROTOCOLBINDINGS-03" time="0.703">
            <failure type="Unknown"
                  message="Unknown"
              />
          </testcase>
      <testcase name="PCCEC-08" time="0.463">
            <failure type="Unknown"
                  message="Unknown"
              />
          </testcase>
      <testcase name="PROXY-1" time="1.882">
            <failure type="Unknown"
                  message="Unknown"
              />
          </testcase>
      <testcase name="CONTACT-07" time="0.862">
            <failure type="Unknown"
                  message="Unknown"
              />
          </testcase>
      <testcase name="PROTOCOLBINDINGS-06" time="0.656">
            <failure type="Unknown"
                  message="Unknown"
              />
          </testcase>
      <testcase name="PROTOCOLBDBIZID-05" time="0.580">
            <failure type="Unknown"
                  message="Unknown"
              />
          </testcase>
      <testcase name="RosettaNetRoles-Create-1" time="1.200">
            <failure type="Unknown"
                  message="Unknown"
              />
          </testcase>
      <testcase name="PROXY-9" time="0.420">
            <failure type="Unknown"
                  message="Unknown"
              />
          </testcase>
      <testcase name="OPERATION-18" time="1.915">
            <failure type="Unknown"
                  message="Unknown"
              />
          </testcase>
      <testcase name="RosettaNetRoles-Search-5" time="0.435">
            <failure type="Unknown"
                  message="Unknown"
              />
          </testcase>
      <testcase name="DOMAINTYPE-09" time="1.213">
            <failure type="Unknown"
                  message="Unknown"
              />
          </testcase>
      <testcase name="IBTProtocol-8" time="1.618">
            <failure type="Unknown"
                  message="Unknown"
              />
          </testcase>
      <testcase name="PARTNERBA-03" time="0.431">
            <failure type="Unknown"
                  message="Unknown"
              />
          </testcase>
      <testcase name="PROXYERROR-08" time="0.529">
            <failure type="Unknown"
                  message="Unknown"
              />
          </testcase>
      <testcase name="OPERATIONS-RN027" time="0.349">
            <failure type="Unknown"
                  message="Unknown"
              />
          </testcase>
      <testcase name="OPERATION-32" time="0.616">
            <failure type="Unknown"
                  message="Unknown"
              />
          </testcase>
      <testcase name="DOMAINTYPERN-02" time="1.278">
            <failure type="Unknown"
                  message="Unknown"
              />
          </testcase>
      <testcase name="DOMAINTYPERN-08" time="1.168">
            <failure type="Unknown"
                  message="Unknown"
              />
          </testcase>
      <testcase name="BIZAGREEMENT-20" time="1.691">
            <failure type="Unknown"
                  message="Unknown"
              />
          </testcase>
      <testcase name="ENABLEDPROTOCOLBA-01" time="2.263">
            <failure type="Unknown"
                  message="Unknown"
              />
          </testcase>
      <testcase name="PCCode4" time="0.411">
            <failure type="Unknown"
                  message="Unknown"
              />
          </testcase>
      <testcase name="SR-01" time="1.849">
            <failure type="Unknown"
                  message="Unknown"
              />
          </testcase>
      <testcase name="TOutbound11" time="0.490">
            <failure type="Unknown"
                  message="Unknown"
              />
          </testcase>
      <testcase name="PROTOCOLBD-04" time="2.531">
            <failure type="Unknown"
                  message="Unknown"
              />
          </testcase>
      <testcase name="USER-07" time="0.697">
            <failure type="Unknown"
                  message="Unknown"
              />
          </testcase>
      <testcase name="IBTProtocol-1" time="3.246">
            <failure type="Unknown"
                  message="Unknown"
              />
          </testcase>
      <testcase name="HOSTX12-01" time="2.051">
            <failure type="Unknown"
                  message="Unknown"
              />
          </testcase>
      <testcase name="HOSTBA-03" time="0.382">
            <failure type="Unknown"
                  message="Unknown"
              />
          </testcase>
      <testcase name="OPERATIONS-RN012" time="0.395">
            <failure type="Unknown"
                  message="Unknown"
              />
          </testcase>
      <testcase name="USER-01" time="0.954">
            <failure type="Unknown"
                  message="Unknown"
              />
          </testcase>
      <testcase name="GSInfor-2" time="0.434">
            <failure type="Unknown"
                  message="Unknown"
              />
          </testcase>
      <testcase name="OPERATIONS-RN023" time="0.422">
            <failure type="Unknown"
                  message="Unknown"
              />
          </testcase>
      <testcase name="RosettaNetRoles-GetAll-7" time="1.042">
            <failure type="Unknown"
                  message="Unknown"
              />
          </testcase>
      <testcase name="BUSINESSAGREEMENTX12-02" time="0.675">
            <failure type="Unknown"
                  message="Unknown"
              />
          </testcase>
      <testcase name="OPERATIONS-RN009" time="0.640">
            <failure type="Unknown"
                  message="Unknown"
              />
          </testcase>
      <testcase name="HOST-04" time="0.493">
            <failure type="Unknown"
                  message="Unknown"
              />
          </testcase>
      <testcase name="SR-06" time="0.485">
            <failure type="Unknown"
                  message="Unknown"
              />
          </testcase>
      <testcase name="USER-10" time="0.337">
            <failure type="Unknown"
                  message="Unknown"
              />
          </testcase>
      <testcase name="OUTBOUNDTRANSPORT-02" time="0.535">
            <failure type="Unknown"
                  message="Unknown"
              />
          </testcase>
      <testcase name="MsgBus-5" time="1.627">
            <failure type="Unknown"
                  message="Unknown"
              />
          </testcase>
      <testcase name="SR-20" time="0.490">
            <failure type="Unknown"
                  message="Unknown"
              />
          </testcase>
      <testcase name="OBRN-OperationsNotifytransaction" time="2.660">
            <failure type="Unknown"
                  message="Unknown"
              />
          </testcase>
      <testcase name="RBERROR-02" time="3.423">
            <failure type="Unknown"
                  message="Unknown"
              />
          </testcase>
      <testcase name="PROTOCOLBINDINGS-05" time="1.948">
            <failure type="Unknown"
                  message="Unknown"
              />
          </testcase>
      <testcase name="OPERATIONS-RN026" time="0.418">
            <failure type="Unknown"
                  message="Unknown"
              />
          </testcase>
      <testcase name="INBOUNDTRANSPORT-01" time="0.499">
            <failure type="Unknown"
                  message="Unknown"
              />
          </testcase>
      <testcase name="OB-CreateBizAgre-7" time="1.533">
            <failure type="Unknown"
                  message="Unknown"
              />
          </testcase>
      <testcase name="DOMAINPAIRSRN-03" time="1.369">
            <failure type="Unknown"
                  message="Unknown"
              />
          </testcase>
      <testcase name="UserGroup-05" time="0.589">
            <failure type="Unknown"
                  message="Unknown"
              />
          </testcase>
      <testcase name="OPERATIOn-12" time="0.587">
            <failure type="Unknown"
                  message="Unknown"
              />
          </testcase>
      <testcase name="DOMAINPAIRSRN-01" time="0.599">
            <failure type="Unknown"
                  message="Unknown"
              />
          </testcase>
      <testcase name="ENABLEDPROTOCOLX12-01" time="2.432">
            <failure type="Unknown"
                  message="Unknown"
              />
          </testcase>
      <testcase name="RosettaNetRoles-Delete-15" time="0.474">
            <failure type="Unknown"
                  message="Unknown"
              />
          </testcase>
      <testcase name="SR-13" time="1.721">
            <failure type="Unknown"
                  message="Unknown"
              />
          </testcase>
      <testcase name="PROXY-10" time="0.488">
            <failure type="Unknown"
                  message="Unknown"
              />
          </testcase>
      <testcase name="DOMAINPAIRSX12-05" time="1.316">
            <failure type="Unknown"
                  message="Unknown"
              />
          </testcase>
      <testcase name="PROTOCOLBINDINGS-21" time="1.932">
            <failure type="Unknown"
                  message="Unknown"
              />
          </testcase>
      <testcase name="PARTNER-Group03" time="0.734">
            <failure type="Unknown"
                  message="Unknown"
              />
          </testcase>
      <testcase name="OPERATIONS-RN017" time="4.154">
            <failure type="Unknown"
                  message="Unknown"
              />
          </testcase>
      <testcase name="BIZAGREEMENT-04" time="1.493">
            <failure type="Unknown"
                  message="Unknown"
              />
          </testcase>
      <testcase name="OUTBOUNDTRANSPORT-03" time="0.436">
            <failure type="Unknown"
                  message="Unknown"
              />
          </testcase>
      <testcase name="GSInfor-1" time="0.842">
            <failure type="Unknown"
                  message="Unknown"
              />
          </testcase>
      <testcase name="UserGroup-07" time="0.539">
            <failure type="Unknown"
                  message="Unknown"
              />
          </testcase>
      <testcase name="ROLE-08" time="1.222">
            <failure type="Unknown"
                  message="Unknown"
              />
          </testcase>
      <testcase name="ENABLEDPROTOCOL-12" time="0.343">
            <failure type="Unknown"
                  message="Unknown"
              />
          </testcase>
      <testcase name="DOMAINPAIRSRN-05" time="1.511">
            <failure type="Unknown"
                  message="Unknown"
              />
          </testcase>
      <testcase name="PCCEC-13" time="0.637">
            <failure type="Unknown"
                  message="Unknown"
              />
          </testcase>
      <testcase name="OB-EnableProtocol-8" time="2.713">
            <failure type="Unknown"
                  message="Unknown"
              />
          </testcase>
      <testcase name="OB-OverrideOperationsBinding-ost1" time="0.507">
            <failure type="Unknown"
                  message="Unknown"
              />
          </testcase>
      <testcase name="OBRN-CreateOperationBinding" time="1.676">
            <failure type="Unknown"
                  message="Unknown"
              />
          </testcase>
      <testcase name="IBTProtocol-10" time="1.863">
            <failure type="Unknown"
                  message="Unknown"
              />
          </testcase>
      <testcase name="PARTNERX12-01" time="1.570">
            <failure type="Unknown"
                  message="Unknown"
              />
          </testcase>
      <testcase name="OB-OverrideOperationsBinding-tt2" time="0.547">
            <failure type="Unknown"
                  message="Unknown"
              />
          </testcase>
      <testcase name="PROTOCOLBINDINGS-01" time="2.370">
            <failure type="Unknown"
                  message="Unknown"
              />
          </testcase>
      <testcase name="PCCode6" time="0.326">
            <failure type="Unknown"
                  message="Unknown"
              />
          </testcase>
      <testcase name="TOutbound14" time="0.510">
            <failure type="Unknown"
                  message="Unknown"
              />
          </testcase>
      <testcase name="OB-OverrideOperationsBinding-ast2" time="0.515">
            <failure type="Unknown"
                  message="Unknown"
              />
          </testcase>
      <testcase name="USER-11" time="0.483">
            <failure type="Unknown"
                  message="Unknown"
              />
          </testcase>
      <testcase name="OPERATIONS-RN006" time="3.500">
            <failure type="Unknown"
                  message="Unknown"
              />
          </testcase>
      <testcase name="OPERATIONS-RN016" time="2.935">
            <failure type="Unknown"
                  message="Unknown"
              />
          </testcase>
      <testcase name="PCCEC-01" time="1.560">
            <failure type="Unknown"
                  message="Unknown"
              />
          </testcase>
      <testcase name="IBTProtocol-9" time="1.897">
            <failure type="Unknown"
                  message="Unknown"
              />
          </testcase>
      <testcase name="OB-EnableProtocol-7" time="3.512">
            <failure type="Unknown"
                  message="Unknown"
              />
          </testcase>
      <testcase name="UserGroup-12" time="0.474">
            <failure type="Unknown"
                  message="Unknown"
              />
          </testcase>
      <testcase name="OPERATION-30" time="0.519">
            <failure type="Unknown"
                  message="Unknown"
              />
          </testcase>
      <testcase name="USER-Group02" time="0.657">
            <failure type="Unknown"
                  message="Unknown"
              />
          </testcase>
      <testcase name="SR-04" time="0.729">
            <failure type="Unknown"
                  message="Unknown"
              />
          </testcase>
      <testcase name="SR-08" time="0.551">
            <failure type="Unknown"
                  message="Unknown"
              />
          </testcase>
      <testcase name="OBRN-Delete Host" time="0.615">
            <failure type="Unknown"
                  message="Unknown"
              />
          </testcase>
      <testcase name="OB-Delete-Operation-17" time="0.427">
            <failure type="Unknown"
                  message="Unknown"
              />
          </testcase>
      <testcase name="EnableRNProtocol-9" time="3.715">
            <failure type="Unknown"
                  message="Unknown"
              />
          </testcase>
      <testcase name="OB-EnableProtocol-6" time="2.304">
            <failure type="Unknown"
                  message="Unknown"
              />
          </testcase>
      <testcase name="RolesBinding-Search-11" time="0.446">
            <failure type="Unknown"
                  message="Unknown"
              />
          </testcase>
      <testcase name="OB-Create-operation-2" time="0.532">
            <failure type="Unknown"
                  message="Unknown"
              />
          </testcase>
      <testcase name="OB-Delete-BZAgreement-18" time="0.610">
            <failure type="Unknown"
                  message="Unknown"
              />
          </testcase>
      <testcase name="PARTNER-04" time="0.432">
            <failure type="Unknown"
                  message="Unknown"
              />
          </testcase>
      <testcase name="MsgBus-3" time="2.208">
            <failure type="Unknown"
                  message="Unknown"
              />
          </testcase>
      <testcase name="OB-Create-operation-1" time="1.665">
            <failure type="Unknown"
                  message="Unknown"
              />
          </testcase>
      <testcase name="USER-08" time="0.715">
            <failure type="Unknown"
                  message="Unknown"
              />
          </testcase>
      <testcase name="RBERROR-05" time="0.345">
            <failure type="Unknown"
                  message="Unknown"
              />
          </testcase>
      <testcase name="PROXY-16" time="1.804">
            <failure type="Unknown"
                  message="Unknown"
              />
          </testcase>
      <testcase name="INSTALLED PROTOCOLS-01" time="0.485">
            <failure type="Unknown"
                  message="Unknown"
              />
          </testcase>
      <testcase name="RN-CreatePARTNER-8" time="1.630">
            <failure type="Unknown"
                  message="Unknown"
              />
          </testcase>
      <testcase name="OB-CreateProtocolBind-10" time="2.396">
            <failure type="Unknown"
                  message="Unknown"
              />
          </testcase>
      <testcase name="ROLE-08" time="0.508">
            <failure type="Unknown"
                  message="Unknown"
              />
          </testcase>
      <testcase name="OB-CreateProtocolBind-10" time="2.696">
            <failure type="Unknown"
                  message="Unknown"
              />
          </testcase>
      <testcase name="OUTBOUNDTRANSPORT-07" time="0.431">
            <failure type="Unknown"
                  message="Unknown"
              />
          </testcase>
      <testcase name="OPERATIONS-RN010" time="0.440">
            <failure type="Unknown"
                  message="Unknown"
              />
          </testcase>
      <testcase name="SCC-07" time="0.372">
            <failure type="Unknown"
                  message="Unknown"
              />
          </testcase>
      <testcase name="CONTACT-04" time="1.573">
            <failure type="Unknown"
                  message="Unknown"
              />
          </testcase>
      <testcase name="OB-Delete-Operation-12" time="0.695">
            <failure type="Unknown"
                  message="Unknown"
              />
          </testcase>
      <testcase name="DOMAINTYPERN-07" time="0.561">
            <failure type="Unknown"
                  message="Unknown"
              />
          </testcase>
      <testcase name="SCC-02" time="0.487">
            <failure type="Unknown"
                  message="Unknown"
              />
          </testcase>
      <testcase name="PROXYERROR-07" time="1.636">
            <failure type="Unknown"
                  message="Unknown"
              />
          </testcase>
      <testcase name="OB-CreateProtocolBind-9" time="2.341">
            <failure type="Unknown"
                  message="Unknown"
              />
          </testcase>
      <testcase name="ROLE-02" time="0.662">
            <failure type="Unknown"
                  message="Unknown"
              />
          </testcase>
      <testcase name="UserGroup-06" time="0.357">
            <failure type="Unknown"
                  message="Unknown"
              />
          </testcase>
      <testcase name="ENABLEDPROTOCOL-30" time="3.607">
            <failure type="Unknown"
                  message="Unknown"
              />
          </testcase>
      <testcase name="SR-23" time="0.464">
            <failure type="Unknown"
                  message="Unknown"
              />
          </testcase>
      <testcase name="OPERATIONS-RN003" time="0.706">
            <failure type="Unknown"
                  message="Unknown"
              />
          </testcase>
      <testcase name="OPERATION-13" time="0.745">
            <failure type="Unknown"
                  message="Unknown"
              />
          </testcase>
      <testcase name="OB-Host-4" time="1.102">
            <failure type="Unknown"
                  message="Unknown"
              />
          </testcase>
      <testcase name="OPERATIONS-RN007" time="0.421">
            <failure type="Unknown"
                  message="Unknown"
              />
          </testcase>
      <testcase name="SR-10" time="0.472">
            <failure type="Unknown"
                  message="Unknown"
              />
          </testcase>
      <testcase name="DOMAINTYPERN-01" time="1.245">
            <failure type="Unknown"
                  message="Unknown"
              />
          </testcase>
      <testcase name="OPERATION-08" time="0.822">
            <failure type="Unknown"
                  message="Unknown"
              />
          </testcase>
      <testcase name="PROXY-11" time="1.702">
            <failure type="Unknown"
                  message="Unknown"
              />
          </testcase>
      <testcase name="THOST23" time="0.715">
            <failure type="Unknown"
                  message="Unknown"
              />
          </testcase>
      <testcase name="ROLE-04" time="0.615">
            <failure type="Unknown"
                  message="Unknown"
              />
          </testcase>
      <testcase name="OB-CreateProtocolBind-9" time="2.939">
            <failure type="Unknown"
                  message="Unknown"
              />
          </testcase>
      <testcase name="DOMAINPAIRSRN-02" time="1.165">
            <failure type="Unknown"
                  message="Unknown"
              />
          </testcase>
      <testcase name="LOCATION-04" time="1.770">
            <failure type="Unknown"
                  message="Unknown"
              />
          </testcase>
      <testcase name="PROXY-22" time="0.400">
            <failure type="Unknown"
                  message="Unknown"
              />
          </testcase>
      <testcase name="PCCEC-09" time="0.345">
            <failure type="Unknown"
                  message="Unknown"
              />
          </testcase>
      <testcase name="DOMAINTYPE-05" time="0.430">
            <failure type="Unknown"
                  message="Unknown"
              />
          </testcase>
      <testcase name="GatewayService-5" time="0.625">
            <failure type="Unknown"
                  message="Unknown"
              />
          </testcase>
      <testcase name="USER-16" time="0.397">
            <failure type="Unknown"
                  message="Unknown"
              />
          </testcase>
      <testcase name="BAErrorCode-02" time="1.611">
            <failure type="Unknown"
                  message="Unknown"
              />
          </testcase>
      <testcase name="OPERATION-29" time="0.599">
            <failure type="Unknown"
                  message="Unknown"
              />
          </testcase>
      <testcase name="RolesBinding-Create-10" time="1.519">
            <failure type="Unknown"
                  message="Unknown"
              />
          </testcase>
      <testcase name="RolesBinding-Search-12" time="0.500">
            <failure type="Unknown"
                  message="Unknown"
              />
          </testcase>
      <testcase name="SR-17" time="0.407">
            <failure type="Unknown"
                  message="Unknown"
              />
          </testcase>
      <testcase name="LOCATION-05" time="0.514">
            <failure type="Unknown"
                  message="Unknown"
              />
          </testcase>
      <testcase name="PCCEC-14" time="0.373">
            <failure type="Unknown"
                  message="Unknown"
              />
          </testcase>
      <testcase name="PROXY-14" time="0.387">
            <failure type="Unknown"
                  message="Unknown"
              />
          </testcase>
      <testcase name="TEnableProtocolHost3" time="2.562">
            <failure type="Unknown"
                  message="Unknown"
              />
          </testcase>
      <testcase name="PROXY-8" time="1.490">
            <failure type="Unknown"
                  message="Unknown"
              />
          </testcase>
      <testcase name="HOSTBA-02" time="1.808">
            <failure type="Unknown"
                  message="Unknown"
              />
          </testcase>
      <testcase name="SR-09" time="0.530">
            <failure type="Unknown"
                  message="Unknown"
              />
          </testcase>
      <testcase name="DOMAINTYPE-04" time="1.300">
            <failure type="Unknown"
                  message="Unknown"
              />
          </testcase>
      <testcase name="OB-Delete-partner-20" time="0.566">
            <failure type="Unknown"
                  message="Unknown"
              />
          </testcase>
      <testcase name="BAErrorCode-03" time="1.273">
            <failure type="Unknown"
                  message="Unknown"
              />
          </testcase>
      <testcase name="OB-Create-Syncoperation-3" time="2.331">
            <failure type="Unknown"
                  message="Unknown"
              />
          </testcase>
      <testcase name="LOCATION-06" time="0.594">
            <failure type="Unknown"
                  message="Unknown"
              />
          </testcase>
      <testcase name="LOCATION-01" time="2.414">
            <failure type="Unknown"
                  message="Unknown"
              />
          </testcase>
      <testcase name="LOCATION-08" time="0.410">
            <failure type="Unknown"
                  message="Unknown"
              />
          </testcase>
      <testcase name="ENABLEDPROTOCOLX12-04" time="0.492">
            <failure type="Unknown"
                  message="Unknown"
              />
          </testcase>
      <testcase name="USER-19" time="0.649">
            <failure type="Unknown"
                  message="Unknown"
              />
          </testcase>
      <testcase name="DOMAINPAIRSRN-06" time="0.459">
            <failure type="Unknown"
                  message="Unknown"
              />
          </testcase>
      <testcase name="SCC-01" time="1.736">
            <failure type="Unknown"
                  message="Unknown"
              />
          </testcase>
      <testcase name="OB-Create-operation-1" time="0.781">
            <failure type="Unknown"
                  message="Unknown"
              />
          </testcase>
      <testcase name="TOutbound12" time="2.613">
            <failure type="Unknown"
                  message="Unknown"
              />
          </testcase>
      <testcase name="IBTProtocol-6" time="1.646">
            <failure type="Unknown"
                  message="Unknown"
              />
          </testcase>
      <testcase name="PROXYERROR-09" time="0.599">
            <failure type="Unknown"
                  message="Unknown"
              />
          </testcase>
      <testcase name="SR-14" time="0.491">
            <failure type="Unknown"
                  message="Unknown"
              />
          </testcase>
      <testcase name="PCCEC-03" time="1.936">
            <failure type="Unknown"
                  message="Unknown"
              />
          </testcase>
      <testcase name="ENABLEDPROTOCOLX12-09" time="0.514">
            <failure type="Unknown"
                  message="Unknown"
              />
          </testcase>
      <testcase name="SCC-04" time="0.671">
            <failure type="Unknown"
                  message="Unknown"
              />
          </testcase>
      <testcase name="BIZAGREEMENT-05" time="0.496">
            <failure type="Unknown"
                  message="Unknown"
              />
          </testcase>
      <testcase name="SCC-06" time="0.495">
            <failure type="Unknown"
                  message="Unknown"
              />
          </testcase>
      <testcase name="LOCATION-02" time="0.442">
            <failure type="Unknown"
                  message="Unknown"
              />
          </testcase>
      <testcase name="PROXY-24" time="0.424">
            <failure type="Unknown"
                  message="Unknown"
              />
          </testcase>
      <testcase name="OB-Delete-host-15" time="0.733">
            <failure type="Unknown"
                  message="Unknown"
              />
          </testcase>
      <testcase name="OB-Outboundtrans-10" time="1.618">
            <failure type="Unknown"
                  message="Unknown"
              />
          </testcase>
      <testcase name="BIZAGREEMENT-03" time="0.604">
            <failure type="Unknown"
                  message="Unknown"
              />
          </testcase>
      <testcase name="ENABLEDPROTOCOLX12-06" time="0.505">
            <failure type="Unknown"
                  message="Unknown"
              />
          </testcase>
      <testcase name="RBERROR-06" time="0.665">
            <failure type="Unknown"
                  message="Unknown"
              />
          </testcase>
      <testcase name="HOST-03" time="1.611">
            <failure type="Unknown"
                  message="Unknown"
              />
          </testcase>
      <testcase name="PROTOCOLBD-07" time="2.596">
            <failure type="Unknown"
                  message="Unknown"
              />
          </testcase>
      <testcase name="PROXY-4" time="0.527">
            <failure type="Unknown"
                  message="Unknown"
              />
          </testcase>
      <testcase name="PROTOCOLBINDINGS-20" time="1.965">
            <failure type="Unknown"
                  message="Unknown"
              />
          </testcase>
      <testcase name="HOST-02" time="0.597">
            <failure type="Unknown"
                  message="Unknown"
              />
          </testcase>
      <testcase name="USER-12" time="0.656">
            <failure type="Unknown"
                  message="Unknown"
              />
          </testcase>
      <testcase name="ENABLEDPROTOCOL-04" time="0.395">
            <failure type="Unknown"
                  message="Unknown"
              />
          </testcase>
      <testcase name="DOMAINPAIRS-07" time="0.549">
            <failure type="Unknown"
                  message="Unknown"
              />
          </testcase>
      <testcase name="OPERATION-21" time="2.069">
            <failure type="Unknown"
                  message="Unknown"
              />
          </testcase>
      <testcase name="OPERATION-27" time="0.502">
            <failure type="Unknown"
                  message="Unknown"
              />
          </testcase>
      <testcase name="OB-Delete-Operation-13" time="0.562">
            <failure type="Unknown"
                  message="Unknown"
              />
          </testcase>
      <testcase name="PROXY-18" time="1.669">
            <failure type="Unknown"
                  message="Unknown"
              />
          </testcase>
      <testcase name="CONTACT-03" time="1.815">
            <failure type="Unknown"
                  message="Unknown"
              />
          </testcase>
      <testcase name="DOMAINTYPERN-06" time="0.442">
            <failure type="Unknown"
                  message="Unknown"
              />
          </testcase>
      <testcase name="PARTNER-Group04" time="0.460">
            <failure type="Unknown"
                  message="Unknown"
              />
          </testcase>
      <testcase name="OPERATIONS-RN015" time="1.435">
            <failure type="Unknown"
                  message="Unknown"
              />
          </testcase>
      <testcase name="RBERROR-04" time="1.283">
            <failure type="Unknown"
                  message="Unknown"
              />
          </testcase>
      <testcase name="SCC-03" time="1.400">
            <failure type="Unknown"
                  message="Unknown"
              />
          </testcase>
      <testcase name="DOMAINPAIRSX12-03" time="1.635">
            <failure type="Unknown"
                  message="Unknown"
              />
          </testcase>
      <testcase name="PROXY-21" time="1.427">
            <failure type="Unknown"
                  message="Unknown"
              />
          </testcase>
      <testcase name="OPERATIONS-RN011" time="0.460">
            <failure type="Unknown"
                  message="Unknown"
              />
          </testcase>
      <testcase name="SR-21" time="0.525">
            <failure type="Unknown"
                  message="Unknown"
              />
          </testcase>
      <testcase name="TOutbound6" time="2.265">
            <failure type="Unknown"
                  message="Unknown"
              />
          </testcase>
      <testcase name="INBOUNDTRANSPORT-03" time="0.496">
            <failure type="Unknown"
                  message="Unknown"
              />
          </testcase>
      <testcase name="ENABLEDPROTOCOL-09" time="0.415">
            <failure type="Unknown"
                  message="Unknown"
              />
          </testcase>
      <testcase name="CONTACT-06" time="0.836">
            <failure type="Unknown"
                  message="Unknown"
              />
          </testcase>
      <testcase name="OPERATION-03" time="0.499">
            <failure type="Unknown"
                  message="Unknown"
              />
          </testcase>
      <testcase name="ENABLEDPROTOCOLX12-03" time="1.732">
            <failure type="Unknown"
                  message="Unknown"
              />
          </testcase>
      <testcase name="DOMAINTYPERN-04" time="0.452">
            <failure type="Unknown"
                  message="Unknown"
              />
          </testcase>
      <testcase name="IBTProtocol-5" time="1.690">
            <failure type="Unknown"
                  message="Unknown"
              />
          </testcase>
      <testcase name="OPERATION-19" time="3.128">
            <failure type="Unknown"
                  message="Unknown"
              />
          </testcase>
      <testcase name="TOutbound16" time="0.593">
            <failure type="Unknown"
                  message="Unknown"
              />
          </testcase>
      <testcase name="DOMAINTYPE-06" time="0.496">
            <failure type="Unknown"
                  message="Unknown"
              />
          </testcase>
      <testcase name="PCCEC-04" time="2.228">
            <failure type="Unknown"
                  message="Unknown"
              />
          </testcase>
      <testcase name="UserGroup-08" time="0.489">
            <failure type="Unknown"
                  message="Unknown"
              />
          </testcase>
      <testcase name="DOMAINTYPE-08" time="0.571">
            <failure type="Unknown"
[...]
            <failure type="Unknown"
                  message="Unknown"
              />
          </testcase>
      <testcase name="GatewayService-3" time="2.258">
            <failure type="Unknown"
                  message="Unknown"
              />
          </testcase>
      <testcase name="UserGroup-03" time="0.531">
            <failure type="Unknown"
                  message="Unknown"
              />
          </testcase>
      <testcase name="SR-11" time="0.446">
            <failure type="Unknown"
                  message="Unknown"
              />
          </testcase>
      <testcase name="OPERATION-07" time="2.690">
            <failure type="Unknown"
                  message="Unknown"
              />
          </testcase>
      <testcase name="OPERATIONS-RN025" time="0.708">
            <failure type="Unknown"
                  message="Unknown"
              />
          </testcase>
      <testcase name="PARTNERLOCATION-01" time="1.633">
            <failure type="Unknown"
                  message="Unknown"
              />
          </testcase>
      <testcase name="PROTOCOLBDBIZID-04" time="1.561">
            <failure type="Unknown"
                  message="Unknown"
              />
          </testcase>
      <testcase name="SR-05" time="0.546">
            <failure type="Unknown"
                  message="Unknown"
              />
          </testcase>
      <testcase name="PROXY-2" time="0.478">
            <failure type="Unknown"
                  message="Unknown"
              />
          </testcase>
      <testcase name="ENABLEDPROTOCOL-01" time="2.167">
            <failure type="Unknown"
                  message="Unknown"
              />
          </testcase>
      <testcase name="DOMAINPAIRSX12-04" time="1.553">
            <failure type="Unknown"
                  message="Unknown"
              />
          </testcase>
      <testcase name="OB-Create-Syncoperation-3" time="2.043">
            <failure type="Unknown"
                  message="Unknown"
              />
          </testcase>
      <testcase name="OPERATION-22" time="1.692">
            <failure type="Unknown"
                  message="Unknown"
              />
          </testcase>
      <testcase name="USER-14" time="0.536">
            <failure type="Unknown"
                  message="Unknown"
              />
          </testcase>
      <testcase name="BIZAGREEMENT-02" time="1.367">
            <failure type="Unknown"
                  message="Unknown"
              />
          </testcase>
      <testcase name="BAErrorCode-05" time="0.375">
            <failure type="Unknown"
                  message="Unknown"
              />
          </testcase>
      <testcase name="SR-07" time="1.594">
            <failure type="Unknown"
                  message="Unknown"
              />
          </testcase>
      <testcase name="OPERATIONS-RN004" time="0.421">
            <failure type="Unknown"
                  message="Unknown"
              />
          </testcase>
      <testcase name="OPERATION-02" time="0.773">
            <failure type="Unknown"
                  message="Unknown"
              />
          </testcase>
      <testcase name="OB-CreateProtocolBind-10" time="2.301">
            <failure type="Unknown"
                  message="Unknown"
              />
          </testcase>
      <testcase name="RBERROR-03" time="1.422">
            <failure type="Unknown"
                  message="Unknown"
              />
          </testcase>
      <testcase name="DOMAINTYPERN-03" time="0.417">
            <failure type="Unknown"
                  message="Unknown"
              />
          </testcase>
      <testcase name="PARTNER-21" time="0.754">
            <failure type="Unknown"
                  message="Unknown"
              />
          </testcase>
      <testcase name="PROXY-19" time="0.460">
            <failure type="Unknown"
                  message="Unknown"
              />
          </testcase>
      <testcase name="OBRN-Delete Partner" time="0.617">
            <failure type="Unknown"
                  message="Unknown"
              />
          </testcase>
      <testcase name="DOMAINPAIRS-08" time="0.628">
            <failure type="Unknown"
                  message="Unknown"
              />
          </testcase>
      <testcase name="IBTProtocol-3" time="1.567">
            <failure type="Unknown"
                  message="Unknown"
              />
          </testcase>
      <testcase name="TPartner22" time="0.726">
            <failure type="Unknown"
                  message="Unknown"
              />
          </testcase>
      <testcase name="OUTBOUNDTRANSPORT-20" time="2.836">
            <failure type="Unknown"
                  message="Unknown"
              />
          </testcase>
      <testcase name="OB-CreateProtocolBind-11" time="2.931">
            <failure type="Unknown"
                  message="Unknown"
              />
          </testcase>
      <testcase name="IBTProtocol-11" time="1.662">
            <failure type="Unknown"
                  message="Unknown"
              />
          </testcase>
      <testcase name="OBRN-Delete operation node0" time="0.394">
            <failure type="Unknown"
                  message="Unknown"
              />
          </testcase>
      <testcase name="OPERATION-24" time="0.494">
            <failure type="Unknown"
                  message="Unknown"
              />
          </testcase>
      <testcase name="PROTOCOLBINDINGS-04" time="1.197">
            <failure type="Unknown"
                  message="Unknown"
              />
          </testcase>
      <testcase name="OB-Host-4" time="0.946">
            <failure type="Unknown"
                  message="Unknown"
              />
          </testcase>
      <testcase name="OBRN-DeleteOperationBinding" time="0.920">
            <failure type="Unknown"
                  message="Unknown"
              />
          </testcase>
      <testcase name="UserGroup-01" time="0.754">
            <failure type="Unknown"
                  message="Unknown"
              />
          </testcase>
      <testcase name="OB-CreateBizAgre-7" time="1.504">
            <failure type="Unknown"
                  message="Unknown"
              />
          </testcase>
      <testcase name="IBTProtocol-4" time="1.521">
            <failure type="Unknown"
                  message="Unknown"
              />
          </testcase>
      <testcase name="PROXY-17" time="0.432">
            <failure type="Unknown"
                  message="Unknown"
              />
          </testcase>
      <testcase name="PROXY-7" time="0.427">
            <failure type="Unknown"
                  message="Unknown"
              />
          </testcase>
      <testcase name="DOMAINTYPE-03" time="0.509">
            <failure type="Unknown"
                  message="Unknown"
              />
          </testcase>
      <testcase name="PCCEC-12" time="0.375">
            <failure type="Unknown"
                  message="Unknown"
              />
          </testcase>
      <testcase name="ROLE-06" time="0.464">
            <failure type="Unknown"
                  message="Unknown"
              />
          </testcase>
      <testcase name="PARTNERX12-02" time="0.830">
            <failure type="Unknown"
                  message="Unknown"
              />
          </testcase>
      <testcase name="PARTNER-11" time="0.682">
            <failure type="Unknown"
                  message="Unknown"
              />
          </testcase>
      <testcase name="PROXY-15" time="0.379">
            <failure type="Unknown"
                  message="Unknown"
              />
          </testcase>
      <testcase name="DOMAINPAIRSRN-04" time="0.502">
            <failure type="Unknown"
                  message="Unknown"
              />
          </testcase>
      <testcase name="INBOUNDTRANSPORT-04" time="0.395">
            <failure type="Unknown"
                  message="Unknown"
              />
          </testcase>
      <testcase name="OPERATION-04" time="0.695">
            <failure type="Unknown"
                  message="Unknown"
              />
          </testcase>
      <testcase name="USER-07" time="0.523">
            <failure type="Unknown"
                  message="Unknown"
              />
          </testcase>
      <testcase name="ENABLEDPROTOCOL-20" time="2.241">
            <failure type="Unknown"
                  message="Unknown"
              />
          </testcase>
      <testcase name="USER-18" time="0.411">
            <failure type="Unknown"
                  message="Unknown"
              />
          </testcase>
      <testcase name="RNROLEERROR-04" time="0.531">
            <failure type="Unknown"
                  message="Unknown"
              />
          </testcase>
      <testcase name="PARTNERBA-02" time="1.995">
            <failure type="Unknown"
                  message="Unknown"
              />
          </testcase>
      <testcase name="USER-07" time="0.480">
            <failure type="Unknown"
                  message="Unknown"
              />
          </testcase>
      <testcase name="OB-Create-operation-2" time="0.721">
            <failure type="Unknown"
                  message="Unknown"
              />
          </testcase>
      <testcase name="TEnableProtocolPartner4" time="3.551">
            <failure type="Unknown"
                  message="Unknown"
              />
          </testcase>
      <testcase name="OBRN-Host" time="1.998">
            <failure type="Unknown"
                  message="Unknown"
              />
          </testcase>
      <testcase name="IBTProtocol-2" time="2.629">
            <failure type="Unknown"
                  message="Unknown"
              />
          </testcase>
      <testcase name="USER-03" time="0.547">
            <failure type="Unknown"
                  message="Unknown"
              />
          </testcase>
      <testcase name="SR-18" time="0.514">
            <failure type="Unknown"
                  message="Unknown"
              />
          </testcase>
      <testcase name="OPERATION-01" time="2.513">
            <failure type="Unknown"
                  message="Unknown"
              />
          </testcase>
      <testcase name="ROLE-01" time="0.642">
            <failure type="Unknown"
                  message="Unknown"
              />
          </testcase>
      <testcase name="PARTNER-01" time="1.309">
            <failure type="Unknown"
                  message="Unknown"
              />
          </testcase>
      <testcase name="PROTOCOLBINDINGSX12-05" time="0.766">
            <failure type="Unknown"
                  message="Unknown"
              />
          </testcase>
      <testcase name="OUTBOUNDTRANSPORT-01" time="2.834">
            <failure type="Unknown"
                  message="Unknown"
              />
          </testcase>
      <testcase name="DOMAINPAIRS-04" time="0.513">
            <failure type="Unknown"
                  message="Unknown"
              />
          </testcase>
      <testcase name="TOutbound15" time="0.621">
            <failure type="Unknown"
                  message="Unknown"
              />
          </testcase>
      <testcase name="INSTALLED PROTOCOLS-02" time="1.389">
            <failure type="Unknown"
                  message="Unknown"
              />
          </testcase>
      <testcase name="PROTOCOLBINDINGSX12-03" time="1.113">
            <failure type="Unknown"
                  message="Unknown"
              />
          </testcase>
      <testcase name="RosettaNetRoles-Search-6" time="0.364">
            <failure type="Unknown"
                  message="Unknown"
              />
          </testcase>
      <testcase name="BIZAGREEMENT-07" time="0.657">
            <failure type="Unknown"
                  message="Unknown"
              />
          </testcase>
      <testcase name="InstalledTProtocols-1" time="1.246">
            <failure type="Unknown"
                  message="Unknown"
              />
          </testcase>
      <testcase name="OPERATIONS-RN024" time="0.483">
            <failure type="Unknown"
                  message="Unknown"
              />
          </testcase>
      <testcase name="OPERATION-06" time="2.595">
            <failure type="Unknown"
                  message="Unknown"
              />
          </testcase>
      <testcase name="DOMAINTYPE-02" time="0.483">
            <failure type="Unknown"
                  message="Unknown"
              />
          </testcase>
      <testcase name="PARTNER-05" time="0.611">
            <failure type="Unknown"
                  message="Unknown"
              />
          </testcase>
      <testcase name="Feature-01" time="1.554">
            <failure type="Unknown"
                  message="Unknown"
              />
          </testcase>
      <testcase name="HOSTS-21" time="0.547">
            <failure type="Unknown"
                  message="Unknown"
              />
          </testcase>
      <testcase name="OPERATIONS-RN021" time="0.480">
            <failure type="Unknown"
                  message="Unknown"
              />
          </testcase>
      <testcase name="HOST-20" time="1.993">
            <failure type="Unknown"
                  message="Unknown"
              />
          </testcase>
      <testcase name="PROTOCOLBINDINGSX12-04" time="1.728">
            <failure type="Unknown"
                  message="Unknown"
              />
          </testcase>
      <testcase name="PROXY-3" time="1.574">
            <failure type="Unknown"
                  message="Unknown"
              />
          </testcase>
      <testcase name="PROXY-12" time="0.560">
            <failure type="Unknown"
                  message="Unknown"
              />
          </testcase>
      <testcase name="OPERATIONS-RN022" time="0.499">
            <failure type="Unknown"
                  message="Unknown"
              />
          </testcase>
      <testcase name="DOMAINTYPERN-05" time="0.388">
            <failure type="Unknown"
                  message="Unknown"
              />
          </testcase>
      <testcase name="OPERATIONS-RN013" time="2.631">
            <failure type="Unknown"
                  message="Unknown"
              />
          </testcase>
      <testcase name="ENABLEDPROTOCOL-03" time="1.373">
            <failure type="Unknown"
                  message="Unknown"
              />
          </testcase>
      <testcase name="SR-15" time="0.591">
            <failure type="Unknown"
                  message="Unknown"
              />
          </testcase>
      <testcase name="OPERATION-17" time="0.807">
            <failure type="Unknown"
                  message="Unknown"
              />
          </testcase>
      <testcase name="RNROLEERROR-01" time="1.480">
            <failure type="Unknown"
                  message="Unknown"
              />
          </testcase>
      <testcase name="RNROLEERROR-03" time="0.402">
            <failure type="Unknown"
                  message="Unknown"
              />
          </testcase>
      <testcase name="RNROLEERROR-06" time="0.345">
            <failure type="Unknown"
                  message="Unknown"
              />
          </testcase>
      <testcase name="OB-Outboundtrans-8" time="3.015">
            <failure type="Unknown"
                  message="Unknown"
              />
          </testcase>
      <testcase name="OPERATION-05" time="2.572">
            <failure type="Unknown"
                  message="Unknown"
              />
          </testcase>
      <testcase name="TBizAgreement5" time="1.750">
            <failure type="Unknown"
                  message="Unknown"
              />
          </testcase>
      <testcase name="DOMAINPAIRS-02" time="1.442">
            <failure type="Unknown"
                  message="Unknown"
              />
          </testcase>
      <testcase name="OBRN-Partner" time="1.518">
            <failure type="Unknown"
                  message="Unknown"
              />
          </testcase>
      <testcase name="DOMAINPAIRS-05" time="1.423">
            <failure type="Unknown"
                  message="Unknown"
              />
          </testcase>
      <testcase name="SR-12" time="0.502">
            <failure type="Unknown"
                  message="Unknown"
              />
          </testcase>
      <testcase name="OBRN-Enableprotocol1" time="3.264">
            <failure type="Unknown"
                  message="Unknown"
              />
          </testcase>
      <testcase name="OBRN-OperationsRequestResponsetransaction" time="3.433">
            <failure type="Unknown"
                  message="Unknown"
              />
          </testcase>
      <testcase name="MsgBus-1" time="1.501">
            <failure type="Unknown"
                  message="Unknown"
              />
          </testcase>
      <testcase name="HOSTBA-05" time="0.646">
            <failure type="Unknown"
                  message="Unknown"
              />
          </testcase>
      <testcase name="OB-Delete-partner-16" time="0.603">
            <failure type="Unknown"
                  message="Unknown"
              />
          </testcase>
      <testcase name="BIZAGREEMENT-06" time="0.414">
            <failure type="Unknown"
                  message="Unknown"
              />
          </testcase>
      <testcase name="OPERATIONS-RN008" time="0.578">
            <failure type="Unknown"
                  message="Unknown"
              />
          </testcase>
      <testcase name="PCCode5" time="0.385">
            <failure type="Unknown"
                  message="Unknown"
              />
          </testcase>
      <testcase name="PCCEC-05" time="1.467">
            <failure type="Unknown"
                  message="Unknown"
              />
          </testcase>
      <testcase name="ENABLEDPROTOCOL-11" time="0.535">
            <failure type="Unknown"
                  message="Unknown"
              />
          </testcase>
      <testcase name="LOCATIONERROR-01" time="2.440">
            <failure type="Unknown"
                  message="Unknown"
              />
          </testcase>
      <testcase name="LOCATIONERROR-02" time="1.347">
            <failure type="Unknown"
                  message="Unknown"
              />
          </testcase>
      <testcase name="OB-Outboundtrans-8" time="2.572">
            <failure type="Unknown"
                  message="Unknown"
              />
          </testcase>
      <testcase name="TBizAgreement21" time="0.628">
            <failure type="Unknown"
                  message="Unknown"
              />
          </testcase>
      <testcase name="OPERATIONS-RN001" time="1.639">
            <failure type="Unknown"
                  message="Unknown"
              />
          </testcase>
      <testcase name="MsgBus-2" time="0.481">
            <failure type="Unknown"
                  message="Unknown"
              />
          </testcase>
      <testcase name="LOCATIONERROR-03" time="1.446">
            <failure type="Unknown"
                  message="Unknown"
              />
          </testcase>
      <testcase name="TOutbound17" time="0.503">
            <failure type="Unknown"
                  message="Unknown"
              />
          </testcase>
      <testcase name="MBERROR-01" time="1.005">
            <failure type="Unknown"
                  message="Unknown"
              />
          </testcase>
      <testcase name="OPERATION-31" time="0.479">
            <failure type="Unknown"
                  message="Unknown"
              />
          </testcase>
      <testcase name="PROXY-2" time="0.416">
            <failure type="Unknown"
                  message="Unknown"
              />
          </testcase>
  
  
  
</testsuite>
