<?xml version="1.0" encoding="UTF-8"?>
<testsuite name="com.tibco.rest.test.DataDrivenTestCases"
           tests="508"
           failures="508"
           errors="0"
           skipped="0"
           time="127.627">
  <properties />
      <testcase name="TOutbound8" time="0.316">
            <failure type="java.lang.AssertionError"
                  message="Expected value should be &quot;The Transport name http_rn  you have entered  is already in use&quot; : Actual value is &quot;&quot;"
              >
<![CDATA[java.lang.AssertionError: Expected value should be "The Transport name http_rn  you have entered  is already in use" : Actual value is ""
  com.tibco.rest.restAssured.Assertions.assertTrue(Assertions.java:166)
  com.tibco.rest.restAssured.Assertions.assertEquals(Assertions.java:183)
  com.tibco.rest.test.DataDrivenTestCases.verifyResponse(DataDrivenTestCases.java:508)
  com.tibco.rest.test.DataDrivenTestCases.testcase(DataDrivenTestCases.java:377)
  sun.reflect.GeneratedMethodAccessor63.invoke(Unknown Source)
  sun.reflect.DelegatingMethodAccessorImpl.invoke(Unknown Source)
  java.lang.reflect.Method.invoke(Unknown Source)
  org.testng.internal.MethodInvocationHelper.invokeMethod(MethodInvocationHelper.java:108)
  org.testng.internal.Invoker.invokeMethod(Invoker.java:661)
  org.testng.internal.Invoker.invokeTestMethod(Invoker.java:869)
  org.testng.internal.Invoker.invokeTestMethods(Invoker.java:1193)
  org.testng.internal.TestMethodWorker.invokeTestMethods(TestMethodWorker.java:126)
  org.testng.internal.TestMethodWorker.run(TestMethodWorker.java:109)
  org.testng.TestRunner.privateRun(TestRunner.java:744)
  org.testng.TestRunner.run(TestRunner.java:602)
  org.testng.SuiteRunner.runTest(SuiteRunner.java:380)
  org.testng.SuiteRunner.runSequentially(SuiteRunner.java:375)
  org.testng.SuiteRunner.privateRun(SuiteRunner.java:340)
  org.testng.SuiteRunner.run(SuiteRunner.java:289)
  org.testng.SuiteRunnerWorker.runSuite(SuiteRunnerWorker.java:52)
  org.testng.SuiteRunnerWorker.run(SuiteRunnerWorker.java:86)
  org.testng.TestNG.runSuitesSequentially(TestNG.java:1301)
  org.testng.TestNG.runSuitesLocally(TestNG.java:1226)
  org.testng.TestNG.runSuites(TestNG.java:1144)
  org.testng.TestNG.run(TestNG.java:1115)
  org.testng.TestNG.privateMain(TestNG.java:1442)
  org.testng.TestNG.main(TestNG.java:1411)
]]>
      </failure>

          </testcase>
      <testcase name="PCCEC-06" time="0.419">
            <failure type="java.lang.AssertionError"
                  message="Expected value should not be &quot;[]&quot; : Actual value is &quot;[]&quot;"
              >
<![CDATA[java.lang.AssertionError: Expected value should not be "[]" : Actual value is "[]"
  com.tibco.rest.restAssured.Assertions.assertTrue(Assertions.java:166)
  com.tibco.rest.restAssured.Assertions.assertNotEquals(Assertions.java:196)
  com.tibco.rest.test.DataDrivenTestCases.verifyResponse(DataDrivenTestCases.java:520)
  com.tibco.rest.test.DataDrivenTestCases.testcase(DataDrivenTestCases.java:344)
  sun.reflect.GeneratedMethodAccessor63.invoke(Unknown Source)
  sun.reflect.DelegatingMethodAccessorImpl.invoke(Unknown Source)
  java.lang.reflect.Method.invoke(Unknown Source)
  org.testng.internal.MethodInvocationHelper.invokeMethod(MethodInvocationHelper.java:108)
  org.testng.internal.Invoker.invokeMethod(Invoker.java:661)
  org.testng.internal.Invoker.invokeTestMethod(Invoker.java:869)
  org.testng.internal.Invoker.invokeTestMethods(Invoker.java:1193)
  org.testng.internal.TestMethodWorker.invokeTestMethods(TestMethodWorker.java:126)
  org.testng.internal.TestMethodWorker.run(TestMethodWorker.java:109)
  org.testng.TestRunner.privateRun(TestRunner.java:744)
  org.testng.TestRunner.run(TestRunner.java:602)
  org.testng.SuiteRunner.runTest(SuiteRunner.java:380)
  org.testng.SuiteRunner.runSequentially(SuiteRunner.java:375)
  org.testng.SuiteRunner.privateRun(SuiteRunner.java:340)
  org.testng.SuiteRunner.run(SuiteRunner.java:289)
  org.testng.SuiteRunnerWorker.runSuite(SuiteRunnerWorker.java:52)
  org.testng.SuiteRunnerWorker.run(SuiteRunnerWorker.java:86)
  org.testng.TestNG.runSuitesSequentially(TestNG.java:1301)
  org.testng.TestNG.runSuitesLocally(TestNG.java:1226)
  org.testng.TestNG.runSuites(TestNG.java:1144)
  org.testng.TestNG.run(TestNG.java:1115)
  org.testng.TestNG.privateMain(TestNG.java:1442)
  org.testng.TestNG.main(TestNG.java:1411)
]]>
      </failure>

          </testcase>
      <testcase name="OPERATIONS-RN012" time="0.068">
            <failure type="java.lang.AssertionError"
                  message="Unable to store response string to variable or couldn&apos;t received response."
              >
<![CDATA[java.lang.AssertionError: Unable to store response string to variable or couldn't received response.
  com.tibco.rest.restAssured.Assertions.assertTrue(Assertions.java:166)
  com.tibco.rest.test.DataDrivenTestCases.testcase(DataDrivenTestCases.java:415)
  sun.reflect.GeneratedMethodAccessor63.invoke(Unknown Source)
  sun.reflect.DelegatingMethodAccessorImpl.invoke(Unknown Source)
  java.lang.reflect.Method.invoke(Unknown Source)
  org.testng.internal.MethodInvocationHelper.invokeMethod(MethodInvocationHelper.java:108)
  org.testng.internal.Invoker.invokeMethod(Invoker.java:661)
  org.testng.internal.Invoker.invokeTestMethod(Invoker.java:869)
  org.testng.internal.Invoker.invokeTestMethods(Invoker.java:1193)
  org.testng.internal.TestMethodWorker.invokeTestMethods(TestMethodWorker.java:126)
  org.testng.internal.TestMethodWorker.run(TestMethodWorker.java:109)
  org.testng.TestRunner.privateRun(TestRunner.java:744)
  org.testng.TestRunner.run(TestRunner.java:602)
  org.testng.SuiteRunner.runTest(SuiteRunner.java:380)
  org.testng.SuiteRunner.runSequentially(SuiteRunner.java:375)
  org.testng.SuiteRunner.privateRun(SuiteRunner.java:340)
  org.testng.SuiteRunner.run(SuiteRunner.java:289)
  org.testng.SuiteRunnerWorker.runSuite(SuiteRunnerWorker.java:52)
  org.testng.SuiteRunnerWorker.run(SuiteRunnerWorker.java:86)
  org.testng.TestNG.runSuitesSequentially(TestNG.java:1301)
  org.testng.TestNG.runSuitesLocally(TestNG.java:1226)
  org.testng.TestNG.runSuites(TestNG.java:1144)
  org.testng.TestNG.run(TestNG.java:1115)
  org.testng.TestNG.privateMain(TestNG.java:1442)
  org.testng.TestNG.main(TestNG.java:1411)
]]>
      </failure>

          </testcase>
      <testcase name="UserGroup-02" time="0.045">
            <failure type="Unknown"
                  message="Unknown"
              />
          </testcase>
      <testcase name="OBRN-BA" time="0.194">
            <failure type="Unknown"
                  message="Unknown"
              />
          </testcase>
      <testcase name="PROXY-22" time="0.114">
            <failure type="Unknown"
                  message="Unknown"
              />
          </testcase>
      <testcase name="RNROLEERROR-08" time="0.182">
            <failure type="Unknown"
                  message="Unknown"
              />
          </testcase>
      <testcase name="PCCEC-10" time="0.039">
            <failure type="Unknown"
                  message="Unknown"
              />
          </testcase>
      <testcase name="PROTOCOLBDBIZID-04" time="0.365">
            <failure type="Unknown"
                  message="Unknown"
              />
          </testcase>
      <testcase name="SR-16" time="0.070">
            <failure type="Unknown"
                  message="Unknown"
              />
          </testcase>
      <testcase name="PCCode6" time="0.056">
            <failure type="Unknown"
                  message="Unknown"
              />
          </testcase>
      <testcase name="ENABLEDPROTOCOL-06" time="0.101">
            <failure type="Unknown"
                  message="Unknown"
              />
          </testcase>
      <testcase name="OPERATION-22" time="0.285">
            <failure type="Unknown"
                  message="Unknown"
              />
          </testcase>
      <testcase name="PROXY-3" time="0.433">
            <failure type="Unknown"
                  message="Unknown"
              />
          </testcase>
      <testcase name="OPERATION-01" time="0.574">
            <failure type="Unknown"
                  message="Unknown"
              />
          </testcase>
      <testcase name="OPERATIONS-RN025" time="0.065">
            <failure type="Unknown"
                  message="Unknown"
              />
          </testcase>
      <testcase name="INBOUNDTRANSPORT-02" time="0.107">
            <failure type="Unknown"
                  message="Unknown"
              />
          </testcase>
      <testcase name="USER-08" time="0.359">
            <failure type="Unknown"
                  message="Unknown"
              />
          </testcase>
      <testcase name="MsgBus-6" time="0.081">
            <failure type="Unknown"
                  message="Unknown"
              />
          </testcase>
      <testcase name="TBizAgreement5" time="0.362">
            <failure type="Unknown"
                  message="Unknown"
              />
          </testcase>
      <testcase name="OPERATIONS-RN023" time="0.060">
            <failure type="Unknown"
                  message="Unknown"
              />
          </testcase>
      <testcase name="DOMAINPAIRSX12-06" time="0.304">
            <failure type="Unknown"
                  message="Unknown"
              />
          </testcase>
      <testcase name="PROTOCOLBINDINGS-21" time="0.364">
            <failure type="Unknown"
                  message="Unknown"
              />
          </testcase>
      <testcase name="USER-15" time="0.300">
            <failure type="Unknown"
                  message="Unknown"
              />
          </testcase>
      <testcase name="UserGroup-07" time="0.054">
            <failure type="Unknown"
                  message="Unknown"
              />
          </testcase>
      <testcase name="IBTProtocol-3" time="0.436">
            <failure type="Unknown"
                  message="Unknown"
              />
          </testcase>
      <testcase name="RolesBinding-Search-12" time="0.064">
            <failure type="Unknown"
                  message="Unknown"
              />
          </testcase>
      <testcase name="TPartner2" time="0.356">
            <failure type="Unknown"
                  message="Unknown"
              />
          </testcase>
      <testcase name="HOST-02" time="0.089">
            <failure type="Unknown"
                  message="Unknown"
              />
          </testcase>
      <testcase name="ENABLEDPROTOCOL-10" time="0.090">
            <failure type="Unknown"
                  message="Unknown"
              />
          </testcase>
      <testcase name="PROTOCOLBINDINGSX12-04" time="0.332">
            <failure type="Unknown"
                  message="Unknown"
              />
          </testcase>
      <testcase name="OUTBOUNDTRANSPORT-04" time="0.104">
            <failure type="Unknown"
                  message="Unknown"
              />
          </testcase>
      <testcase name="TOutbound6" time="0.672">
            <failure type="Unknown"
                  message="Unknown"
              />
          </testcase>
      <testcase name="OPERATION-17" time="0.213">
            <failure type="Unknown"
                  message="Unknown"
              />
          </testcase>
      <testcase name="OPERATIONS-RN020" time="0.150">
            <failure type="Unknown"
                  message="Unknown"
              />
          </testcase>
      <testcase name="OPERATION-26" time="0.070">
            <failure type="Unknown"
                  message="Unknown"
              />
          </testcase>
      <testcase name="CONTACT-04" time="0.397">
            <failure type="Unknown"
                  message="Unknown"
              />
          </testcase>
      <testcase name="GatewayService-3" time="0.510">
            <failure type="Unknown"
                  message="Unknown"
              />
          </testcase>
      <testcase name="HOSTBA-03" time="0.078">
            <failure type="Unknown"
                  message="Unknown"
              />
          </testcase>
      <testcase name="PROTOCOLBD-07" time="0.514">
            <failure type="Unknown"
                  message="Unknown"
              />
          </testcase>
      <testcase name="DOMAINPAIRSRN-02" time="0.290">
            <failure type="Unknown"
                  message="Unknown"
              />
          </testcase>
      <testcase name="PROTOCOLBINDINGS-05" time="0.388">
            <failure type="Unknown"
                  message="Unknown"
              />
          </testcase>
      <testcase name="OBRN-OperationsNotifytransaction" time="0.563">
            <failure type="Unknown"
                  message="Unknown"
              />
          </testcase>
      <testcase name="PARTNERX12-01" time="0.314">
            <failure type="Unknown"
                  message="Unknown"
              />
          </testcase>
      <testcase name="OB-OverrideOperationsBinding-ast2" time="0.089">
            <failure type="Unknown"
                  message="Unknown"
              />
          </testcase>
      <testcase name="RN-DeletePARTNER-13" time="0.103">
            <failure type="Unknown"
                  message="Unknown"
              />
          </testcase>
      <testcase name="OPERATIONS-RN001" time="0.413">
            <failure type="Unknown"
                  message="Unknown"
              />
          </testcase>
      <testcase name="ENABLEDPROTOCOL-12" time="0.071">
            <failure type="Unknown"
                  message="Unknown"
              />
          </testcase>
      <testcase name="USER-16" time="0.056">
            <failure type="Unknown"
                  message="Unknown"
              />
          </testcase>
      <testcase name="BIZAGREEMENT-02" time="0.319">
            <failure type="Unknown"
                  message="Unknown"
              />
          </testcase>
      <testcase name="USER-Group02" time="0.325">
            <failure type="Unknown"
                  message="Unknown"
              />
          </testcase>
      <testcase name="INBOUNDTRANSPORT-01" time="0.114">
            <failure type="Unknown"
                  message="Unknown"
              />
          </testcase>
      <testcase name="PROXY-10" time="0.068">
            <failure type="Unknown"
                  message="Unknown"
              />
          </testcase>
      <testcase name="PARTNERBA-02" time="0.343">
            <failure type="Unknown"
                  message="Unknown"
              />
          </testcase>
      <testcase name="PARTNER-04" time="0.068">
            <failure type="Unknown"
                  message="Unknown"
              />
          </testcase>
      <testcase name="INSTALLED PROTOCOLS-01" time="0.101">
            <failure type="Unknown"
                  message="Unknown"
              />
          </testcase>
      <testcase name="DOMAINPAIRSX12-02" time="0.383">
            <failure type="Unknown"
                  message="Unknown"
              />
          </testcase>
      <testcase name="SCC-05" time="0.073">
            <failure type="Unknown"
                  message="Unknown"
              />
          </testcase>
      <testcase name="DOMAINPAIRSRN-03" time="0.288">
            <failure type="Unknown"
                  message="Unknown"
              />
          </testcase>
      <testcase name="GatewayService-1" time="0.432">
            <failure type="Unknown"
                  message="Unknown"
              />
          </testcase>
      <testcase name="RNROLEERROR-02" time="0.243">
            <failure type="Unknown"
                  message="Unknown"
              />
          </testcase>
      <testcase name="DOMAINTYPE-06" time="0.089">
            <failure type="Unknown"
                  message="Unknown"
              />
          </testcase>
      <testcase name="ROLE-05" time="0.070">
            <failure type="Unknown"
                  message="Unknown"
              />
          </testcase>
      <testcase name="UserGroup-05" time="0.110">
            <failure type="Unknown"
                  message="Unknown"
              />
          </testcase>
      <testcase name="PROTOCOLBINDINGS-04" time="0.177">
            <failure type="Unknown"
                  message="Unknown"
              />
          </testcase>
      <testcase name="OPERATION-14" time="0.266">
            <failure type="Unknown"
                  message="Unknown"
              />
          </testcase>
      <testcase name="BIZAGREEMENT-05" time="0.069">
            <failure type="Unknown"
                  message="Unknown"
              />
          </testcase>
      <testcase name="PROXY-14" time="0.094">
            <failure type="Unknown"
                  message="Unknown"
              />
          </testcase>
      <testcase name="PROXY-12" time="0.168">
            <failure type="Unknown"
                  message="Unknown"
              />
          </testcase>
      <testcase name="OB-CreateProtocolBind-10" time="0.667">
            <failure type="Unknown"
                  message="Unknown"
              />
          </testcase>
      <testcase name="USER-03" time="0.219">
            <failure type="Unknown"
                  message="Unknown"
              />
          </testcase>
      <testcase name="ROLE-08" time="0.074">
            <failure type="Unknown"
                  message="Unknown"
              />
          </testcase>
      <testcase name="ROLE-06" time="0.118">
            <failure type="Unknown"
                  message="Unknown"
              />
          </testcase>
      <testcase name="OUTBOUNDTRANSPORT-20" time="0.677">
            <failure type="Unknown"
                  message="Unknown"
              />
          </testcase>
      <testcase name="OPERATIONS-RN026" time="0.067">
            <failure type="Unknown"
                  message="Unknown"
              />
          </testcase>
      <testcase name="OBRN-OperationsNode1" time="0.137">
            <failure type="Unknown"
                  message="Unknown"
              />
          </testcase>
      <testcase name="RBERROR-06" time="0.123">
            <failure type="Unknown"
                  message="Unknown"
              />
          </testcase>
      <testcase name="USER-07" time="0.099">
            <failure type="Unknown"
                  message="Unknown"
              />
          </testcase>
      <testcase name="ENABLEDPROTOCOLX12-09" time="0.078">
            <failure type="Unknown"
                  message="Unknown"
              />
          </testcase>
      <testcase name="INBOUNDTRANSPORT-05" time="0.084">
            <failure type="Unknown"
                  message="Unknown"
              />
          </testcase>
      <testcase name="USER-05" time="0.099">
            <failure type="Unknown"
                  message="Unknown"
              />
          </testcase>
      <testcase name="IBTProtocol-1" time="0.528">
            <failure type="Unknown"
                  message="Unknown"
              />
          </testcase>
      <testcase name="SCC-07" time="0.071">
            <failure type="Unknown"
                  message="Unknown"
              />
          </testcase>
      <testcase name="PROXY-16" time="0.428">
            <failure type="Unknown"
                  message="Unknown"
              />
          </testcase>
      <testcase name="OPERATION-05" time="0.648">
            <failure type="Unknown"
                  message="Unknown"
              />
          </testcase>
      <testcase name="ENABLEDPROTOCOL-07" time="0.227">
            <failure type="Unknown"
                  message="Unknown"
              />
          </testcase>
      <testcase name="OPERATIONS-RN018" time="0.231">
            <failure type="Unknown"
                  message="Unknown"
              />
          </testcase>
      <testcase name="PARTNERBA-01" time="0.328">
            <failure type="Unknown"
                  message="Unknown"
              />
          </testcase>
      <testcase name="OPERATION-09" time="0.104">
            <failure type="Unknown"
                  message="Unknown"
              />
          </testcase>
      <testcase name="PARTNER-Group01" time="0.325">
            <failure type="Unknown"
                  message="Unknown"
              />
          </testcase>
      <testcase name="OB-EnableProtocol-7" time="0.844">
            <failure type="Unknown"
                  message="Unknown"
              />
          </testcase>
      <testcase name="PARTNER-03" time="0.350">
            <failure type="Unknown"
                  message="Unknown"
              />
          </testcase>
      <testcase name="SR-12" time="0.093">
            <failure type="Unknown"
                  message="Unknown"
              />
          </testcase>
      <testcase name="OPERATION-27" time="0.105">
            <failure type="Unknown"
                  message="Unknown"
              />
          </testcase>
      <testcase name="PROTOCOLBD-06" time="0.557">
            <failure type="Unknown"
                  message="Unknown"
              />
          </testcase>
      <testcase name="OPERATIONS-RN006" time="0.704">
            <failure type="Unknown"
                  message="Unknown"
              />
          </testcase>
      <testcase name="USER-07" time="0.168">
            <failure type="Unknown"
                  message="Unknown"
              />
          </testcase>
      <testcase name="PCCEC-13" time="0.197">
            <failure type="Unknown"
                  message="Unknown"
              />
          </testcase>
      <testcase name="DOMAINTYPE-05" time="0.065">
            <failure type="Unknown"
                  message="Unknown"
              />
          </testcase>
      <testcase name="UserGroup-02" time="0.045">
            <failure type="Unknown"
                  message="Unknown"
              />
          </testcase>
      <testcase name="DOMAINTYPERN-02" time="0.245">
            <failure type="Unknown"
                  message="Unknown"
              />
          </testcase>
      <testcase name="OB-CreateProtocolBind-15" time="0.131">
            <failure type="Unknown"
                  message="Unknown"
              />
          </testcase>
      <testcase name="OPERATION-08" time="0.146">
            <failure type="Unknown"
                  message="Unknown"
              />
          </testcase>
      <testcase name="DOMAINPAIRSX12-04" time="0.350">
            <failure type="Unknown"
                  message="Unknown"
              />
          </testcase>
      <testcase name="PARTNERBA-04" time="0.101">
            <failure type="Unknown"
                  message="Unknown"
              />
          </testcase>
      <testcase name="USER-18" time="0.046">
            <failure type="Unknown"
                  message="Unknown"
              />
          </testcase>
      <testcase name="PROTOCOLBINDINGS-01" time="0.638">
            <failure type="Unknown"
                  message="Unknown"
              />
          </testcase>
      <testcase name="MBERROR-01" time="0.079">
            <failure type="Unknown"
                  message="Unknown"
              />
          </testcase>
      <testcase name="USER-11" time="0.065">
            <failure type="Unknown"
                  message="Unknown"
              />
          </testcase>
      <testcase name="PARTNER-21" time="0.130">
            <failure type="Unknown"
                  message="Unknown"
              />
          </testcase>
      <testcase name="SR-20" time="0.091">
            <failure type="Unknown"
                  message="Unknown"
              />
          </testcase>
      <testcase name="OB-Delete-BZAgreement-14" time="0.095">
            <failure type="Unknown"
                  message="Unknown"
              />
          </testcase>
      <testcase name="UserGroup-12" time="0.060">
            <failure type="Unknown"
                  message="Unknown"
              />
          </testcase>
      <testcase name="ROLE-01" time="0.245">
            <failure type="Unknown"
                  message="Unknown"
              />
          </testcase>
      <testcase name="DOMAINPAIRS-07" time="0.087">
            <failure type="Unknown"
                  message="Unknown"
              />
          </testcase>
      <testcase name="GSInfor-1" time="0.246">
            <failure type="Unknown"
                  message="Unknown"
              />
          </testcase>
      <testcase name="PROTOCOLBDHOST-02" time="0.406">
            <failure type="Unknown"
                  message="Unknown"
              />
          </testcase>
      <testcase name="OB-Outboundtrans-10" time="0.476">
            <failure type="Unknown"
                  message="Unknown"
              />
          </testcase>
      <testcase name="SR-22" time="0.072">
            <failure type="Unknown"
                  message="Unknown"
              />
          </testcase>
      <testcase name="MsgBus-5" time="0.412">
            <failure type="Unknown"
                  message="Unknown"
              />
          </testcase>
      <testcase name="SR-13" time="0.438">
            <failure type="Unknown"
                  message="Unknown"
              />
          </testcase>
      <testcase name="OBRN-Delete operation node0" time="0.060">
            <failure type="Unknown"
                  message="Unknown"
              />
          </testcase>
      <testcase name="OB-Delete-Operation-12" time="0.078">
            <failure type="Unknown"
                  message="Unknown"
              />
          </testcase>
      <testcase name="HOST-01" time="0.444">
            <failure type="Unknown"
                  message="Unknown"
              />
          </testcase>
      <testcase name="PROXY-6" time="0.427">
            <failure type="Unknown"
                  message="Unknown"
              />
          </testcase>
      <testcase name="OBRN-OperationsRequestResponsetransaction" time="0.660">
            <failure type="Unknown"
                  message="Unknown"
              />
          </testcase>
      <testcase name="LOCATIONERROR-02" time="0.259">
            <failure type="Unknown"
                  message="Unknown"
              />
          </testcase>
      <testcase name="RBERROR-01" time="0.138">
            <failure type="Unknown"
                  message="Unknown"
              />
          </testcase>
      <testcase name="BIZAGREEMENTX12-01" time="0.332">
            <failure type="Unknown"
                  message="Unknown"
              />
          </testcase>
      <testcase name="RNROLEERROR-03" time="0.108">
            <failure type="Unknown"
                  message="Unknown"
              />
          </testcase>
      <testcase name="OB-Create-operation-1" time="0.342">
            <failure type="Unknown"
                  message="Unknown"
              />
          </testcase>
      <testcase name="GatewayService-2" time="0.137">
            <failure type="Unknown"
                  message="Unknown"
              />
          </testcase>
      <testcase name="PROTOCOLBINDINGSX12-03" time="0.153">
            <failure type="Unknown"
                  message="Unknown"
              />
          </testcase>
      <testcase name="RN-CreatePARTNER-8" time="0.324">
            <failure type="Unknown"
                  message="Unknown"
              />
          </testcase>
      <testcase name="DOMAINTYPE-09" time="0.605">
            <failure type="Unknown"
                  message="Unknown"
              />
          </testcase>
      <testcase name="PCCEC-15" time="0.113">
            <failure type="Unknown"
                  message="Unknown"
              />
          </testcase>
      <testcase name="BIZAGREEMENT-01" time="0.403">
            <failure type="Unknown"
                  message="Unknown"
              />
          </testcase>
      <testcase name="PROTOCOLBINDINGSX12-02" time="0.449">
            <failure type="Unknown"
                  message="Unknown"
              />
          </testcase>
      <testcase name="CONTACT-05" time="0.080">
            <failure type="Unknown"
                  message="Unknown"
              />
          </testcase>
      <testcase name="SR-15" time="0.092">
            <failure type="Unknown"
                  message="Unknown"
              />
          </testcase>
      <testcase name="OPERATION-28" time="0.097">
            <failure type="Unknown"
                  message="Unknown"
              />
          </testcase>
      <testcase name="OB-Host-4" time="0.242">
            <failure type="Unknown"
                  message="Unknown"
              />
          </testcase>
      <testcase name="TBizAgreement21" time="0.084">
            <failure type="Unknown"
                  message="Unknown"
              />
          </testcase>
      <testcase name="OB-Delete-Operation-17" time="0.092">
            <failure type="Unknown"
                  message="Unknown"
              />
          </testcase>
      <testcase name="OB-CreateProtocolBind-10" time="0.607">
            <failure type="Unknown"
                  message="Unknown"
              />
          </testcase>
      <testcase name="DOMAINPAIRS-02" time="0.331">
            <failure type="Unknown"
                  message="Unknown"
              />
          </testcase>
      <testcase name="RBERROR-04" time="0.239">
            <failure type="Unknown"
                  message="Unknown"
              />
          </testcase>
      <testcase name="RosettaNetRoles-Delete-15" time="0.065">
            <failure type="Unknown"
                  message="Unknown"
              />
          </testcase>
      <testcase name="OPERATIONS-RN016" time="0.483">
            <failure type="Unknown"
                  message="Unknown"
              />
          </testcase>
      <testcase name="SCC-03" time="0.311">
            <failure type="Unknown"
                  message="Unknown"
              />
          </testcase>
      <testcase name="ENABLEDPROTOCOLX12-08" time="0.077">
            <failure type="Unknown"
                  message="Unknown"
              />
          </testcase>
      <testcase name="HOST-03" time="0.489">
            <failure type="Unknown"
                  message="Unknown"
              />
          </testcase>
      <testcase name="BAErrorCode-06" time="0.074">
            <failure type="Unknown"
                  message="Unknown"
              />
          </testcase>
      <testcase name="SR-06" time="1.112">
            <failure type="Unknown"
                  message="Unknown"
              />
          </testcase>
      <testcase name="MsgBus-3" time="0.442">
            <failure type="Unknown"
                  message="Unknown"
              />
          </testcase>
      <testcase name="HOSTX12-01" time="0.438">
            <failure type="Unknown"
                  message="Unknown"
              />
          </testcase>
      <testcase name="PROXY-8" time="0.419">
            <failure type="Unknown"
                  message="Unknown"
              />
          </testcase>
      <testcase name="BIZAGREEMENT-04" time="0.090">
            <failure type="Unknown"
                  message="Unknown"
              />
          </testcase>
      <testcase name="InstalledTProtocols-1" time="0.227">
            <failure type="Unknown"
                  message="Unknown"
              />
          </testcase>
      <testcase name="OPERATION-31" time="0.077">
            <failure type="Unknown"
                  message="Unknown"
              />
          </testcase>
      <testcase name="OBRN-Enableprotocol" time="0.545">
            <failure type="Unknown"
                  message="Unknown"
              />
          </testcase>
      <testcase name="OPERATION-25" time="0.119">
            <failure type="Unknown"
                  message="Unknown"
              />
          </testcase>
      <testcase name="PROTOCOLBINDINGS-06" time="0.088">
            <failure type="Unknown"
                  message="Unknown"
              />
          </testcase>
      <testcase name="OBRN-ProtocolBinding" time="0.875">
            <failure type="Unknown"
                  message="Unknown"
              />
          </testcase>
      <testcase name="ENABLEDPROTOCOL-11" time="0.059">
            <failure type="Unknown"
                  message="Unknown"
              />
          </testcase>
      <testcase name="OPERATIONS-RN024" time="0.062">
            <failure type="Unknown"
                  message="Unknown"
              />
          </testcase>
      <testcase name="OB-Delete-Operation-13" time="0.064">
            <failure type="Unknown"
                  message="Unknown"
              />
          </testcase>
      <testcase name="OPERATIONS-RN009" time="0.128">
            <failure type="Unknown"
                  message="Unknown"
              />
          </testcase>
      <testcase name="PROXY-4" time="0.092">
            <failure type="Unknown"
                  message="Unknown"
              />
          </testcase>
      <testcase name="PROTOCOLBDOUTBTRANS-05" time="1.262">
            <failure type="Unknown"
                  message="Unknown"
              />
          </testcase>
      <testcase name="PROXY-15" time="0.083">
            <failure type="Unknown"
                  message="Unknown"
              />
          </testcase>
      <testcase name="PCCEC-16" time="0.091">
            <failure type="Unknown"
                  message="Unknown"
              />
          </testcase>
      <testcase name="GSInfor-3" time="0.055">
            <failure type="Unknown"
                  message="Unknown"
              />
          </testcase>
      <testcase name="PCCEC-05" time="0.385">
            <failure type="Unknown"
                  message="Unknown"
              />
          </testcase>
      <testcase name="RNROLEERROR-05" time="0.223">
            <failure type="Unknown"
                  message="Unknown"
              />
          </testcase>
      <testcase name="TOutbound10" time="0.064">
            <failure type="Unknown"
                  message="Unknown"
              />
          </testcase>
      <testcase name="IBTProtocol-11" time="0.500">
            <failure type="Unknown"
                  message="Unknown"
              />
          </testcase>
      <testcase name="SR-05" time="0.076">
            <failure type="Unknown"
                  message="Unknown"
              />
          </testcase>
      <testcase name="SR-04" time="0.078">
            <failure type="Unknown"
                  message="Unknown"
              />
          </testcase>
      <testcase name="OPERATIONS-RN013" time="0.247">
            <failure type="Unknown"
                  message="Unknown"
              />
          </testcase>
      <testcase name="BIZAGREEMENT-07" time="0.090">
            <failure type="Unknown"
                  message="Unknown"
              />
          </testcase>
      <testcase name="ENABLEDPROTOCOL-30" time="0.912">
            <failure type="Unknown"
                  message="Unknown"
              />
          </testcase>
      <testcase name="OB-CreateBizAgre-7" time="0.357">
            <failure type="Unknown"
                  message="Unknown"
              />
          </testcase>
      <testcase name="RosettaNetRoles-Get-2" time="0.069">
            <failure type="Unknown"
                  message="Unknown"
              />
          </testcase>
      <testcase name="ENABLEDPROTOCOL-01" time="0.563">
            <failure type="Unknown"
                  message="Unknown"
              />
          </testcase>
      <testcase name="OUTBOUNDTRANSPORT-09" time="0.407">
            <failure type="Unknown"
                  message="Unknown"
              />
          </testcase>
      <testcase name="OPERATION-13" time="0.137">
            <failure type="Unknown"
                  message="Unknown"
              />
          </testcase>
      <testcase name="HOSTS-21" time="0.160">
            <failure type="Unknown"
                  message="Unknown"
              />
          </testcase>
      <testcase name="UserGroup-03" time="0.080">
            <failure type="Unknown"
                  message="Unknown"
              />
          </testcase>
      <testcase name="PROXY-2" time="0.146">
            <failure type="Unknown"
                  message="Unknown"
              />
          </testcase>
      <testcase name="TEnableProtocolPartner4" time="0.848">
            <failure type="Unknown"
                  message="Unknown"
              />
          </testcase>
      <testcase name="OB-Outboundtrans-8" time="0.622">
            <failure type="Unknown"
                  message="Unknown"
              />
          </testcase>
      <testcase name="RosettaNetRoles-GetAll-7" time="0.080">
            <failure type="Unknown"
                  message="Unknown"
              />
          </testcase>
      <testcase name="OPERATION-21" time="0.586">
            <failure type="Unknown"
                  message="Unknown"
              />
          </testcase>
      <testcase name="ENABLEDPROTOCOL-03" time="0.233">
            <failure type="Unknown"
                  message="Unknown"
              />
          </testcase>
      <testcase name="OPERATION-18" time="0.442">
            <failure type="Unknown"
                  message="Unknown"
              />
          </testcase>
      <testcase name="PROTOCOLBINDINGS-20" time="0.520">
            <failure type="Unknown"
                  message="Unknown"
              />
          </testcase>
      <testcase name="ENABLEDPROTOCOL-04" time="0.058">
            <failure type="Unknown"
                  message="Unknown"
              />
          </testcase>
      <testcase name="OB-Host-4" time="0.246">
            <failure type="Unknown"
                  message="Unknown"
              />
          </testcase>
      <testcase name="PROTOCOLBINDINGSX12-01" time="0.837">
            <failure type="Unknown"
                  message="Unknown"
              />
          </testcase>
      <testcase name="MsgBus-4" time="0.131">
            <failure type="Unknown"
                  message="Unknown"
              />
          </testcase>
      <testcase name="DOMAINPAIRS-01" time="0.258">
            <failure type="Unknown"
                  message="Unknown"
              />
          </testcase>
      <testcase name="HOST-05" time="0.146">
            <failure type="Unknown"
                  message="Unknown"
              />
          </testcase>
      <testcase name="OPERATIONS-RN010" time="0.088">
            <failure type="Unknown"
                  message="Unknown"
              />
          </testcase>
      <testcase name="ENABLEDPROTOCOL-02" time="0.675">
            <failure type="Unknown"
                  message="Unknown"
              />
          </testcase>
      <testcase name="PROXY-5" time="0.092">
            <failure type="Unknown"
                  message="Unknown"
              />
          </testcase>
      <testcase name="USER-19" time="0.161">
            <failure type="Unknown"
                  message="Unknown"
              />
          </testcase>
      <testcase name="OPERATION-16" time="0.187">
            <failure type="Unknown"
                  message="Unknown"
              />
          </testcase>
      <testcase name="IBTProtocol-6" time="0.468">
            <failure type="Unknown"
                  message="Unknown"
              />
          </testcase>
      <testcase name="ROLE-04" time="0.127">
            <failure type="Unknown"
                  message="Unknown"
              />
          </testcase>
      <testcase name="SR-03" time="0.091">
            <failure type="Unknown"
                  message="Unknown"
              />
          </testcase>
      <testcase name="PROTOCOLBD-08" time="0.683">
            <failure type="Unknown"
                  message="Unknown"
              />
          </testcase>
      <testcase name="BUSINESSAGREEMENTX12-02" time="0.126">
            <failure type="Unknown"
                  message="Unknown"
              />
          </testcase>
      <testcase name="GatewayService-4" time="0.158">
            <failure type="Unknown"
                  message="Unknown"
              />
          </testcase>
      <testcase name="HOST-04" time="0.056">
            <failure type="Unknown"
                  message="Unknown"
              />
          </testcase>
      <testcase name="OPERATIONS-RN003" time="0.120">
            <failure type="Unknown"
                  message="Unknown"
              />
          </testcase>
      <testcase name="PCCEC-12" time="0.075">
            <failure type="Unknown"
                  message="Unknown"
              />
          </testcase>
      <testcase name="UserGroup-11" time="0.060">
            <failure type="Unknown"
                  message="Unknown"
              />
          </testcase>
      <testcase name="RBERROR-05" time="0.111">
            <failure type="Unknown"
                  message="Unknown"
              />
          </testcase>
      <testcase name="OPERATIONS-RN008" time="0.186">
            <failure type="Unknown"
                  message="Unknown"
              />
          </testcase>
      <testcase name="ENABLEDPROTOCOL-09" time="0.097">
            <failure type="Unknown"
                  message="Unknown"
              />
          </testcase>
      <testcase name="LDAP-01" time="0.466">
            <failure type="Unknown"
                  message="Unknown"
              />
          </testcase>
      <testcase name="DOMAINPAIRS-10" time="0.086">
            <failure type="Unknown"
                  message="Unknown"
              />
          </testcase>
      <testcase name="SCC-02" time="0.082">
            <failure type="Unknown"
                  message="Unknown"
              />
          </testcase>
      <testcase name="LOCATION-01" time="0.632">
            <failure type="Unknown"
                  message="Unknown"
              />
          </testcase>
      <testcase name="TOutbound11" time="0.069">
            <failure type="Unknown"
                  message="Unknown"
              />
          </testcase>
      <testcase name="OB-PARTNER-5" time="0.295">
            <failure type="Unknown"
                  message="Unknown"
              />
          </testcase>
      <testcase name="OBRN-DeleteOperationBinding" time="0.119">
            <failure type="Unknown"
                  message="Unknown"
              />
          </testcase>
      <testcase name="ENABLEDPROTOCOLX12-07" time="0.053">
            <failure type="Unknown"
                  message="Unknown"
              />
          </testcase>
      <testcase name="LDAP-03" time="0.399">
            <failure type="Unknown"
                  message="Unknown"
              />
          </testcase>
      <testcase name="DOMAINTYPERN-01" time="0.348">
            <failure type="Unknown"
                  message="Unknown"
              />
          </testcase>
      <testcase name="OBRN-Host" time="0.419">
            <failure type="Unknown"
                  message="Unknown"
              />
          </testcase>
      <testcase name="Role_Group" time="0.064">
            <failure type="Unknown"
                  message="Unknown"
              />
          </testcase>
      <testcase name="OB-EnableProtocol-6" time="0.551">
            <failure type="Unknown"
                  message="Unknown"
              />
          </testcase>
      <testcase name="OB-Delete-partner-16" time="0.102">
            <failure type="Unknown"
                  message="Unknown"
              />
          </testcase>
      <testcase name="OPERATIONS-RN017" time="0.639">
            <failure type="Unknown"
                  message="Unknown"
              />
          </testcase>
      <testcase name="DOMAINTYPE-03" time="0.087">
            <failure type="Unknown"
                  message="Unknown"
              />
          </testcase>
      <testcase name="USER-17" time="0.066">
            <failure type="Unknown"
                  message="Unknown"
              />
          </testcase>
      <testcase name="ENABLEDPROTOCOLX12-02" time="0.755">
            <failure type="Unknown"
                  message="Unknown"
              />
          </testcase>
      <testcase name="UserGroup-09" time="0.079">
            <failure type="Unknown"
                  message="Unknown"
              />
          </testcase>
      <testcase name="LDAP-04" time="0.080">
            <failure type="Unknown"
                  message="Unknown"
              />
          </testcase>
      <testcase name="DOMAINTYPERN-06" time="0.105">
            <failure type="Unknown"
                  message="Unknown"
              />
          </testcase>
      <testcase name="BIZAGREEMENT-03" time="0.082">
            <failure type="Unknown"
                  message="Unknown"
              />
          </testcase>
      <testcase name="DOMAINPAIRSRN-05" time="0.409">
            <failure type="Unknown"
                  message="Unknown"
              />
          </testcase>
      <testcase name="HOSTBA-02" time="0.365">
            <failure type="Unknown"
                  message="Unknown"
              />
          </testcase>
      <testcase name="DOMAINPAIRS-11" time="0.062">
            <failure type="Unknown"
                  message="Unknown"
              />
          </testcase>
      <testcase name="DOMAINPAIRSRN-06" time="0.069">
            <failure type="Unknown"
                  message="Unknown"
              />
          </testcase>
      <testcase name="DOMAINPAIRSX12-05" time="0.354">
            <failure type="Unknown"
                  message="Unknown"
              />
          </testcase>
      <testcase name="DOMAINPAIRSRN-04" time="0.084">
            <failure type="Unknown"
                  message="Unknown"
              />
          </testcase>
      <testcase name="PARTNERLOCATION-02" time="0.106">
            <failure type="Unknown"
                  message="Unknown"
              />
          </testcase>
      <testcase name="GSInfor-2" time="0.057">
            <failure type="Unknown"
                  message="Unknown"
              />
          </testcase>
      <testcase name="DOMAINTYPE-07" time="0.275">
            <failure type="Unknown"
                  message="Unknown"
              />
          </testcase>
      <testcase name="OB-CreateProtocolBind-11" time="0.824">
            <failure type="Unknown"
                  message="Unknown"
              />
          </testcase>
      <testcase name="SR-07" time="0.402">
            <failure type="Unknown"
                  message="Unknown"
              />
          </testcase>
      <testcase name="EnableRNProtocol-9" time="0.908">
            <failure type="Unknown"
                  message="Unknown"
              />
          </testcase>
      <testcase name="IBTProtocol-2" time="0.518">
            <failure type="Unknown"
                  message="Unknown"
              />
          </testcase>
      <testcase name="OB-OverrideOperationsBinding-ost2" time="0.079">
            <failure type="Unknown"
                  message="Unknown"
              />
          </testcase>
      <testcase name="CONTACT-08" time="0.094">
            <failure type="Unknown"
                  message="Unknown"
              />
          </testcase>
      <testcase name="RBERROR-02" time="0.825">
            <failure type="Unknown"
                  message="Unknown"
              />
          </testcase>
      <testcase name="PCCode5" time="0.070">
            <failure type="Unknown"
                  message="Unknown"
              />
          </testcase>
      <testcase name="LOCATION-08" time="0.101">
            <failure type="Unknown"
                  message="Unknown"
              />
          </testcase>
      <testcase name="PARTNER-05" time="0.143">
            <failure type="Unknown"
                  message="Unknown"
              />
          </testcase>
      <testcase name="DOMAINTYPE-04" time="0.274">
            <failure type="Unknown"
                  message="Unknown"
              />
          </testcase>
      <testcase name="OB-PARTNER-5" time="0.333">
            <failure type="Unknown"
                  message="Unknown"
              />
          </testcase>
      <testcase name="DOMAINPAIRS-06" time="0.079">
            <failure type="Unknown"
                  message="Unknown"
              />
          </testcase>
      <testcase name="DOMAINTYPERN-10" time="0.100">
            <failure type="Unknown"
                  message="Unknown"
              />
          </testcase>
      <testcase name="OPERATIONS-RN007" time="0.172">
            <failure type="Unknown"
                  message="Unknown"
              />
          </testcase>
      <testcase name="SR-02" time="0.087">
            <failure type="Unknown"
                  message="Unknown"
              />
          </testcase>
      <testcase name="SR-17" time="0.049">
            <failure type="Unknown"
                  message="Unknown"
              />
          </testcase>
      <testcase name="TOutbound7" time="0.088">
            <failure type="Unknown"
                  message="Unknown"
              />
          </testcase>
      <testcase name="LOCATION-05" time="0.073">
            <failure type="Unknown"
                  message="Unknown"
              />
          </testcase>
      <testcase name="PCCEC-14" time="0.067">
            <failure type="Unknown"
                  message="Unknown"
              />
          </testcase>
      <testcase name="IBTProtocol-12" time="0.069">
            <failure type="Unknown"
                  message="Unknown"
              />
          </testcase>
      <testcase name="OBRN-OperationsNode0" time="0.307">
            <failure type="Unknown"
                  message="Unknown"
              />
          </testcase>
      <testcase name="BAErrorCode-03" time="0.286">
            <failure type="Unknown"
                  message="Unknown"
              />
          </testcase>
      <testcase name="UserGroup-01" time="0.142">
            <failure type="Unknown"
                  message="Unknown"
              />
          </testcase>
      <testcase name="LOCATIONERROR-03" time="0.375">
            <failure type="Unknown"
                  message="Unknown"
              />
          </testcase>
      <testcase name="ENABLEDPROTOCOLX12-05" time="0.437">
            <failure type="Unknown"
                  message="Unknown"
              />
          </testcase>
      <testcase name="PROTOCOLBD-04" time="0.590">
            <failure type="Unknown"
                  message="Unknown"
              />
          </testcase>
      <testcase name="TEnableProtocolHost3" time="0.567">
            <failure type="Unknown"
                  message="Unknown"
              />
          </testcase>
      <testcase name="OPERATIONS-RN004" time="0.067">
            <failure type="Unknown"
                  message="Unknown"
              />
          </testcase>
      <testcase name="PARTNER-06" time="0.057">
            <failure type="Unknown"
                  message="Unknown"
              />
          </testcase>
      <testcase name="DOMAINTYPE-08" time="0.086">
            <failure type="Unknown"
                  message="Unknown"
              />
          </testcase>
      <testcase name="PCCEC-08" time="0.062">
            <failure type="Unknown"
                  message="Unknown"
              />
          </testcase>
      <testcase name="IBTProtocol-8" time="0.463">
            <failure type="Unknown"
                  message="Unknown"
              />
          </testcase>
      <testcase name="OPERATIONS-RN005" time="0.499">
            <failure type="Unknown"
                  message="Unknown"
              />
          </testcase>
      <testcase name="UserGroup-06" time="0.054">
            <failure type="Unknown"
                  message="Unknown"
              />
          </testcase>
      <testcase name="DOMAINPAIRSX12-03" time="0.362">
            <failure type="Unknown"
                  message="Unknown"
              />
          </testcase>
      <testcase name="LOCATION-06" time="0.091">
            <failure type="Unknown"
                  message="Unknown"
              />
          </testcase>
      <testcase name="UserGroup-12" time="0.050">
            <failure type="Unknown"
                  message="Unknown"
              />
          </testcase>
      <testcase name="OB-Create-Syncoperation-3" time="0.514">
            <failure type="Unknown"
                  message="Unknown"
              />
          </testcase>
      <testcase name="OUTBOUNDTRANSPORT-07" time="0.104">
            <failure type="Unknown"
                  message="Unknown"
              />
          </testcase>
      <testcase name="PARTNER-11" time="0.142">
            <failure type="Unknown"
                  message="Unknown"
              />
          </testcase>
      <testcase name="MsgBus-2" time="0.083">
            <failure type="Unknown"
                  message="Unknown"
              />
          </testcase>
      <testcase name="SCC-04" time="0.078">
            <failure type="Unknown"
                  message="Unknown"
              />
          </testcase>
      <testcase name="SR-09" time="0.085">
            <failure type="Unknown"
                  message="Unknown"
              />
          </testcase>
      <testcase name="DOMAINPAIRS-05" time="0.339">
            <failure type="Unknown"
                  message="Unknown"
              />
          </testcase>
      <testcase name="OBRN-CreateOperationBinding" time="0.404">
            <failure type="Unknown"
                  message="Unknown"
              />
          </testcase>
      <testcase name="INBOUNDTRANSPORT-03" time="0.126">
            <failure type="Unknown"
                  message="Unknown"
              />
          </testcase>
      <testcase name="PARTNERLOCATION-01" time="0.443">
            <failure type="Unknown"
                  message="Unknown"
              />
          </testcase>
      <testcase name="ENABLEDPROTOCOLX12-03" time="0.482">
            <failure type="Unknown"
                  message="Unknown"
              />
          </testcase>
      <testcase name="ROLE-03" time="0.097">
            <failure type="Unknown"
                  message="Unknown"
              />
          </testcase>
      <testcase name="BIZAGREEMENT-06" time="0.209">
            <failure type="Unknown"
                  message="Unknown"
              />
          </testcase>
      <testcase name="USER-02" time="0.106">
            <failure type="Unknown"
                  message="Unknown"
              />
          </testcase>
      <testcase name="PARTNERBA-05" time="0.095">
            <failure type="Unknown"
                  message="Unknown"
              />
          </testcase>
      <testcase name="PROTOCOLBINDINGS-03" time="0.101">
            <failure type="Unknown"
                  message="Unknown"
              />
          </testcase>
      <testcase name="PCCode3" time="0.328">
            <failure type="Unknown"
                  message="Unknown"
              />
          </testcase>
      <testcase name="INSTALLED PROTOCOLS-02" time="0.227">
            <failure type="Unknown"
                  message="Unknown"
              />
          </testcase>
      <testcase name="PCCEC-02" time="0.217">
            <failure type="Unknown"
                  message="Unknown"
              />
          </testcase>
      <testcase name="PROXY-24" time="0.133">
            <failure type="Unknown"
                  message="Unknown"
              />
          </testcase>
      <testcase name="THOST23" time="0.157">
            <failure type="Unknown"
                  message="Unknown"
              />
          </testcase>
      <testcase name="OB-CreateProtocolBind-9" time="0.622">
            <failure type="Unknown"
                  message="Unknown"
              />
          </testcase>
      <testcase name="BIZAGREEMENT-20" time="0.366">
            <failure type="Unknown"
                  message="Unknown"
              />
          </testcase>
      <testcase name="OPERATIONS-RN015" time="0.418">
            <failure type="Unknown"
                  message="Unknown"
              />
          </testcase>
      <testcase name="OB-OverrideOperationsBinding1" time="0.156">
            <failure type="Unknown"
                  message="Unknown"
              />
          </testcase>
      <testcase name="OB-Delete-Operation-16" time="0.088">
            <failure type="Unknown"
                  message="Unknown"
              />
          </testcase>
      <testcase name="SR-23" time="0.044">
            <failure type="Unknown"
                  message="Unknown"
              />
          </testcase>
      <testcase name="USER-06" time="0.124">
            <failure type="Unknown"
                  message="Unknown"
              />
          </testcase>
      <testcase name="SR-24" time="0.085">
            <failure type="Unknown"
                  message="Unknown"
              />
          </testcase>
      <testcase name="LOCATION-02" time="0.076">
            <failure type="Unknown"
                  message="Unknown"
              />
          </testcase>
      <testcase name="OPERATION-04" time="0.222">
            <failure type="Unknown"
                  message="Unknown"
              />
          </testcase>
      <testcase name="OB-Delete-host-19" time="0.105">
            <failure type="Unknown"
                  message="Unknown"
              />
          </testcase>
      <testcase name="PROXY-9" time="0.102">
            <failure type="Unknown"
                  message="Unknown"
              />
          </testcase>
      <testcase name="OB-Outboundtrans-8" time="0.611">
            <failure type="Unknown"
                  message="Unknown"
              />
          </testcase>
      <testcase name="BIZAGREEMENT-21" time="0.116">
            <failure type="Unknown"
                  message="Unknown"
              />
          </testcase>
      <testcase name="ENABLEDPROTOCOLX12-01" time="0.625">
            <failure type="Unknown"
                  message="Unknown"
              />
          </testcase>
      <testcase name="PARTNER-12" time="0.269">
            <failure type="Unknown"
                  message="Unknown"
              />
          </testcase>
      <testcase name="TOutbound9" time="0.129">
            <failure type="Unknown"
                  message="Unknown"
              />
          </testcase>
      <testcase name="HOSTBA-05" time="0.107">
            <failure type="Unknown"
                  message="Unknown"
              />
          </testcase>
      <testcase name="DOMAINTYPE-01" time="0.291">
            <failure type="Unknown"
                  message="Unknown"
              />
          </testcase>
      <testcase name="ENABLEDPROTOCOL-08" time="0.385">
            <failure type="Unknown"
                  message="Unknown"
              />
          </testcase>
      <testcase name="OPERATIONS-RN027" time="0.070">
            <failure type="Unknown"
                  message="Unknown"
              />
          </testcase>
      <testcase name="OBRN-Delete Partner" time="0.109">
            <failure type="Unknown"
                  message="Unknown"
              />
          </testcase>
      <testcase name="GatewayService-5" time="0.126">
            <failure type="Unknown"
                  message="Unknown"
              />
          </testcase>
      <testcase name="RNROLEERROR-07" time="0.222">
            <failure type="Unknown"
                  message="Unknown"
              />
          </testcase>
      <testcase name="ENABLEDPROTOCOLX12-04" time="0.111">
            <failure type="Unknown"
                  message="Unknown"
              />
          </testcase>
      <testcase name="ROLE-10" time="0.097">
            <failure type="Unknown"
                  message="Unknown"
              />
          </testcase>
      <testcase name="PCCEC-07" time="0.201">
            <failure type="Unknown"
                  message="Unknown"
              />
          </testcase>
      <testcase name="OUTBOUNDTRANSPORT-03" time="0.103">
            <failure type="Unknown"
                  message="Unknown"
              />
          </testcase>
      <testcase name="OPERATIONS-RN002" time="0.064">
            <failure type="Unknown"
                  message="Unknown"
              />
          </testcase>
      <testcase name="RolesBinding-Create-10" time="0.334">
            <failure type="Unknown"
                  message="Unknown"
              />
          </testcase>
      <testcase name="DOMAINTYPERN-07" time="0.052">
            <failure type="Unknown"
                  message="Unknown"
              />
          </testcase>
      <testcase name="PCCode4" time="0.082">
            <failure type="Unknown"
                  message="Unknown"
              />
          </testcase>
      <testcase name="OUTBOUNDTRANSPORTX12-01" time="0.824">
            <failure type="Unknown"
                  message="Unknown"
              />
          </testcase>
      <testcase name="DOMAINPAIRSRN-07" time="0.077">
            <failure type="Unknown"
                  message="Unknown"
              />
          </testcase>
      <testcase name="DOMAINPAIRS-04" time="0.071">
            <failure type="Unknown"
                  message="Unknown"
              />
          </testcase>
      <testcase name="BAErrorCode-04" time="0.211">
            <failure type="Unknown"
                  message="Unknown"
              />
          </testcase>
      <testcase name="PROTOCOLBDPARTNER-05" time="0.124">
            <failure type="Unknown"
                  message="Unknown"
              />
          </testcase>
      <testcase name="CONTACT-06" time="0.095">
            <failure type="Unknown"
                  message="Unknown"
              />
          </testcase>
      <testcase name="IBTProtocol-4" time="0.493">
            <failure type="Unknown"
                  message="Unknown"
              />
          </testcase>
      <testcase name="PROXY-25" time="0.086">
            <failure type="Unknown"
                  message="Unknown"
              />
          </testcase>
      <testcase name="IBTProtocol-9" time="0.518">
            <failure type="Unknown"
                  message="Unknown"
              />
          </testcase>
      <testcase name="OPERATION-02" time="0.196">
            <failure type="Unknown"
                  message="Unknown"
              />
          </testcase>
      <testcase name="LDAP-05" time="0.063">
            <failure type="Unknown"
                  message="Unknown"
              />
          </testcase>
      <testcase name="OPERATION-23" time="0.136">
            <failure type="Unknown"
                  message="Unknown"
              />
          </testcase>
      <testcase name="SR-11" time="0.051">
            <failure type="Unknown"
                  message="Unknown"
              />
          </testcase>
      <testcase name="DOMAINPAIRS-08" time="0.072">
            <failure type="Unknown"
                  message="Unknown"
              />
          </testcase>
      <testcase name="RNROLEERROR-04" time="0.135">
            <failure type="Unknown"
                  message="Unknown"
              />
          </testcase>
      <testcase name="OPERATIONS-RN011" time="0.080">
            <failure type="Unknown"
                  message="Unknown"
              />
          </testcase>
      <testcase name="OBRN-Delete Host" time="0.113">
            <failure type="Unknown"
                  message="Unknown"
              />
          </testcase>
      <testcase name="PROXY-13" time="0.414">
            <failure type="Unknown"
                  message="Unknown"
              />
          </testcase>
      <testcase name="OPERATION-06" time="0.729">
            <failure type="Unknown"
                  message="Unknown"
              />
          </testcase>
      <testcase name="OPERATION-03" time="0.089">
            <failure type="Unknown"
                  message="Unknown"
              />
          </testcase>
      <testcase name="OB-EnableProtocol-8" time="0.696">
            <failure type="Unknown"
                  message="Unknown"
              />
          </testcase>
      <testcase name="PARTNER-15" time="0.119">
            <failure type="Unknown"
                  message="Unknown"
              />
          </testcase>
      <testcase name="USER-Group01" time="0.383">
            <failure type="Unknown"
                  message="Unknown"
              />
          </testcase>
      <testcase name="ROLE-09" time="0.099">
            <failure type="Unknown"
                  message="Unknown"
              />
          </testcase>
      <testcase name="OB-EnableProtocol-6" time="0.636">
            <failure type="Unknown"
                  message="Unknown"
              />
          </testcase>
      <testcase name="PROTOCOLBINDINGS-02" time="0.721">
            <failure type="Unknown"
                  message="Unknown"
              />
          </testcase>
      <testcase name="CONTACT-01" time="0.411">
            <failure type="Unknown"
                  message="Unknown"
              />
          </testcase>
      <testcase name="OPERATION-11" time="0.097">
            <failure type="Unknown"
                  message="Unknown"
              />
          </testcase>
      <testcase name="RNROLEERROR-01" time="0.270">
            <failure type="Unknown"
                  message="Unknown"
              />
          </testcase>
      <testcase name="PROXY-7" time="0.099">
            <failure type="Unknown"
                  message="Unknown"
              />
          </testcase>
      <testcase name="HOSTX12-02" time="0.175">
            <failure type="Unknown"
                  message="Unknown"
              />
          </testcase>
      <testcase name="OPERATIONS-RN014" time="0.166">
            <failure type="Unknown"
                  message="Unknown"
              />
          </testcase>
      <testcase name="BAErrorCode-02" time="0.351">
            <failure type="Unknown"
                  message="Unknown"
              />
          </testcase>
      <testcase name="OPERATION-30" time="0.088">
            <failure type="Unknown"
                  message="Unknown"
              />
          </testcase>
      <testcase name="SR-21" time="0.094">
            <failure type="Unknown"
                  message="Unknown"
              />
          </testcase>
      <testcase name="PCCEC-09" time="0.050">
            <failure type="Unknown"
                  message="Unknown"
              />
          </testcase>
      <testcase name="THOST1" time="0.266">
            <failure type="Unknown"
                  message="Unknown"
              />
          </testcase>
      <testcase name="OB-CreateProtocolBind-11" time="0.151">
            <failure type="Unknown"
                  message="Unknown"
              />
          </testcase>
      <testcase name="ENABLEDPROTOCOL-20" time="0.583">
            <failure type="Unknown"
                  message="Unknown"
              />
          </testcase>
      <testcase name="OPERATIONS-RN021" time="0.172">
            <failure type="Unknown"
                  message="Unknown"
              />
          </testcase>
      <testcase name="OB-Delete-partner-20" time="1.002">
            <failure type="Unknown"
                  message="Unknown"
              />
          </testcase>
      <testcase name="RolesBinding-Search-11" time="0.059">
            <failure type="Unknown"
                  message="Unknown"
              />
          </testcase>
      <testcase name="OB-Create-operation-2" time="0.121">
            <failure type="Unknown"
                  message="Unknown"
              />
          </testcase>
      <testcase name="OB-Create-operation-2" time="0.178">
            <failure type="Unknown"
                  message="Unknown"
              />
          </testcase>
      <testcase name="USER-04" time="0.417">
            <failure type="Unknown"
                  message="Unknown"
              />
          </testcase>
      <testcase name="LDAP-06" time="0.238">
            <failure type="Unknown"
                  message="Unknown"
              />
          </testcase>
      <testcase name="DOMAINPAIRS-09" time="0.279">
            <failure type="Unknown"
                  message="Unknown"
              />
          </testcase>
      <testcase name="DOMAINPAIRSRN-01" time="0.210">
            <failure type="Unknown"
                  message="Unknown"
              />
          </testcase>
      <testcase name="IBTProtocol-10" time="0.412">
            <failure type="Unknown"
                  message="Unknown"
              />
          </testcase>
      <testcase name="PROXY-19" time="0.094">
            <failure type="Unknown"
                  message="Unknown"
              />
          </testcase>
      <testcase name="OBRN-Delete BA" time="0.097">
            <failure type="Unknown"
                  message="Unknown"
              />
          </testcase>
      <testcase name="LOCATION-07" time="0.609">
            <failure type="Unknown"
                  message="Unknown"
              />
          </testcase>
      <testcase name="RolesBinding-Delete-14" time="0.094">
            <failure type="Unknown"
                  message="Unknown"
              />
          </testcase>
      <testcase name="IBTProtocol-7" time="0.430">
            <failure type="Unknown"
                  message="Unknown"
              />
          </testcase>
      <testcase name="OB-OverrideOperationsBinding-tt1" time="0.086">
            <failure type="Unknown"
                  message="Unknown"
              />
          </testcase>
      <testcase name="LOCATION-03" time="0.082">
            <failure type="Unknown"
                  message="Unknown"
              />
          </testcase>
      <testcase name="ROLE-02" time="0.091">
            <failure type="Unknown"
                  message="Unknown"
              />
          </testcase>
      <testcase name="OPERATIONS-RN019" time="0.060">
            <failure type="Unknown"
                  message="Unknown"
              />
          </testcase>
      <testcase name="OBRN-Enableprotocol1" time="0.837">
            <failure type="Unknown"
                  message="Unknown"
              />
          </testcase>
      <testcase name="CONTACT-02" time="0.075">
            <failure type="Unknown"
                  message="Unknown"
              />
          </testcase>
      <testcase name="SR-01" time="0.494">
            <failure type="Unknown"
                  message="Unknown"
              />
          </testcase>
      <testcase name="SR-14" time="0.080">
            <failure type="Unknown"
                  message="Unknown"
              />
          </testcase>
      <testcase name="RosettaNetRoles-Search-6" time="0.049">
            <failure type="Unknown"
                  message="Unknown"
              />
          </testcase>
      <testcase name="UserGroup-08" time="0.054">
            <failure type="Unknown"
                  message="Unknown"
              />
          </testcase>
      <testcase name="PROXY-21" time="0.436">
            <failure type="Unknown"
                  message="Unknown"
              />
          </testcase>
      <testcase name="LOCATIONERROR-04" time="0.064">
            <failure type="Unknown"
                  message="Unknown"
              />
          </testcase>
      <testcase name="RosettaNetRoles-Update-3" time="0.261">
            <failure type="Unknown"
                  message="Unknown"
              />
          </testcase>
      <testcase name="SR-08" time="0.093">
            <failure type="Unknown"
                  message="Unknown"
              />
          </testcase>
      <testcase name="RNROLEERROR-06" time="0.051">
            <failure type="Unknown"
                  message="Unknown"
              />
          </testcase>
      <testcase name="USER-14" time="0.501">
            <failure type="Unknown"
                  message="Unknown"
              />
          </testcase>
      <testcase name="PARTNER-Group04" time="0.081">
            <failure type="Unknown"
                  message="Unknown"
              />
          </testcase>
      <testcase name="PROXY-23" time="0.411">
            <failure type="Unknown"
                  message="Unknown"
              />
          </testcase>
      <testcase name="PROXY-2" time="0.066">
            <failure type="Unknown"
                  message="Unknown"
              />
          </testcase>
      <testcase name="DOMAINTYPERN-08" time="0.220">
            <failure type="Unknown"
                  message="Unknown"
              />
          </testcase>
      <testcase name="PARTNERBA-03" time="0.050">
            <failure type="Unknown"
                  message="Unknown"
              />
          </testcase>
      <testcase name="PARTNER-01" time="0.332">
            <failure type="Unknown"
                  message="Unknown"
              />
          </testcase>
      <testcase name="PROTOCOLBINDINGS-22" time="0.074">
            <failure type="Unknown"
                  message="Unknown"
              />
          </testcase>
      <testcase name="OPERATION-24" time="0.151">
            <failure type="Unknown"
                  message="Unknown"
              />
          </testcase>
      <testcase name="HOST-20" time="0.393">
            <failure type="Unknown"
                  message="Unknown"
              />
          </testcase>
      <testcase name="SR-19" time="0.530">
            <failure type="Unknown"
                  message="Unknown"
              />
          </testcase>
      <testcase name="DOMAINTYPE-02" time="0.082">
            <failure type="Unknown"
                  message="Unknown"
              />
          </testcase>
      <testcase name="MsgBus-1" time="0.473">
            <failure type="Unknown"
                  message="Unknown"
              />
          </testcase>
      <testcase name="OUTBOUNDTRANSPORT-02" time="0.159">
            <failure type="Unknown"
                  message="Unknown"
              />
          </testcase>
      <testcase name="SR-18" time="0.098">
            <failure type="Unknown"
                  message="Unknown"
              />
          </testcase>
      <testcase name="OPERATION-32" time="0.065">
            <failure type="Unknown"
                  message="Unknown"
              />
          </testcase>
      <testcase name="ROLE-08" time="0.160">
            <failure type="Unknown"
                  message="Unknown"
              />
          </testcase>
      <testcase name="UserGroup-04" time="0.191">
            <failure type="Unknown"
                  message="Unknown"
              />
          </testcase>
      <testcase name="PROXY-18" time="0.404">
            <failure type="Unknown"
                  message="Unknown"
              />
          </testcase>
      <testcase name="PARTNER-Group02" time="0.333">
            <failure type="Unknown"
                  message="Unknown"
              />
          </testcase>
      <testcase name="OPERATION-10" time="0.098">
            <failure type="Unknown"
                  message="Unknown"
              />
          </testcase>
      <testcase name="DOMAINTYPERN-04" time="0.059">
            <failure type="Unknown"
                  message="Unknown"
              />
          </testcase>
      <testcase name="OB-Delete-BZAgreement-18" time="0.099">
            <failure type="Unknown"
                  message="Unknown"
              />
          </testcase>
      <testcase name="USER-10" time="0.058">
            <failure type="Unknown"
                  message="Unknown"
              />
          </testcase>
      <testcase name="PROTOCOLBDHOST-04" time="0.110">
            <failure type="Unknown"
                  message="Unknown"
              />
          </testcase>
      <testcase name="PCCode2" time="0.058">
            <failure type="Unknown"
                  message="Unknown"
              />
          </testcase>
      <testcase name="SCC-01" time="0.254">
            <failure type="Unknown"
                  message="Unknown"
              />
          </testcase>
      <testcase name="HOSTBA-01" time="0.372">
            <failure type="Unknown"
                  message="Unknown"
              />
          </testcase>
      <testcase name="OPERATION-15" time="0.264">
            <failure type="Unknown"
                  message="Unknown"
              />
          </testcase>
      <testcase name="PROXY-17" time="0.110">
            <failure type="Unknown"
                  message="Unknown"
              />
          </testcase>
      <testcase name="PROTOCOLBD-05" time="0.845">
            <failure type="Unknown"
                  message="Unknown"
              />
          </testcase>
      <testcase name="PCCEC-01" time="0.278">
            <failure type="Unknown"
                  message="Unknown"
              />
          </testcase>
      <testcase name="DOMAINPAIRSX12-01" time="0.395">
            <failure type="Unknown"
                  message="Unknown"
              />
          </testcase>
      <testcase name="OB-Create-Syncoperation-3" time="0.548">
            <failure type="Unknown"
                  message="Unknown"
              />
          </testcase>
      <testcase name="RBERROR-03" time="0.326">
            <failure type="Unknown"
                  message="Unknown"
              />
          </testcase>
      <testcase name="Feature-01" time="1.419">
            <failure type="Unknown"
                  message="Unknown"
              />
          </testcase>
      <testcase name="PROTOCOLBINDINGSX12-06" time="0.054">
            <failure type="Unknown"
                  message="Unknown"
              />
          </testcase>
      <testcase name="USER-09" time="0.993">
            <failure type="Unknown"
                  message="Unknown"
              />
          </testcase>
      <testcase name="OPERATIONS-RN022" time="0.072">
            <failure type="Unknown"
                  message="Unknown"
              />
          </testcase>
      <testcase name="OB-CreateBizAgre-7" time="0.380">
            <failure type="Unknown"
                  message="Unknown"
              />
          </testcase>
      <testcase name="OBRN-Partner" time="0.333">
            <failure type="Unknown"
                  message="Unknown"
              />
          </testcase>
      <testcase name="BAErrorCode-05" time="0.058">
            <failure type="Unknown"
                  message="Unknown"
              />
          </testcase>
      <testcase name="OB-OverrideOperationsBinding-ast1" time="0.115">
            <failure type="Unknown"
                  message="Unknown"
              />
          </testcase>
      <testcase name="SR-10" time="0.074">
            <failure type="Unknown"
                  message="Unknown"
              />
          </testcase>
      <testcase name="OPERATIOn-12" time="0.111">
            <failure type="Unknown"
                  message="Unknown"
              />
          </testcase>
      <testcase name="CONTACT-07" time="0.090">
            <failure type="Unknown"
                  message="Unknown"
              />
          </testcase>
      <testcase name="PCCEC-04" time="0.546">
            <failure type="Unknown"
                  message="Unknown"
              />
          </testcase>
      <testcase name="OB-OverrideOperationsBinding-ost1" time="0.099">
            <failure type="Unknown"
                  message="Unknown"
              />
          </testcase>
      <testcase name="OUTBOUNDTRANSPORT-01" time="1.062">
            <failure type="Unknown"
                  message="Unknown"
              />
          </testcase>
      <testcase name="OB-CreateProtocolBind-10" time="0.690">
            <failure type="Unknown"
                  message="Unknown"
              />
          </testcase>
      <testcase name="USER-01" time="0.465">
            <failure type="Unknown"
                  message="Unknown"
              />
          </testcase>
      <testcase name="RosettaNetRoles-Get-4" time="0.062">
            <failure type="Unknown"
                  message="Unknown"
              />
          </testcase>
      <testcase name="HOSTBA-04" time="0.120">
            <failure type="Unknown"
                  message="Unknown"
              />
          </testcase>
      <testcase name="OB-Create-operation-1" time="0.203">
            <failure type="Unknown"
                  message="Unknown"
              />
          </testcase>
      <testcase name="LOCATIONERROR-01" time="0.613">
            <failure type="Unknown"
                  message="Unknown"
              />
          </testcase>
      <testcase name="PROTOCOLBINDINGSX12-05" time="0.083">
            <failure type="Unknown"
                  message="Unknown"
              />
          </testcase>
      <testcase name="OPERATION-20" time="0.484">
            <failure type="Unknown"
                  message="Unknown"
              />
          </testcase>
      <testcase name="OPERATION-29" time="0.083">
            <failure type="Unknown"
                  message="Unknown"
              />
          </testcase>
      <testcase name="DOMAINTYPERN-03" time="0.075">
            <failure type="Unknown"
                  message="Unknown"
              />
          </testcase>
      <testcase name="DOMAINPAIRS-03" time="0.065">
            <failure type="Unknown"
                  message="Unknown"
              />
          </testcase>
      <testcase name="OB-Delete-host-15" time="0.112">
            <failure type="Unknown"
                  message="Unknown"
              />
          </testcase>
      <testcase name="LOCATION-04" time="0.502">
            <failure type="Unknown"
                  message="Unknown"
              />
          </testcase>
      <testcase name="UserGroup-10" time="0.047">
            <failure type="Unknown"
                  message="Unknown"
              />
          </testcase>
      <testcase name="INBOUNDTRANSPORT-04" time="0.094">
            <failure type="Unknown"
                  message="Unknown"
              />
          </testcase>
      <testcase name="ENABLEDPROTOCOLX12-06" time="0.085">
            <failure type="Unknown"
                  message="Unknown"
              />
          </testcase>
      <testcase name="USER-07" time="0.119">
            <failure type="Unknown"
                  message="Unknown"
              />
          </testcase>
      <testcase name="USER-12" time="0.337">
            <failure type="Unknown"
                  message="Unknown"
              />
          </testcase>
      <testcase name="RosettaNetRoles-Search-5" time="0.056">
            <failure type="Unknown"
                  message="Unknown"
              />
          </testcase>
      <testcase name="CONTACT-03" time="0.353">
            <failure type="Unknown"
                  message="Unknown"
              />
          </testcase>
      <testcase name="PCCEC-11" time="0.077">
            <failure type="Unknown"
                  message="Unknown"
              />
          </testcase>
      <testcase name="PROXY-11" time="0.451">
            <failure type="Unknown"
                  message="Unknown"
              />
          </testcase>
      <testcase name="DOMAINTYPERN-05" time="0.075">
            <failure type="Unknown"
                  message="Unknown"
              />
          </testcase>
      <testcase name="TPartner22" time="0.108">
            <failure type="Unknown"
                  message="Unknown"
              />
          </testcase>
      <testcase name="PROXY-1" time="0.518">
            <failure type="Unknown"
                  message="Unknown"
              />
          </testcase>
      <testcase name="PARTNER-02" time="0.085">
            <failure type="Unknown"
                  message="Unknown"
              />
          </testcase>
      <testcase name="PROTOCOLBDBIZID-05" time="0.110">
            <failure type="Unknown"
                  message="Unknown"
              />
          </testcase>
      <testcase name="PROTOCOLBDPARTNER-01" time="0.119">
            <failure type="Unknown"
                  message="Unknown"
              />
          </testcase>
      <testcase name="RosettaNetRoles-Create-1" time="0.299">
            <failure type="Unknown"
                  message="Unknown"
              />
          </testcase>
      <testcase name="PCCode1" time="0.242">
            <failure type="Unknown"
                  message="Unknown"
              />
          </testcase>
      <testcase name="DOMAINTYPERN-09" time="0.108">
            <failure type="Unknown"
                  message="Unknown"
              />
          </testcase>
      <testcase name="IBTProtocol-5" time="0.448">
            <failure type="Unknown"
                  message="Unknown"
              />
          </testcase>
      <testcase name="ENABLEDPROTOCOL-05" time="0.080">
            <failure type="Unknown"
                  message="Unknown"
              />
          </testcase>
      <testcase name="OPERATION-07" time="0.650">
            <failure type="Unknown"
                  message="Unknown"
              />
          </testcase>
      <testcase name="PARTNERX12-02" time="0.112">
            <failure type="Unknown"
                  message="Unknown"
              />
          </testcase>
      <testcase name="OB-CreateProtocolBind-9" time="0.611">
            <failure type="Unknown"
                  message="Unknown"
              />
          </testcase>
      <testcase name="PARTNER-20" time="0.312">
            <failure type="Unknown"
                  message="Unknown"
              />
          </testcase>
      <testcase name="OB-OverrideOperationsBinding-tt2" time="0.088">
            <failure type="Unknown"
                  message="Unknown"
              />
          </testcase>
      <testcase name="PCCEC-03" time="0.395">
            <failure type="Unknown"
                  message="Unknown"
              />
          </testcase>
      <testcase name="ROLE-07" time="0.139">
            <failure type="Unknown"
                  message="Unknown"
              />
          </testcase>
      <testcase name="TOutbound16" time="0.046">
            <failure type="Unknown"
                  message="Unknown"
              />
          </testcase>
      <testcase name="OBRN-OutboundTransportRN" time="0.639">
            <failure type="Unknown"
                  message="Unknown"
              />
          </testcase>
      <testcase name="ENABLEDPROTOCOLBA-01" time="0.633">
            <failure type="Unknown"
                  message="Unknown"
              />
          </testcase>
      <testcase name="OUTBOUNDTRANSPORT-05" time="0.081">
            <failure type="Unknown"
                  message="Unknown"
              />
          </testcase>
      <testcase name="PARTNER-Group03" time="0.091">
            <failure type="Unknown"
                  message="Unknown"
              />
          </testcase>
      <testcase name="OPERATION-19" time="0.610">
            <failure type="Unknown"
                  message="Unknown"
              />
          </testcase>
      <testcase name="LDAP-02" time="0.067">
            <failure type="Unknown"
                  message="Unknown"
              />
          </testcase>
  
  
  
</testsuite>
