<?xml version="1.0" encoding="UTF-8" standalone="no"?><testsuites failures="508" name="RESTAPIAutomationSuites" tests="508" time="219.067"><testsuite errors="0" failures="508" name="com.tibco.rest.test.DataDrivenTestCases" skipped="0" tests="508" time="219.067">
  <properties/>
      <testcase name="ENABLEDPROTOCOL-03" time="0.529">
            <failure message="Expected value should be &quot;EDIFACT&quot; : Actual value is &quot;EZComm&quot;" type="java.lang.AssertionError">
<![CDATA[java.lang.AssertionError: Expected value should be "EDIFACT" : Actual value is "EZComm"
  com.tibco.rest.restAssured.Assertions.assertTrue(Assertions.java:166)
  com.tibco.rest.restAssured.Assertions.assertEquals(Assertions.java:183)
  com.tibco.rest.test.DataDrivenTestCases.verifyResponse(DataDrivenTestCases.java:508)
  com.tibco.rest.test.DataDrivenTestCases.testcase(DataDrivenTestCases.java:352)
  sun.reflect.GeneratedMethodAccessor63.invoke(Unknown Source)
  sun.reflect.DelegatingMethodAccessorImpl.invoke(Unknown Source)
  java.lang.reflect.Method.invoke(Unknown Source)
  org.testng.internal.MethodInvocationHelper.invokeMethod(MethodInvocationHelper.java:108)
  org.testng.internal.Invoker.invokeMethod(Invoker.java:661)
  org.testng.internal.Invoker.invokeTestMethod(Invoker.java:869)
  org.testng.internal.Invoker.invokeTestMethods(Invoker.java:1193)
  org.testng.internal.TestMethodWorker.invokeTestMethods(TestMethodWorker.java:126)
  org.testng.internal.TestMethodWorker.run(TestMethodWorker.java:109)
  org.testng.TestRunner.privateRun(TestRunner.java:744)
  org.testng.TestRunner.run(TestRunner.java:602)
  org.testng.SuiteRunner.runTest(SuiteRunner.java:380)
  org.testng.SuiteRunner.runSequentially(SuiteRunner.java:375)
  org.testng.SuiteRunner.privateRun(SuiteRunner.java:340)
  org.testng.SuiteRunner.run(SuiteRunner.java:289)
  org.testng.SuiteRunnerWorker.runSuite(SuiteRunnerWorker.java:52)
  org.testng.SuiteRunnerWorker.run(SuiteRunnerWorker.java:86)
  org.testng.TestNG.runSuitesSequentially(TestNG.java:1301)
  org.testng.TestNG.runSuitesLocally(TestNG.java:1226)
  org.testng.TestNG.runSuites(TestNG.java:1144)
  org.testng.TestNG.run(TestNG.java:1115)
  org.testng.TestNG.privateMain(TestNG.java:1442)
  org.testng.TestNG.main(TestNG.java:1411)
]]>
      </failure>

          </testcase>
      <testcase name="TOutbound8" time="0.434">
            <failure message="Expected value should be &quot;The Transport name http_rn  you have entered  is already in use&quot; : Actual value is &quot;&quot;" type="java.lang.AssertionError">
<![CDATA[java.lang.AssertionError: Expected value should be "The Transport name http_rn  you have entered  is already in use" : Actual value is ""
  com.tibco.rest.restAssured.Assertions.assertTrue(Assertions.java:166)
  com.tibco.rest.restAssured.Assertions.assertEquals(Assertions.java:183)
  com.tibco.rest.test.DataDrivenTestCases.verifyResponse(DataDrivenTestCases.java:508)
  com.tibco.rest.test.DataDrivenTestCases.testcase(DataDrivenTestCases.java:377)
  sun.reflect.GeneratedMethodAccessor63.invoke(Unknown Source)
  sun.reflect.DelegatingMethodAccessorImpl.invoke(Unknown Source)
  java.lang.reflect.Method.invoke(Unknown Source)
  org.testng.internal.MethodInvocationHelper.invokeMethod(MethodInvocationHelper.java:108)
  org.testng.internal.Invoker.invokeMethod(Invoker.java:661)
  org.testng.internal.Invoker.invokeTestMethod(Invoker.java:869)
  org.testng.internal.Invoker.invokeTestMethods(Invoker.java:1193)
  org.testng.internal.TestMethodWorker.invokeTestMethods(TestMethodWorker.java:126)
  org.testng.internal.TestMethodWorker.run(TestMethodWorker.java:109)
  org.testng.TestRunner.privateRun(TestRunner.java:744)
  org.testng.TestRunner.run(TestRunner.java:602)
  org.testng.SuiteRunner.runTest(SuiteRunner.java:380)
  org.testng.SuiteRunner.runSequentially(SuiteRunner.java:375)
  org.testng.SuiteRunner.privateRun(SuiteRunner.java:340)
  org.testng.SuiteRunner.run(SuiteRunner.java:289)
  org.testng.SuiteRunnerWorker.runSuite(SuiteRunnerWorker.java:52)
  org.testng.SuiteRunnerWorker.run(SuiteRunnerWorker.java:86)
  org.testng.TestNG.runSuitesSequentially(TestNG.java:1301)
  org.testng.TestNG.runSuitesLocally(TestNG.java:1226)
  org.testng.TestNG.runSuites(TestNG.java:1144)
  org.testng.TestNG.run(TestNG.java:1115)
  org.testng.TestNG.privateMain(TestNG.java:1442)
  org.testng.TestNG.main(TestNG.java:1411)
]]>
      </failure>

          </testcase>
      <testcase name="OPERATIONS-RN012" time="0.267">
            <failure message="Unable to store response string to variable or couldn't received response." type="java.lang.AssertionError">
<![CDATA[java.lang.AssertionError: Unable to store response string to variable or couldn't received response.
  com.tibco.rest.restAssured.Assertions.assertTrue(Assertions.java:166)
  com.tibco.rest.test.DataDrivenTestCases.testcase(DataDrivenTestCases.java:415)
  sun.reflect.GeneratedMethodAccessor63.invoke(Unknown Source)
  sun.reflect.DelegatingMethodAccessorImpl.invoke(Unknown Source)
  java.lang.reflect.Method.invoke(Unknown Source)
  org.testng.internal.MethodInvocationHelper.invokeMethod(MethodInvocationHelper.java:108)
  org.testng.internal.Invoker.invokeMethod(Invoker.java:661)
  org.testng.internal.Invoker.invokeTestMethod(Invoker.java:869)
  org.testng.internal.Invoker.invokeTestMethods(Invoker.java:1193)
  org.testng.internal.TestMethodWorker.invokeTestMethods(TestMethodWorker.java:126)
  org.testng.internal.TestMethodWorker.run(TestMethodWorker.java:109)
  org.testng.TestRunner.privateRun(TestRunner.java:744)
  org.testng.TestRunner.run(TestRunner.java:602)
  org.testng.SuiteRunner.runTest(SuiteRunner.java:380)
  org.testng.SuiteRunner.runSequentially(SuiteRunner.java:375)
  org.testng.SuiteRunner.privateRun(SuiteRunner.java:340)
  org.testng.SuiteRunner.run(SuiteRunner.java:289)
  org.testng.SuiteRunnerWorker.runSuite(SuiteRunnerWorker.java:52)
  org.testng.SuiteRunnerWorker.run(SuiteRunnerWorker.java:86)
  org.testng.TestNG.runSuitesSequentially(TestNG.java:1301)
  org.testng.TestNG.runSuitesLocally(TestNG.java:1226)
  org.testng.TestNG.runSuites(TestNG.java:1144)
  org.testng.TestNG.run(TestNG.java:1115)
  org.testng.TestNG.privateMain(TestNG.java:1442)
  org.testng.TestNG.main(TestNG.java:1411)
]]>
      </failure>

          </testcase>
      <testcase name="PCCEC-06" time="0.961">
            <failure message="Expected value should not be &quot;[]&quot; : Actual value is &quot;[]&quot;" type="java.lang.AssertionError">
<![CDATA[java.lang.AssertionError: Expected value should not be "[]" : Actual value is "[]"
  com.tibco.rest.restAssured.Assertions.assertTrue(Assertions.java:166)
  com.tibco.rest.restAssured.Assertions.assertNotEquals(Assertions.java:196)
  com.tibco.rest.test.DataDrivenTestCases.verifyResponse(DataDrivenTestCases.java:520)
  com.tibco.rest.test.DataDrivenTestCases.testcase(DataDrivenTestCases.java:344)
  sun.reflect.GeneratedMethodAccessor63.invoke(Unknown Source)
  sun.reflect.DelegatingMethodAccessorImpl.invoke(Unknown Source)
  java.lang.reflect.Method.invoke(Unknown Source)
  org.testng.internal.MethodInvocationHelper.invokeMethod(MethodInvocationHelper.java:108)
  org.testng.internal.Invoker.invokeMethod(Invoker.java:661)
  org.testng.internal.Invoker.invokeTestMethod(Invoker.java:869)
  org.testng.internal.Invoker.invokeTestMethods(Invoker.java:1193)
  org.testng.internal.TestMethodWorker.invokeTestMethods(TestMethodWorker.java:126)
  org.testng.internal.TestMethodWorker.run(TestMethodWorker.java:109)
  org.testng.TestRunner.privateRun(TestRunner.java:744)
  org.testng.TestRunner.run(TestRunner.java:602)
  org.testng.SuiteRunner.runTest(SuiteRunner.java:380)
  org.testng.SuiteRunner.runSequentially(SuiteRunner.java:375)
  org.testng.SuiteRunner.privateRun(SuiteRunner.java:340)
  org.testng.SuiteRunner.run(SuiteRunner.java:289)
  org.testng.SuiteRunnerWorker.runSuite(SuiteRunnerWorker.java:52)
  org.testng.SuiteRunnerWorker.run(SuiteRunnerWorker.java:86)
  org.testng.TestNG.runSuitesSequentially(TestNG.java:1301)
  org.testng.TestNG.runSuitesLocally(TestNG.java:1226)
  org.testng.TestNG.runSuites(TestNG.java:1144)
  org.testng.TestNG.run(TestNG.java:1115)
  org.testng.TestNG.privateMain(TestNG.java:1442)
  org.testng.TestNG.main(TestNG.java:1411)
]]>
      </failure>

          </testcase>
      <testcase name="OPERATION-01" time="1.504">
            <failure message="Expected value should be &quot;EDIFACT&quot; : Actual value is &quot;EZComm&quot;" type="java.lang.AssertionError">
<![CDATA[java.lang.AssertionError: Expected value should be "EDIFACT" : Actual value is "EZComm"
  com.tibco.rest.restAssured.Assertions.assertTrue(Assertions.java:166)
  com.tibco.rest.restAssured.Assertions.assertEquals(Assertions.java:183)
  com.tibco.rest.test.DataDrivenTestCases.verifyResponse(DataDrivenTestCases.java:508)
  com.tibco.rest.test.DataDrivenTestCases.testcase(DataDrivenTestCases.java:352)
  sun.reflect.GeneratedMethodAccessor63.invoke(Unknown Source)
  sun.reflect.DelegatingMethodAccessorImpl.invoke(Unknown Source)
  java.lang.reflect.Method.invoke(Unknown Source)
  org.testng.internal.MethodInvocationHelper.invokeMethod(MethodInvocationHelper.java:108)
  org.testng.internal.Invoker.invokeMethod(Invoker.java:661)
  org.testng.internal.Invoker.invokeTestMethod(Invoker.java:869)
  org.testng.internal.Invoker.invokeTestMethods(Invoker.java:1193)
  org.testng.internal.TestMethodWorker.invokeTestMethods(TestMethodWorker.java:126)
  org.testng.internal.TestMethodWorker.run(TestMethodWorker.java:109)
  org.testng.TestRunner.privateRun(TestRunner.java:744)
  org.testng.TestRunner.run(TestRunner.java:602)
  org.testng.SuiteRunner.runTest(SuiteRunner.java:380)
  org.testng.SuiteRunner.runSequentially(SuiteRunner.java:375)
  org.testng.SuiteRunner.privateRun(SuiteRunner.java:340)
  org.testng.SuiteRunner.run(SuiteRunner.java:289)
  org.testng.SuiteRunnerWorker.runSuite(SuiteRunnerWorker.java:52)
  org.testng.SuiteRunnerWorker.run(SuiteRunnerWorker.java:86)
  org.testng.TestNG.runSuitesSequentially(TestNG.java:1301)
  org.testng.TestNG.runSuitesLocally(TestNG.java:1226)
  org.testng.TestNG.runSuites(TestNG.java:1144)
  org.testng.TestNG.run(TestNG.java:1115)
  org.testng.TestNG.privateMain(TestNG.java:1442)
  org.testng.TestNG.main(TestNG.java:1411)
]]>
      </failure>

          </testcase>
      <testcase name="OPERATIONS-RN013" time="0.870">
            <failure message="Expected value should be &quot;RosettaNet&quot; : Actual value is &quot;X12&quot;" type="java.lang.AssertionError">
<![CDATA[java.lang.AssertionError: Expected value should be "RosettaNet" : Actual value is "X12"
  com.tibco.rest.restAssured.Assertions.assertTrue(Assertions.java:166)
  com.tibco.rest.restAssured.Assertions.assertEquals(Assertions.java:183)
  com.tibco.rest.test.DataDrivenTestCases.verifyResponse(DataDrivenTestCases.java:508)
  com.tibco.rest.test.DataDrivenTestCases.testcase(DataDrivenTestCases.java:352)
  sun.reflect.GeneratedMethodAccessor63.invoke(Unknown Source)
  sun.reflect.DelegatingMethodAccessorImpl.invoke(Unknown Source)
  java.lang.reflect.Method.invoke(Unknown Source)
  org.testng.internal.MethodInvocationHelper.invokeMethod(MethodInvocationHelper.java:108)
  org.testng.internal.Invoker.invokeMethod(Invoker.java:661)
  org.testng.internal.Invoker.invokeTestMethod(Invoker.java:869)
  org.testng.internal.Invoker.invokeTestMethods(Invoker.java:1193)
  org.testng.internal.TestMethodWorker.invokeTestMethods(TestMethodWorker.java:126)
  org.testng.internal.TestMethodWorker.run(TestMethodWorker.java:109)
  org.testng.TestRunner.privateRun(TestRunner.java:744)
  org.testng.TestRunner.run(TestRunner.java:602)
  org.testng.SuiteRunner.runTest(SuiteRunner.java:380)
  org.testng.SuiteRunner.runSequentially(SuiteRunner.java:375)
  org.testng.SuiteRunner.privateRun(SuiteRunner.java:340)
  org.testng.SuiteRunner.run(SuiteRunner.java:289)
  org.testng.SuiteRunnerWorker.runSuite(SuiteRunnerWorker.java:52)
  org.testng.SuiteRunnerWorker.run(SuiteRunnerWorker.java:86)
  org.testng.TestNG.runSuitesSequentially(TestNG.java:1301)
  org.testng.TestNG.runSuitesLocally(TestNG.java:1226)
  org.testng.TestNG.runSuites(TestNG.java:1144)
  org.testng.TestNG.run(TestNG.java:1115)
  org.testng.TestNG.privateMain(TestNG.java:1442)
  org.testng.TestNG.main(TestNG.java:1411)
]]>
      </failure>

          </testcase>
      <testcase name="UserGroup-02" time="0.097">
            <failure message="Unknown" type="Unknown"/>
          </testcase>
      <testcase name="INSTALLED PROTOCOLS-01" time="0.177">
            <failure message="Expected value should be &quot;EZComm&quot; : Actual value is &quot;RosettaNet&quot;" type="java.lang.AssertionError">
<![CDATA[java.lang.AssertionError: Expected value should be "EZComm" : Actual value is "RosettaNet"
  com.tibco.rest.restAssured.Assertions.assertTrue(Assertions.java:166)
  com.tibco.rest.restAssured.Assertions.assertEquals(Assertions.java:183)
  com.tibco.rest.test.DataDrivenTestCases.verifyResponse(DataDrivenTestCases.java:508)
  com.tibco.rest.test.DataDrivenTestCases.testcase(DataDrivenTestCases.java:352)
  sun.reflect.GeneratedMethodAccessor63.invoke(Unknown Source)
  sun.reflect.DelegatingMethodAccessorImpl.invoke(Unknown Source)
  java.lang.reflect.Method.invoke(Unknown Source)
  org.testng.internal.MethodInvocationHelper.invokeMethod(MethodInvocationHelper.java:108)
  org.testng.internal.Invoker.invokeMethod(Invoker.java:661)
  org.testng.internal.Invoker.invokeTestMethod(Invoker.java:869)
  org.testng.internal.Invoker.invokeTestMethods(Invoker.java:1193)
  org.testng.internal.TestMethodWorker.invokeTestMethods(TestMethodWorker.java:126)
  org.testng.internal.TestMethodWorker.run(TestMethodWorker.java:109)
  org.testng.TestRunner.privateRun(TestRunner.java:744)
  org.testng.TestRunner.run(TestRunner.java:602)
  org.testng.SuiteRunner.runTest(SuiteRunner.java:380)
  org.testng.SuiteRunner.runSequentially(SuiteRunner.java:375)
  org.testng.SuiteRunner.privateRun(SuiteRunner.java:340)
  org.testng.SuiteRunner.run(SuiteRunner.java:289)
  org.testng.SuiteRunnerWorker.runSuite(SuiteRunnerWorker.java:52)
  org.testng.SuiteRunnerWorker.run(SuiteRunnerWorker.java:86)
  org.testng.TestNG.runSuitesSequentially(TestNG.java:1301)
  org.testng.TestNG.runSuitesLocally(TestNG.java:1226)
  org.testng.TestNG.runSuites(TestNG.java:1144)
  org.testng.TestNG.run(TestNG.java:1115)
  org.testng.TestNG.privateMain(TestNG.java:1442)
  org.testng.TestNG.main(TestNG.java:1411)
]]>
      </failure>

          </testcase>
      <testcase name="LDAP-04" time="0.110">
            <failure message="Expected value should be &quot;bc=dev1&quot; : Actual value is &quot;bc=dev&quot;" type="java.lang.AssertionError">
<![CDATA[java.lang.AssertionError: Expected value should be "bc=dev1" : Actual value is "bc=dev"
  com.tibco.rest.restAssured.Assertions.assertTrue(Assertions.java:166)
  com.tibco.rest.restAssured.Assertions.assertEquals(Assertions.java:183)
  com.tibco.rest.test.DataDrivenTestCases.verifyResponse(DataDrivenTestCases.java:508)
  com.tibco.rest.test.DataDrivenTestCases.testcase(DataDrivenTestCases.java:352)
  sun.reflect.GeneratedMethodAccessor63.invoke(Unknown Source)
  sun.reflect.DelegatingMethodAccessorImpl.invoke(Unknown Source)
  java.lang.reflect.Method.invoke(Unknown Source)
  org.testng.internal.MethodInvocationHelper.invokeMethod(MethodInvocationHelper.java:108)
  org.testng.internal.Invoker.invokeMethod(Invoker.java:661)
  org.testng.internal.Invoker.invokeTestMethod(Invoker.java:869)
  org.testng.internal.Invoker.invokeTestMethods(Invoker.java:1193)
  org.testng.internal.TestMethodWorker.invokeTestMethods(TestMethodWorker.java:126)
  org.testng.internal.TestMethodWorker.run(TestMethodWorker.java:109)
  org.testng.TestRunner.privateRun(TestRunner.java:744)
  org.testng.TestRunner.run(TestRunner.java:602)
  org.testng.SuiteRunner.runTest(SuiteRunner.java:380)
  org.testng.SuiteRunner.runSequentially(SuiteRunner.java:375)
  org.testng.SuiteRunner.privateRun(SuiteRunner.java:340)
  org.testng.SuiteRunner.run(SuiteRunner.java:289)
  org.testng.SuiteRunnerWorker.runSuite(SuiteRunnerWorker.java:52)
  org.testng.SuiteRunnerWorker.run(SuiteRunnerWorker.java:86)
  org.testng.TestNG.runSuitesSequentially(TestNG.java:1301)
  org.testng.TestNG.runSuitesLocally(TestNG.java:1226)
  org.testng.TestNG.runSuites(TestNG.java:1144)
  org.testng.TestNG.run(TestNG.java:1115)
  org.testng.TestNG.privateMain(TestNG.java:1442)
  org.testng.TestNG.main(TestNG.java:1411)
]]>
      </failure>

          </testcase>
      <testcase name="USER-17" time="0.229">
            <failure message="Expected value should contains &quot;Invalid credentials&quot; : Actual value is &quot;Invalid credentials&quot;" type="java.lang.AssertionError">
<![CDATA[java.lang.AssertionError: Expected value should contains "Invalid credentials" : Actual value is "Invalid credentials"
  com.tibco.rest.restAssured.Assertions.assertTrue(Assertions.java:166)
  com.tibco.rest.restAssured.Assertions.assertContains(Assertions.java:212)
  com.tibco.rest.test.DataDrivenTestCases.verifyResponse(DataDrivenTestCases.java:533)
  com.tibco.rest.test.DataDrivenTestCases.testcase(DataDrivenTestCases.java:352)
  sun.reflect.GeneratedMethodAccessor63.invoke(Unknown Source)
  sun.reflect.DelegatingMethodAccessorImpl.invoke(Unknown Source)
  java.lang.reflect.Method.invoke(Unknown Source)
  org.testng.internal.MethodInvocationHelper.invokeMethod(MethodInvocationHelper.java:108)
  org.testng.internal.Invoker.invokeMethod(Invoker.java:661)
  org.testng.internal.Invoker.invokeTestMethod(Invoker.java:869)
  org.testng.internal.Invoker.invokeTestMethods(Invoker.java:1193)
  org.testng.internal.TestMethodWorker.invokeTestMethods(TestMethodWorker.java:126)
  org.testng.internal.TestMethodWorker.run(TestMethodWorker.java:109)
  org.testng.TestRunner.privateRun(TestRunner.java:744)
  org.testng.TestRunner.run(TestRunner.java:602)
  org.testng.SuiteRunner.runTest(SuiteRunner.java:380)
  org.testng.SuiteRunner.runSequentially(SuiteRunner.java:375)
  org.testng.SuiteRunner.privateRun(SuiteRunner.java:340)
  org.testng.SuiteRunner.run(SuiteRunner.java:289)
  org.testng.SuiteRunnerWorker.runSuite(SuiteRunnerWorker.java:52)
  org.testng.SuiteRunnerWorker.run(SuiteRunnerWorker.java:86)
  org.testng.TestNG.runSuitesSequentially(TestNG.java:1301)
  org.testng.TestNG.runSuitesLocally(TestNG.java:1226)
  org.testng.TestNG.runSuites(TestNG.java:1144)
  org.testng.TestNG.run(TestNG.java:1115)
  org.testng.TestNG.privateMain(TestNG.java:1442)
  org.testng.TestNG.main(TestNG.java:1411)
]]>
      </failure>

          </testcase>
      <testcase name="CONTACT-07" time="0.323">
            <failure message="Unknown" type="Unknown"/>
          </testcase>
      <testcase name="IBTProtocol-8" time="0.640">
            <failure message="Unknown" type="Unknown"/>
          </testcase>
      <testcase name="PROXY-7" time="0.283">
            <failure message="Unknown" type="Unknown"/>
          </testcase>
      <testcase name="RNROLEERROR-08" time="0.159">
            <failure message="Unknown" type="Unknown"/>
          </testcase>
      <testcase name="PCCEC-10" time="0.099">
            <failure message="Unknown" type="Unknown"/>
          </testcase>
      <testcase name="PROTOCOLBDBIZID-04" time="0.517">
            <failure message="Unknown" type="Unknown"/>
          </testcase>
      <testcase name="CONTACT-06" time="0.299">
            <failure message="Unknown" type="Unknown"/>
          </testcase>
      <testcase name="SR-16" time="0.158">
            <failure message="Unknown" type="Unknown"/>
          </testcase>
      <testcase name="OB-Delete-BZAgreement-14" time="0.275">
            <failure message="Unknown" type="Unknown"/>
          </testcase>
      <testcase name="DOMAINTYPE-03" time="0.278">
            <failure message="Unknown" type="Unknown"/>
          </testcase>
      <testcase name="USER-08" time="0.767">
            <failure message="Unknown" type="Unknown"/>
          </testcase>
      <testcase name="OB-CreateProtocolBind-11" time="0.691">
            <failure message="Unknown" type="Unknown"/>
          </testcase>
      <testcase name="OPERATIONS-RN023" time="0.142">
            <failure message="Unknown" type="Unknown"/>
          </testcase>
      <testcase name="OBRN-OperationsNotifytransaction" time="0.987">
            <failure message="Unknown" type="Unknown"/>
          </testcase>
      <testcase name="DOMAINPAIRSX12-06" time="0.409">
            <failure message="Unknown" type="Unknown"/>
          </testcase>
      <testcase name="UserGroup-07" time="0.088">
            <failure message="Unknown" type="Unknown"/>
          </testcase>
      <testcase name="OPERATION-15" time="0.358">
            <failure message="Unknown" type="Unknown"/>
          </testcase>
      <testcase name="PROTOCOLBINDINGS-22" time="0.179">
            <failure message="Unknown" type="Unknown"/>
          </testcase>
      <testcase name="OPERATIONS-RN010" time="0.413">
            <failure message="Unknown" type="Unknown"/>
          </testcase>
      <testcase name="OPERATION-04" time="0.406">
            <failure message="Unknown" type="Unknown"/>
          </testcase>
      <testcase name="HOST-02" time="0.392">
            <failure message="Unknown" type="Unknown"/>
          </testcase>
      <testcase name="PROTOCOLBINDINGSX12-04" time="0.742">
            <failure message="Unknown" type="Unknown"/>
          </testcase>
      <testcase name="OPERATIONS-RN020" time="0.238">
            <failure message="Unknown" type="Unknown"/>
          </testcase>
      <testcase name="OPERATIONS-RN011" time="0.317">
            <failure message="Unknown" type="Unknown"/>
          </testcase>
      <testcase name="DOMAINTYPERN-03" time="0.120">
            <failure message="Unknown" type="Unknown"/>
          </testcase>
      <testcase name="PROXY-6" time="0.582">
            <failure message="Unknown" type="Unknown"/>
          </testcase>
      <testcase name="HOSTBA-03" time="0.143">
            <failure message="Unknown" type="Unknown"/>
          </testcase>
      <testcase name="PROTOCOLBD-07" time="0.508">
            <failure message="Unknown" type="Unknown"/>
          </testcase>
      <testcase name="ENABLEDPROTOCOL-20" time="0.716">
            <failure message="Unknown" type="Unknown"/>
          </testcase>
      <testcase name="PARTNERX12-01" time="0.406">
            <failure message="Unknown" type="Unknown"/>
          </testcase>
      <testcase name="OB-OverrideOperationsBinding-ast2" time="0.214">
            <failure message="Unknown" type="Unknown"/>
          </testcase>
      <testcase name="DOMAINPAIRS-01" time="0.485">
            <failure message="Unknown" type="Unknown"/>
          </testcase>
      <testcase name="RosettaNetRoles-Search-6" time="0.128">
            <failure message="Unknown" type="Unknown"/>
          </testcase>
      <testcase name="OPERATIONS-RN016" time="0.789">
            <failure message="Unknown" type="Unknown"/>
          </testcase>
      <testcase name="INBOUNDTRANSPORT-02" time="0.235">
            <failure message="Unknown" type="Unknown"/>
          </testcase>
      <testcase name="USER-Group02" time="0.615">
            <failure message="Unknown" type="Unknown"/>
          </testcase>
      <testcase name="TBizAgreement21" time="0.243">
            <failure message="Unknown" type="Unknown"/>
          </testcase>
      <testcase name="PARTNERBA-02" time="0.432">
            <failure message="Unknown" type="Unknown"/>
          </testcase>
      <testcase name="DOMAINPAIRSX12-02" time="0.525">
            <failure message="Unknown" type="Unknown"/>
          </testcase>
      <testcase name="OPERATION-13" time="0.233">
            <failure message="Unknown" type="Unknown"/>
          </testcase>
      <testcase name="OPERATION-30" time="0.184">
            <failure message="Unknown" type="Unknown"/>
          </testcase>
      <testcase name="PARTNER-21" time="0.304">
            <failure message="Unknown" type="Unknown"/>
          </testcase>
      <testcase name="RNROLEERROR-02" time="0.262">
            <failure message="Unknown" type="Unknown"/>
          </testcase>
      <testcase name="ROLE-05" time="0.165">
            <failure message="Unknown" type="Unknown"/>
          </testcase>
      <testcase name="UserGroup-05" time="0.317">
            <failure message="Unknown" type="Unknown"/>
          </testcase>
      <testcase name="USER-16" time="0.510">
            <failure message="Unknown" type="Unknown"/>
          </testcase>
      <testcase name="PCCEC-04" time="0.710">
            <failure message="Unknown" type="Unknown"/>
          </testcase>
      <testcase name="LOCATION-02" time="0.193">
            <failure message="Unknown" type="Unknown"/>
          </testcase>
      <testcase name="IBTProtocol-2" time="0.713">
            <failure message="Unknown" type="Unknown"/>
          </testcase>
      <testcase name="OB-CreateProtocolBind-10" time="0.790">
            <failure message="Unknown" type="Unknown"/>
          </testcase>
      <testcase name="USER-03" time="0.386">
            <failure message="Unknown" type="Unknown"/>
          </testcase>
      <testcase name="ROLE-08" time="0.130">
            <failure message="Unknown" type="Unknown"/>
          </testcase>
      <testcase name="ROLE-06" time="0.184">
            <failure message="Unknown" type="Unknown"/>
          </testcase>
      <testcase name="OPERATION-06" time="1.037">
            <failure message="Unknown" type="Unknown"/>
          </testcase>
      <testcase name="RBERROR-06" time="0.236">
            <failure message="Unknown" type="Unknown"/>
          </testcase>
      <testcase name="USER-07" time="0.308">
            <failure message="Unknown" type="Unknown"/>
          </testcase>
      <testcase name="ENABLEDPROTOCOLX12-09" time="0.166">
            <failure message="Unknown" type="Unknown"/>
          </testcase>
      <testcase name="ENABLEDPROTOCOL-02" time="0.916">
            <failure message="Unknown" type="Unknown"/>
          </testcase>
      <testcase name="USER-05" time="0.164">
            <failure message="Unknown" type="Unknown"/>
          </testcase>
      <testcase name="ENABLEDPROTOCOL-09" time="0.154">
            <failure message="Unknown" type="Unknown"/>
          </testcase>
      <testcase name="DOMAINTYPE-07" time="0.456">
            <failure message="Unknown" type="Unknown"/>
          </testcase>
      <testcase name="LOCATION-01" time="0.912">
            <failure message="Unknown" type="Unknown"/>
          </testcase>
      <testcase name="PARTNERBA-01" time="0.492">
            <failure message="Unknown" type="Unknown"/>
          </testcase>
      <testcase name="BIZAGREEMENT-07" time="0.296">
            <failure message="Unknown" type="Unknown"/>
          </testcase>
      <testcase name="PARTNER-Group01" time="0.385">
            <failure message="Unknown" type="Unknown"/>
          </testcase>
      <testcase name="OPERATIONS-RN019" time="0.128">
            <failure message="Unknown" type="Unknown"/>
          </testcase>
      <testcase name="DOMAINPAIRSRN-07" time="0.156">
            <failure message="Unknown" type="Unknown"/>
          </testcase>
      <testcase name="OB-EnableProtocol-7" time="0.933">
            <failure message="Unknown" type="Unknown"/>
          </testcase>
      <testcase name="GatewayService-4" time="0.459">
            <failure message="Unknown" type="Unknown"/>
          </testcase>
      <testcase name="DOMAINTYPE-02" time="0.186">
            <failure message="Unknown" type="Unknown"/>
          </testcase>
      <testcase name="TEnableProtocolPartner4" time="1.188">
            <failure message="Unknown" type="Unknown"/>
          </testcase>
      <testcase name="SR-12" time="0.214">
            <failure message="Unknown" type="Unknown"/>
          </testcase>
      <testcase name="DOMAINTYPERN-09" time="0.158">
            <failure message="Unknown" type="Unknown"/>
          </testcase>
      <testcase name="PROXY-2" time="0.216">
            <failure message="Unknown" type="Unknown"/>
          </testcase>
      <testcase name="PROTOCOLBD-06" time="0.513">
            <failure message="Unknown" type="Unknown"/>
          </testcase>
      <testcase name="OUTBOUNDTRANSPORT-05" time="0.193">
            <failure message="Unknown" type="Unknown"/>
          </testcase>
      <testcase name="PARTNER-02" time="0.299">
            <failure message="Unknown" type="Unknown"/>
          </testcase>
      <testcase name="USER-10" time="0.140">
            <failure message="Unknown" type="Unknown"/>
          </testcase>
      <testcase name="USER-07" time="0.462">
            <failure message="Unknown" type="Unknown"/>
          </testcase>
      <testcase name="OPERATIONS-RN005" time="1.928">
            <failure message="Unknown" type="Unknown"/>
          </testcase>
      <testcase name="OPERATIONS-RN024" time="0.127">
            <failure message="Unknown" type="Unknown"/>
          </testcase>
      <testcase name="PCCEC-13" time="0.370">
            <failure message="Unknown" type="Unknown"/>
          </testcase>
      <testcase name="UserGroup-02" time="0.097">
            <failure message="Unknown" type="Unknown"/>
          </testcase>
      <testcase name="OB-Create-operation-2" time="0.676">
            <failure message="Unknown" type="Unknown"/>
          </testcase>
      <testcase name="OB-CreateProtocolBind-15" time="0.573">
            <failure message="Unknown" type="Unknown"/>
          </testcase>
      <testcase name="ENABLEDPROTOCOL-07" time="0.414">
            <failure message="Unknown" type="Unknown"/>
          </testcase>
      <testcase name="DOMAINPAIRSX12-04" time="0.372">
            <failure message="Unknown" type="Unknown"/>
          </testcase>
      <testcase name="BIZAGREEMENT-21" time="0.294">
            <failure message="Unknown" type="Unknown"/>
          </testcase>
      <testcase name="PARTNERBA-04" time="0.222">
            <failure message="Unknown" type="Unknown"/>
          </testcase>
      <testcase name="OB-Delete-partner-16" time="0.338">
            <failure message="Unknown" type="Unknown"/>
          </testcase>
      <testcase name="OBRN-Delete operation node0" time="0.140">
            <failure message="Unknown" type="Unknown"/>
          </testcase>
      <testcase name="MBERROR-01" time="0.089">
            <failure message="Unknown" type="Unknown"/>
          </testcase>
      <testcase name="CONTACT-01" time="0.551">
            <failure message="Unknown" type="Unknown"/>
          </testcase>
      <testcase name="PROTOCOLBINDINGS-20" time="0.679">
            <failure message="Unknown" type="Unknown"/>
          </testcase>
      <testcase name="PARTNER-12" time="0.368">
            <failure message="Unknown" type="Unknown"/>
          </testcase>
      <testcase name="SR-20" time="0.186">
            <failure message="Unknown" type="Unknown"/>
          </testcase>
      <testcase name="PROXY-19" time="0.255">
            <failure message="Unknown" type="Unknown"/>
          </testcase>
      <testcase name="UserGroup-12" time="0.114">
            <failure message="Unknown" type="Unknown"/>
          </testcase>
      <testcase name="ROLE-01" time="0.384">
            <failure message="Unknown" type="Unknown"/>
          </testcase>
      <testcase name="OPERATIONS-RN003" time="0.336">
            <failure message="Unknown" type="Unknown"/>
          </testcase>
      <testcase name="PROTOCOLBDHOST-02" time="0.603">
            <failure message="Unknown" type="Unknown"/>
          </testcase>
      <testcase name="OB-Outboundtrans-10" time="0.558">
            <failure message="Unknown" type="Unknown"/>
          </testcase>
      <testcase name="PROXY-13" time="0.679">
            <failure message="Unknown" type="Unknown"/>
          </testcase>
      <testcase name="HOST-20" time="0.532">
            <failure message="Unknown" type="Unknown"/>
          </testcase>
      <testcase name="SR-22" time="0.159">
            <failure message="Unknown" type="Unknown"/>
          </testcase>
      <testcase name="GSInfor-3" time="0.200">
            <failure message="Unknown" type="Unknown"/>
          </testcase>
      <testcase name="GatewayService-2" time="0.392">
            <failure message="Unknown" type="Unknown"/>
          </testcase>
      <testcase name="ENABLEDPROTOCOL-01" time="0.872">
            <failure message="Unknown" type="Unknown"/>
          </testcase>
      <testcase name="SR-13" time="0.512">
            <failure message="Unknown" type="Unknown"/>
          </testcase>
      <testcase name="OBRN-DeleteOperationBinding" time="0.719">
            <failure message="Unknown" type="Unknown"/>
          </testcase>
      <testcase name="DOMAINPAIRS-07" time="0.180">
            <failure message="Unknown" type="Unknown"/>
          </testcase>
      <testcase name="GatewayService-1" time="0.639">
            <failure message="Unknown" type="Unknown"/>
          </testcase>
      <testcase name="DOMAINPAIRS-06" time="0.118">
            <failure message="Unknown" type="Unknown"/>
          </testcase>
      <testcase name="PARTNER-01" time="0.605">
            <failure message="Unknown" type="Unknown"/>
          </testcase>
      <testcase name="OPERATION-11" time="0.297">
            <failure message="Unknown" type="Unknown"/>
          </testcase>
      <testcase name="DOMAINTYPERN-07" time="0.130">
            <failure message="Unknown" type="Unknown"/>
          </testcase>
      <testcase name="PROXY-10" time="0.165">
            <failure message="Unknown" type="Unknown"/>
          </testcase>
      <testcase name="SCC-05" time="0.272">
            <failure message="Unknown" type="Unknown"/>
          </testcase>
      <testcase name="OBRN-Partner" time="0.508">
            <failure message="Unknown" type="Unknown"/>
          </testcase>
      <testcase name="SCC-03" time="0.449">
            <failure message="Unknown" type="Unknown"/>
          </testcase>
      <testcase name="OPERATION-03" time="0.202">
            <failure message="Unknown" type="Unknown"/>
          </testcase>
      <testcase name="LOCATIONERROR-02" time="0.408">
            <failure message="Unknown" type="Unknown"/>
          </testcase>
      <testcase name="RBERROR-01" time="0.236">
            <failure message="Unknown" type="Unknown"/>
          </testcase>
      <testcase name="RN-CreatePARTNER-8" time="0.513">
            <failure message="Unknown" type="Unknown"/>
          </testcase>
      <testcase name="BIZAGREEMENTX12-01" time="0.407">
            <failure message="Unknown" type="Unknown"/>
          </testcase>
      <testcase name="RNROLEERROR-03" time="0.069">
            <failure message="Unknown" type="Unknown"/>
          </testcase>
      <testcase name="OPERATIONS-RN025" time="0.151">
            <failure message="Unknown" type="Unknown"/>
          </testcase>
      <testcase name="OBRN-OperationsRequestResponsetransaction" time="0.891">
            <failure message="Unknown" type="Unknown"/>
          </testcase>
      <testcase name="IBTProtocol-5" time="0.559">
            <failure message="Unknown" type="Unknown"/>
          </testcase>
      <testcase name="PARTNER-11" time="0.259">
            <failure message="Unknown" type="Unknown"/>
          </testcase>
      <testcase name="OPERATION-17" time="0.373">
            <failure message="Unknown" type="Unknown"/>
          </testcase>
      <testcase name="BIZAGREEMENT-03" time="0.323">
            <failure message="Unknown" type="Unknown"/>
          </testcase>
      <testcase name="PROTOCOLBINDINGSX12-03" time="0.572">
            <failure message="Unknown" type="Unknown"/>
          </testcase>
      <testcase name="IBTProtocol-10" time="0.609">
            <failure message="Unknown" type="Unknown"/>
          </testcase>
      <testcase name="DOMAINTYPERN-10" time="0.137">
            <failure message="Unknown" type="Unknown"/>
          </testcase>
      <testcase name="OB-Outboundtrans-8" time="0.951">
            <failure message="Unknown" type="Unknown"/>
          </testcase>
      <testcase name="PCCEC-15" time="0.114">
            <failure message="Unknown" type="Unknown"/>
          </testcase>
      <testcase name="DOMAINPAIRS-09" time="0.477">
            <failure message="Unknown" type="Unknown"/>
          </testcase>
      <testcase name="OPERATION-28" time="0.289">
            <failure message="Unknown" type="Unknown"/>
          </testcase>
      <testcase name="IBTProtocol-3" time="0.604">
            <failure message="Unknown" type="Unknown"/>
          </testcase>
      <testcase name="PCCEC-05" time="0.514">
            <failure message="Unknown" type="Unknown"/>
          </testcase>
      <testcase name="PROTOCOLBINDINGSX12-02" time="1.831">
            <failure message="Unknown" type="Unknown"/>
          </testcase>
      <testcase name="OPERATIONS-RN006" time="0.988">
            <failure message="Unknown" type="Unknown"/>
          </testcase>
      <testcase name="SR-15" time="0.230">
            <failure message="Unknown" type="Unknown"/>
          </testcase>
      <testcase name="TOutbound9" time="0.249">
            <failure message="Unknown" type="Unknown"/>
          </testcase>
      <testcase name="OUTBOUNDTRANSPORT-04" time="0.233">
            <failure message="Unknown" type="Unknown"/>
          </testcase>
      <testcase name="OB-Delete-Operation-17" time="0.109">
            <failure message="Unknown" type="Unknown"/>
          </testcase>
      <testcase name="PROXY-14" time="0.253">
            <failure message="Unknown" type="Unknown"/>
          </testcase>
      <testcase name="ENABLEDPROTOCOL-30" time="1.292">
            <failure message="Unknown" type="Unknown"/>
          </testcase>
      <testcase name="OUTBOUNDTRANSPORT-07" time="0.285">
            <failure message="Unknown" type="Unknown"/>
          </testcase>
      <testcase name="OB-CreateBizAgre-7" time="1.138">
            <failure message="Unknown" type="Unknown"/>
          </testcase>
      <testcase name="RBERROR-04" time="0.432">
            <failure message="Unknown" type="Unknown"/>
          </testcase>
      <testcase name="USER-18" time="0.106">
            <failure message="Unknown" type="Unknown"/>
          </testcase>
      <testcase name="LOCATION-06" time="0.167">
            <failure message="Unknown" type="Unknown"/>
          </testcase>
      <testcase name="PARTNER-15" time="0.247">
            <failure message="Unknown" type="Unknown"/>
          </testcase>
      <testcase name="OPERATIONS-RN017" time="1.032">
            <failure message="Unknown" type="Unknown"/>
          </testcase>
      <testcase name="DOMAINPAIRS-05" time="0.539">
            <failure message="Unknown" type="Unknown"/>
          </testcase>
      <testcase name="ENABLEDPROTOCOLX12-08" time="0.197">
            <failure message="Unknown" type="Unknown"/>
          </testcase>
      <testcase name="PARTNER-03" time="0.587">
            <failure message="Unknown" type="Unknown"/>
          </testcase>
      <testcase name="OPERATIONS-RN002" time="0.136">
            <failure message="Unknown" type="Unknown"/>
          </testcase>
      <testcase name="BAErrorCode-06" time="0.261">
            <failure message="Unknown" type="Unknown"/>
          </testcase>
      <testcase name="OB-Create-Syncoperation-3" time="0.877">
            <failure message="Unknown" type="Unknown"/>
          </testcase>
      <testcase name="SR-06" time="0.278">
            <failure message="Unknown" type="Unknown"/>
          </testcase>
      <testcase name="HOSTX12-01" time="0.928">
            <failure message="Unknown" type="Unknown"/>
          </testcase>
      <testcase name="DOMAINPAIRSRN-03" time="0.342">
            <failure message="Unknown" type="Unknown"/>
          </testcase>
      <testcase name="RosettaNetRoles-Delete-15" time="0.257">
            <failure message="Unknown" type="Unknown"/>
          </testcase>
      <testcase name="PROXY-24" time="0.340">
            <failure message="Unknown" type="Unknown"/>
          </testcase>
      <testcase name="CONTACT-08" time="0.298">
            <failure message="Unknown" type="Unknown"/>
          </testcase>
      <testcase name="InstalledTProtocols-1" time="0.330">
            <failure message="Unknown" type="Unknown"/>
          </testcase>
      <testcase name="OPERATIONS-RN004" time="0.151">
            <failure message="Unknown" type="Unknown"/>
          </testcase>
      <testcase name="DOMAINPAIRSRN-04" time="0.160">
            <failure message="Unknown" type="Unknown"/>
          </testcase>
      <testcase name="PROXY-11" time="0.482">
            <failure message="Unknown" type="Unknown"/>
          </testcase>
      <testcase name="OBRN-Enableprotocol" time="0.888">
            <failure message="Unknown" type="Unknown"/>
          </testcase>
      <testcase name="PROTOCOLBDOUTBTRANS-05" time="0.912">
            <failure message="Unknown" type="Unknown"/>
          </testcase>
      <testcase name="INBOUNDTRANSPORT-05" time="0.208">
            <failure message="Unknown" type="Unknown"/>
          </testcase>
      <testcase name="PCCEC-16" time="0.124">
            <failure message="Unknown" type="Unknown"/>
          </testcase>
      <testcase name="RNROLEERROR-05" time="0.471">
            <failure message="Unknown" type="Unknown"/>
          </testcase>
      <testcase name="PROXY-3" time="0.778">
            <failure message="Unknown" type="Unknown"/>
          </testcase>
      <testcase name="SR-05" time="0.106">
            <failure message="Unknown" type="Unknown"/>
          </testcase>
      <testcase name="SR-04" time="0.227">
            <failure message="Unknown" type="Unknown"/>
          </testcase>
      <testcase name="OPERATION-18" time="0.771">
            <failure message="Unknown" type="Unknown"/>
          </testcase>
      <testcase name="RolesBinding-Search-12" time="0.105">
            <failure message="Unknown" type="Unknown"/>
          </testcase>
      <testcase name="USER-14" time="0.653">
            <failure message="Unknown" type="Unknown"/>
          </testcase>
      <testcase name="INBOUNDTRANSPORT-03" time="0.247">
            <failure message="Unknown" type="Unknown"/>
          </testcase>
      <testcase name="OB-CreateBizAgre-7" time="0.371">
            <failure message="Unknown" type="Unknown"/>
          </testcase>
      <testcase name="PROXY-12" time="0.304">
            <failure message="Unknown" type="Unknown"/>
          </testcase>
      <testcase name="OPERATION-27" time="0.230">
            <failure message="Unknown" type="Unknown"/>
          </testcase>
      <testcase name="PROTOCOLBINDINGS-04" time="0.877">
            <failure message="Unknown" type="Unknown"/>
          </testcase>
      <testcase name="UserGroup-03" time="0.300">
            <failure message="Unknown" type="Unknown"/>
          </testcase>
      <testcase name="PCCode5" time="0.158">
            <failure message="Unknown" type="Unknown"/>
          </testcase>
      <testcase name="OB-Outboundtrans-8" time="0.728">
            <failure message="Unknown" type="Unknown"/>
          </testcase>
      <testcase name="OBRN-OperationsNode0" time="0.483">
            <failure message="Unknown" type="Unknown"/>
          </testcase>
      <testcase name="OBRN-Enableprotocol1" time="1.105">
            <failure message="Unknown" type="Unknown"/>
          </testcase>
      <testcase name="USER-19" time="0.311">
            <failure message="Unknown" type="Unknown"/>
          </testcase>
      <testcase name="IBTProtocol-1" time="0.800">
            <failure message="Unknown" type="Unknown"/>
          </testcase>
      <testcase name="OB-CreateProtocolBind-9" time="0.571">
            <failure message="Unknown" type="Unknown"/>
          </testcase>
      <testcase name="OB-Host-4" time="0.393">
            <failure message="Unknown" type="Unknown"/>
          </testcase>
      <testcase name="OB-CreateProtocolBind-10" time="1.035">
            <failure message="Unknown" type="Unknown"/>
          </testcase>
      <testcase name="PROTOCOLBINDINGSX12-01" time="0.947">
            <failure message="Unknown" type="Unknown"/>
          </testcase>
      <testcase name="OPERATION-10" time="0.285">
            <failure message="Unknown" type="Unknown"/>
          </testcase>
      <testcase name="OB-Host-4" time="0.349">
            <failure message="Unknown" type="Unknown"/>
          </testcase>
      <testcase name="HOST-05" time="0.195">
            <failure message="Unknown" type="Unknown"/>
          </testcase>
      <testcase name="PROXY-15" time="0.182">
            <failure message="Unknown" type="Unknown"/>
          </testcase>
      <testcase name="MsgBus-5" time="0.634">
            <failure message="Unknown" type="Unknown"/>
          </testcase>
      <testcase name="CONTACT-04" time="0.660">
            <failure message="Unknown" type="Unknown"/>
          </testcase>
      <testcase name="ROLE-04" time="0.371">
            <failure message="Unknown" type="Unknown"/>
          </testcase>
      <testcase name="OPERATION-32" time="0.205">
            <failure message="Unknown" type="Unknown"/>
          </testcase>
      <testcase name="SR-03" time="0.279">
            <failure message="Unknown" type="Unknown"/>
          </testcase>
      <testcase name="PROTOCOLBD-08" time="0.814">
            <failure message="Unknown" type="Unknown"/>
          </testcase>
      <testcase name="DOMAINTYPERN-01" time="0.495">
            <failure message="Unknown" type="Unknown"/>
          </testcase>
      <testcase name="RN-DeletePARTNER-13" time="0.322">
            <failure message="Unknown" type="Unknown"/>
          </testcase>
      <testcase name="BUSINESSAGREEMENTX12-02" time="0.214">
            <failure message="Unknown" type="Unknown"/>
          </testcase>
      <testcase name="PCCode1" time="0.415">
            <failure message="Unknown" type="Unknown"/>
          </testcase>
      <testcase name="OB-EnableProtocol-6" time="0.799">
            <failure message="Unknown" type="Unknown"/>
          </testcase>
      <testcase name="OPERATION-29" time="0.166">
            <failure message="Unknown" type="Unknown"/>
          </testcase>
      <testcase name="PCCEC-12" time="0.095">
            <failure message="Unknown" type="Unknown"/>
          </testcase>
      <testcase name="UserGroup-11" time="0.128">
            <failure message="Unknown" type="Unknown"/>
          </testcase>
      <testcase name="RBERROR-05" time="0.111">
            <failure message="Unknown" type="Unknown"/>
          </testcase>
      <testcase name="OUTBOUNDTRANSPORT-03" time="0.315">
            <failure message="Unknown" type="Unknown"/>
          </testcase>
      <testcase name="OPERATION-24" time="0.266">
            <failure message="Unknown" type="Unknown"/>
          </testcase>
      <testcase name="ENABLEDPROTOCOL-08" time="0.466">
            <failure message="Unknown" type="Unknown"/>
          </testcase>
      <testcase name="LDAP-01" time="0.647">
            <failure message="Unknown" type="Unknown"/>
          </testcase>
      <testcase name="ENABLEDPROTOCOL-10" time="0.166">
            <failure message="Unknown" type="Unknown"/>
          </testcase>
      <testcase name="HOSTS-21" time="0.333">
            <failure message="Unknown" type="Unknown"/>
          </testcase>
      <testcase name="OB-PARTNER-5" time="0.512">
            <failure message="Unknown" type="Unknown"/>
          </testcase>
      <testcase name="ENABLEDPROTOCOLX12-07" time="0.093">
            <failure message="Unknown" type="Unknown"/>
          </testcase>
      <testcase name="LDAP-03" time="0.651">
            <failure message="Unknown" type="Unknown"/>
          </testcase>
      <testcase name="OPERATIOn-12" time="0.266">
            <failure message="Unknown" type="Unknown"/>
          </testcase>
      <testcase name="OUTBOUNDTRANSPORT-20" time="0.829">
            <failure message="Unknown" type="Unknown"/>
          </testcase>
      <testcase name="DOMAINPAIRS-02" time="0.607">
            <failure message="Unknown" type="Unknown"/>
          </testcase>
      <testcase name="HOST-03" time="1.003">
            <failure message="Unknown" type="Unknown"/>
          </testcase>
      <testcase name="Role_Group" time="0.364">
            <failure message="Unknown" type="Unknown"/>
          </testcase>
      <testcase name="ENABLEDPROTOCOLX12-02" time="0.876">
            <failure message="Unknown" type="Unknown"/>
          </testcase>
      <testcase name="TOutbound7" time="0.304">
            <failure message="Unknown" type="Unknown"/>
          </testcase>
      <testcase name="UserGroup-09" time="0.288">
            <failure message="Unknown" type="Unknown"/>
          </testcase>
      <testcase name="OPERATIONS-RN018" time="0.379">
            <failure message="Unknown" type="Unknown"/>
          </testcase>
      <testcase name="HOSTBA-02" time="0.560">
            <failure message="Unknown" type="Unknown"/>
          </testcase>
      <testcase name="RosettaNetRoles-Get-2" time="0.155">
            <failure message="Unknown" type="Unknown"/>
          </testcase>
      <testcase name="DOMAINPAIRSX12-05" time="0.605">
            <failure message="Unknown" type="Unknown"/>
          </testcase>
      <testcase name="LOCATION-07" time="0.741">
            <failure message="Unknown" type="Unknown"/>
          </testcase>
      <testcase name="PARTNERLOCATION-02" time="0.255">
            <failure message="Unknown" type="Unknown"/>
          </testcase>
      <testcase name="ROLE-10" time="0.170">
            <failure message="Unknown" type="Unknown"/>
          </testcase>
      <testcase name="OBRN-Host" time="0.608">
            <failure message="Unknown" type="Unknown"/>
          </testcase>
      <testcase name="OB-CreateProtocolBind-11" time="1.016">
            <failure message="Unknown" type="Unknown"/>
          </testcase>
      <testcase name="CONTACT-03" time="0.985">
            <failure message="Unknown" type="Unknown"/>
          </testcase>
      <testcase name="PROTOCOLBINDINGS-01" time="0.777">
            <failure message="Unknown" type="Unknown"/>
          </testcase>
      <testcase name="TPartner2" time="0.503">
            <failure message="Unknown" type="Unknown"/>
          </testcase>
      <testcase name="SR-07" time="0.410">
            <failure message="Unknown" type="Unknown"/>
          </testcase>
      <testcase name="DOMAINPAIRS-04" time="0.145">
            <failure message="Unknown" type="Unknown"/>
          </testcase>
      <testcase name="OPERATION-07" time="1.110">
            <failure message="Unknown" type="Unknown"/>
          </testcase>
      <testcase name="OB-OverrideOperationsBinding-ost2" time="0.302">
            <failure message="Unknown" type="Unknown"/>
          </testcase>
      <testcase name="RBERROR-02" time="0.992">
            <failure message="Unknown" type="Unknown"/>
          </testcase>
      <testcase name="ENABLEDPROTOCOL-11" time="0.125">
            <failure message="Unknown" type="Unknown"/>
          </testcase>
      <testcase name="SR-02" time="0.312">
            <failure message="Unknown" type="Unknown"/>
          </testcase>
      <testcase name="RosettaNetRoles-GetAll-7" time="1.076">
            <failure message="Unknown" type="Unknown"/>
          </testcase>
      <testcase name="SR-17" time="0.264">
            <failure message="Unknown" type="Unknown"/>
          </testcase>
      <testcase name="OBRN-OutboundTransportRN" time="0.916">
            <failure message="Unknown" type="Unknown"/>
          </testcase>
      <testcase name="LOCATION-04" time="0.796">
            <failure message="Unknown" type="Unknown"/>
          </testcase>
      <testcase name="INBOUNDTRANSPORT-01" time="0.146">
            <failure message="Unknown" type="Unknown"/>
          </testcase>
      <testcase name="PCCEC-14" time="0.087">
            <failure message="Unknown" type="Unknown"/>
          </testcase>
      <testcase name="BAErrorCode-03" time="0.435">
            <failure message="Unknown" type="Unknown"/>
          </testcase>
      <testcase name="UserGroup-01" time="0.287">
            <failure message="Unknown" type="Unknown"/>
          </testcase>
      <testcase name="LOCATIONERROR-03" time="0.411">
            <failure message="Unknown" type="Unknown"/>
          </testcase>
      <testcase name="ENABLEDPROTOCOLX12-05" time="0.799">
            <failure message="Unknown" type="Unknown"/>
          </testcase>
      <testcase name="PROTOCOLBD-04" time="0.725">
            <failure message="Unknown" type="Unknown"/>
          </testcase>
      <testcase name="THOST1" time="0.468">
            <failure message="Unknown" type="Unknown"/>
          </testcase>
      <testcase name="PCCode3" time="0.537">
            <failure message="Unknown" type="Unknown"/>
          </testcase>
      <testcase name="PROXY-17" time="0.304">
            <failure message="Unknown" type="Unknown"/>
          </testcase>
      <testcase name="PCCEC-08" time="0.128">
            <failure message="Unknown" type="Unknown"/>
          </testcase>
      <testcase name="ROLE-09" time="0.225">
            <failure message="Unknown" type="Unknown"/>
          </testcase>
      <testcase name="PCCode4" time="0.206">
            <failure message="Unknown" type="Unknown"/>
          </testcase>
      <testcase name="UserGroup-06" time="0.100">
            <failure message="Unknown" type="Unknown"/>
          </testcase>
      <testcase name="PROTOCOLBINDINGS-02" time="2.502">
            <failure message="Unknown" type="Unknown"/>
          </testcase>
      <testcase name="DOMAINPAIRSX12-03" time="0.502">
            <failure message="Unknown" type="Unknown"/>
          </testcase>
      <testcase name="MsgBus-1" time="0.523">
            <failure message="Unknown" type="Unknown"/>
          </testcase>
      <testcase name="UserGroup-12" time="0.101">
            <failure message="Unknown" type="Unknown"/>
          </testcase>
      <testcase name="PCCEC-01" time="0.356">
            <failure message="Unknown" type="Unknown"/>
          </testcase>
      <testcase name="TOutbound16" time="0.118">
            <failure message="Unknown" type="Unknown"/>
          </testcase>
      <testcase name="RolesBinding-Search-11" time="0.137">
            <failure message="Unknown" type="Unknown"/>
          </testcase>
      <testcase name="SR-09" time="0.145">
            <failure message="Unknown" type="Unknown"/>
          </testcase>
      <testcase name="DOMAINTYPE-08" time="0.320">
            <failure message="Unknown" type="Unknown"/>
          </testcase>
      <testcase name="MsgBus-4" time="0.149">
            <failure message="Unknown" type="Unknown"/>
          </testcase>
      <testcase name="OBRN-Delete BA" time="0.177">
            <failure message="Unknown" type="Unknown"/>
          </testcase>
      <testcase name="PARTNERLOCATION-01" time="0.438">
            <failure message="Unknown" type="Unknown"/>
          </testcase>
      <testcase name="ENABLEDPROTOCOLX12-03" time="0.923">
            <failure message="Unknown" type="Unknown"/>
          </testcase>
      <testcase name="BIZAGREEMENT-01" time="0.619">
            <failure message="Unknown" type="Unknown"/>
          </testcase>
      <testcase name="INSTALLED PROTOCOLS-02" time="0.329">
            <failure message="Unknown" type="Unknown"/>
          </testcase>
      <testcase name="OPERATIONS-RN001" time="0.544">
            <failure message="Unknown" type="Unknown"/>
          </testcase>
      <testcase name="OPERATIONS-RN026" time="0.180">
            <failure message="Unknown" type="Unknown"/>
          </testcase>
      <testcase name="ROLE-03" time="0.326">
            <failure message="Unknown" type="Unknown"/>
          </testcase>
      <testcase name="PROTOCOLBINDINGS-06" time="0.511">
            <failure message="Unknown" type="Unknown"/>
          </testcase>
      <testcase name="IBTProtocol-11" time="0.704">
            <failure message="Unknown" type="Unknown"/>
          </testcase>
      <testcase name="IBTProtocol-9" time="0.773">
            <failure message="Unknown" type="Unknown"/>
          </testcase>
      <testcase name="USER-02" time="0.381">
            <failure message="Unknown" type="Unknown"/>
          </testcase>
      <testcase name="LOCATION-05" time="0.161">
            <failure message="Unknown" type="Unknown"/>
          </testcase>
      <testcase name="PARTNERBA-05" time="0.297">
            <failure message="Unknown" type="Unknown"/>
          </testcase>
      <testcase name="OPERATIONS-RN009" time="0.274">
            <failure message="Unknown" type="Unknown"/>
          </testcase>
      <testcase name="GatewayService-3" time="0.733">
            <failure message="Unknown" type="Unknown"/>
          </testcase>
      <testcase name="OB-OverrideOperationsBinding1" time="0.396">
            <failure message="Unknown" type="Unknown"/>
          </testcase>
      <testcase name="OB-Delete-Operation-16" time="0.117">
            <failure message="Unknown" type="Unknown"/>
          </testcase>
      <testcase name="SR-23" time="0.097">
            <failure message="Unknown" type="Unknown"/>
          </testcase>
      <testcase name="USER-06" time="0.210">
            <failure message="Unknown" type="Unknown"/>
          </testcase>
      <testcase name="SR-24" time="0.141">
            <failure message="Unknown" type="Unknown"/>
          </testcase>
      <testcase name="DOMAINTYPE-05" time="0.215">
            <failure message="Unknown" type="Unknown"/>
          </testcase>
      <testcase name="SCC-02" time="0.220">
            <failure message="Unknown" type="Unknown"/>
          </testcase>
      <testcase name="MsgBus-6" time="0.199">
            <failure message="Unknown" type="Unknown"/>
          </testcase>
      <testcase name="DOMAINTYPERN-08" time="0.479">
            <failure message="Unknown" type="Unknown"/>
          </testcase>
      <testcase name="PARTNER-20" time="0.517">
            <failure message="Unknown" type="Unknown"/>
          </testcase>
      <testcase name="BIZAGREEMENT-05" time="0.320">
            <failure message="Unknown" type="Unknown"/>
          </testcase>
      <testcase name="OB-Delete-host-19" time="0.263">
            <failure message="Unknown" type="Unknown"/>
          </testcase>
      <testcase name="OPERATIONS-RN022" time="0.245">
            <failure message="Unknown" type="Unknown"/>
          </testcase>
      <testcase name="OBRN-BA" time="0.293">
            <failure message="Unknown" type="Unknown"/>
          </testcase>
      <testcase name="ENABLEDPROTOCOLX12-01" time="0.812">
            <failure message="Unknown" type="Unknown"/>
          </testcase>
      <testcase name="OPERATION-19" time="0.945">
            <failure message="Unknown" type="Unknown"/>
          </testcase>
      <testcase name="OPERATIONS-RN008" time="0.363">
            <failure message="Unknown" type="Unknown"/>
          </testcase>
      <testcase name="EnableRNProtocol-9" time="1.106">
            <failure message="Unknown" type="Unknown"/>
          </testcase>
      <testcase name="RosettaNetRoles-Create-1" time="0.372">
            <failure message="Unknown" type="Unknown"/>
          </testcase>
      <testcase name="HOSTBA-05" time="0.308">
            <failure message="Unknown" type="Unknown"/>
          </testcase>
      <testcase name="OPERATIONS-RN021" time="0.371">
            <failure message="Unknown" type="Unknown"/>
          </testcase>
      <testcase name="RNROLEERROR-07" time="0.126">
            <failure message="Unknown" type="Unknown"/>
          </testcase>
      <testcase name="ENABLEDPROTOCOLX12-04" time="0.152">
            <failure message="Unknown" type="Unknown"/>
          </testcase>
      <testcase name="ENABLEDPROTOCOL-04" time="0.202">
            <failure message="Unknown" type="Unknown"/>
          </testcase>
      <testcase name="OB-Create-operation-1" time="0.579">
            <failure message="Unknown" type="Unknown"/>
          </testcase>
      <testcase name="DOMAINTYPERN-04" time="0.179">
            <failure message="Unknown" type="Unknown"/>
          </testcase>
      <testcase name="PCCEC-07" time="0.359">
            <failure message="Unknown" type="Unknown"/>
          </testcase>
      <testcase name="SCC-01" time="0.436">
            <failure message="Unknown" type="Unknown"/>
          </testcase>
      <testcase name="PARTNER-06" time="0.125">
            <failure message="Unknown" type="Unknown"/>
          </testcase>
      <testcase name="RosettaNetRoles-Update-3" time="0.456">
            <failure message="Unknown" type="Unknown"/>
          </testcase>
      <testcase name="DOMAINTYPERN-05" time="0.183">
            <failure message="Unknown" type="Unknown"/>
          </testcase>
      <testcase name="OUTBOUNDTRANSPORTX12-01" time="1.360">
            <failure message="Unknown" type="Unknown"/>
          </testcase>
      <testcase name="OBRN-ProtocolBinding" time="0.825">
            <failure message="Unknown" type="Unknown"/>
          </testcase>
      <testcase name="GSInfor-1" time="0.478">
            <failure message="Unknown" type="Unknown"/>
          </testcase>
      <testcase name="BAErrorCode-04" time="0.306">
            <failure message="Unknown" type="Unknown"/>
          </testcase>
      <testcase name="IBTProtocol-4" time="0.695">
            <failure message="Unknown" type="Unknown"/>
          </testcase>
      <testcase name="PROTOCOLBDPARTNER-05" time="0.248">
            <failure message="Unknown" type="Unknown"/>
          </testcase>
      <testcase name="OPERATION-20" time="0.795">
            <failure message="Unknown" type="Unknown"/>
          </testcase>
      <testcase name="MsgBus-2" time="0.210">
            <failure message="Unknown" type="Unknown"/>
          </testcase>
      <testcase name="OB-Delete-host-15" time="0.394">
            <failure message="Unknown" type="Unknown"/>
          </testcase>
      <testcase name="DOMAINTYPE-04" time="0.505">
            <failure message="Unknown" type="Unknown"/>
          </testcase>
      <testcase name="PROXY-9" time="0.256">
            <failure message="Unknown" type="Unknown"/>
          </testcase>
      <testcase name="PROXY-1" time="0.630">
            <failure message="Unknown" type="Unknown"/>
          </testcase>
      <testcase name="TOutbound10" time="0.168">
            <failure message="Unknown" type="Unknown"/>
          </testcase>
      <testcase name="LDAP-05" time="0.124">
            <failure message="Unknown" type="Unknown"/>
          </testcase>
      <testcase name="SR-11" time="0.110">
            <failure message="Unknown" type="Unknown"/>
          </testcase>
      <testcase name="RNROLEERROR-04" time="0.093">
            <failure message="Unknown" type="Unknown"/>
          </testcase>
      <testcase name="OB-EnableProtocol-8" time="0.672">
            <failure message="Unknown" type="Unknown"/>
          </testcase>
      <testcase name="USER-Group01" time="0.747">
            <failure message="Unknown" type="Unknown"/>
          </testcase>
      <testcase name="DOMAINPAIRS-10" time="0.225">
            <failure message="Unknown" type="Unknown"/>
          </testcase>
      <testcase name="OB-EnableProtocol-6" time="0.734">
            <failure message="Unknown" type="Unknown"/>
          </testcase>
      <testcase name="RNROLEERROR-01" time="0.321">
            <failure message="Unknown" type="Unknown"/>
          </testcase>
      <testcase name="HOSTX12-02" time="0.306">
            <failure message="Unknown" type="Unknown"/>
          </testcase>
      <testcase name="RosettaNetRoles-Get-4" time="0.141">
            <failure message="Unknown" type="Unknown"/>
          </testcase>
      <testcase name="MsgBus-3" time="1.087">
            <failure message="Unknown" type="Unknown"/>
          </testcase>
      <testcase name="GatewayService-5" time="0.387">
            <failure message="Unknown" type="Unknown"/>
          </testcase>
      <testcase name="BAErrorCode-02" time="0.386">
            <failure message="Unknown" type="Unknown"/>
          </testcase>
      <testcase name="USER-11" time="0.237">
            <failure message="Unknown" type="Unknown"/>
          </testcase>
      <testcase name="SR-21" time="0.203">
            <failure message="Unknown" type="Unknown"/>
          </testcase>
      <testcase name="PROTOCOLBINDINGS-21" time="0.899">
            <failure message="Unknown" type="Unknown"/>
          </testcase>
      <testcase name="USER-12" time="0.627">
            <failure message="Unknown" type="Unknown"/>
          </testcase>
      <testcase name="PCCEC-09" time="0.093">
            <failure message="Unknown" type="Unknown"/>
          </testcase>
      <testcase name="ENABLEDPROTOCOL-06" time="0.263">
            <failure message="Unknown" type="Unknown"/>
          </testcase>
      <testcase name="OB-Delete-partner-20" time="0.258">
            <failure message="Unknown" type="Unknown"/>
          </testcase>
      <testcase name="DOMAINPAIRS-08" time="0.143">
            <failure message="Unknown" type="Unknown"/>
          </testcase>
      <testcase name="OB-Create-operation-2" time="0.212">
            <failure message="Unknown" type="Unknown"/>
          </testcase>
      <testcase name="SCC-04" time="0.159">
            <failure message="Unknown" type="Unknown"/>
          </testcase>
      <testcase name="ENABLEDPROTOCOL-05" time="0.347">
            <failure message="Unknown" type="Unknown"/>
          </testcase>
      <testcase name="USER-04" time="0.878">
            <failure message="Unknown" type="Unknown"/>
          </testcase>
      <testcase name="LDAP-06" time="0.296">
            <failure message="Unknown" type="Unknown"/>
          </testcase>
      <testcase name="PCCode6" time="0.153">
            <failure message="Unknown" type="Unknown"/>
          </testcase>
      <testcase name="HOST-04" time="0.138">
            <failure message="Unknown" type="Unknown"/>
          </testcase>
      <testcase name="DOMAINPAIRSRN-02" time="0.402">
            <failure message="Unknown" type="Unknown"/>
          </testcase>
      <testcase name="DOMAINPAIRSRN-01" time="1.809">
            <failure message="Unknown" type="Unknown"/>
          </testcase>
      <testcase name="BIZAGREEMENT-20" time="0.500">
            <failure message="Unknown" type="Unknown"/>
          </testcase>
      <testcase name="DOMAINPAIRS-11" time="0.161">
            <failure message="Unknown" type="Unknown"/>
          </testcase>
      <testcase name="PROXY-23" time="0.691">
            <failure message="Unknown" type="Unknown"/>
          </testcase>
      <testcase name="BIZAGREEMENT-04" time="0.362">
            <failure message="Unknown" type="Unknown"/>
          </testcase>
      <testcase name="OB-OverrideOperationsBinding-tt1" time="0.309">
            <failure message="Unknown" type="Unknown"/>
          </testcase>
      <testcase name="ROLE-02" time="0.317">
            <failure message="Unknown" type="Unknown"/>
          </testcase>
      <testcase name="SR-01" time="0.616">
            <failure message="Unknown" type="Unknown"/>
          </testcase>
      <testcase name="PARTNER-05" time="0.497">
            <failure message="Unknown" type="Unknown"/>
          </testcase>
      <testcase name="PROXY-25" time="0.146">
            <failure message="Unknown" type="Unknown"/>
          </testcase>
      <testcase name="SR-14" time="0.166">
            <failure message="Unknown" type="Unknown"/>
          </testcase>
      <testcase name="PROTOCOLBINDINGS-05" time="0.736">
            <failure message="Unknown" type="Unknown"/>
          </testcase>
      <testcase name="UserGroup-08" time="0.126">
            <failure message="Unknown" type="Unknown"/>
          </testcase>
      <testcase name="OPERATION-26" time="0.600">
            <failure message="Unknown" type="Unknown"/>
          </testcase>
      <testcase name="LOCATIONERROR-04" time="0.146">
            <failure message="Unknown" type="Unknown"/>
          </testcase>
      <testcase name="PCCEC-03" time="0.510">
            <failure message="Unknown" type="Unknown"/>
          </testcase>
      <testcase name="SR-08" time="0.284">
            <failure message="Unknown" type="Unknown"/>
          </testcase>
      <testcase name="RNROLEERROR-06" time="0.154">
            <failure message="Unknown" type="Unknown"/>
          </testcase>
      <testcase name="DOMAINTYPE-06" time="0.185">
            <failure message="Unknown" type="Unknown"/>
          </testcase>
      <testcase name="PROXY-22" time="0.323">
            <failure message="Unknown" type="Unknown"/>
          </testcase>
      <testcase name="OB-PARTNER-5" time="0.436">
            <failure message="Unknown" type="Unknown"/>
          </testcase>
      <testcase name="PARTNER-Group04" time="0.306">
            <failure message="Unknown" type="Unknown"/>
          </testcase>
      <testcase name="OPERATION-05" time="0.981">
            <failure message="Unknown" type="Unknown"/>
          </testcase>
      <testcase name="OPERATIONS-RN007" time="0.241">
            <failure message="Unknown" type="Unknown"/>
          </testcase>
      <testcase name="DOMAINPAIRSRN-05" time="0.581">
            <failure message="Unknown" type="Unknown"/>
          </testcase>
      <testcase name="PARTNERBA-03" time="0.117">
            <failure message="Unknown" type="Unknown"/>
          </testcase>
      <testcase name="DOMAINTYPE-01" time="0.416">
            <failure message="Unknown" type="Unknown"/>
          </testcase>
      <testcase name="OBRN-OperationsNode1" time="0.299">
            <failure message="Unknown" type="Unknown"/>
          </testcase>
      <testcase name="OB-Delete-Operation-12" time="0.269">
            <failure message="Unknown" type="Unknown"/>
          </testcase>
      <testcase name="OPERATION-22" time="0.502">
            <failure message="Unknown" type="Unknown"/>
          </testcase>
      <testcase name="SR-19" time="0.642">
            <failure message="Unknown" type="Unknown"/>
          </testcase>
      <testcase name="HOST-01" time="1.349">
            <failure message="Unknown" type="Unknown"/>
          </testcase>
      <testcase name="SR-18" time="0.163">
            <failure message="Unknown" type="Unknown"/>
          </testcase>
      <testcase name="RolesBinding-Create-10" time="0.587">
            <failure message="Unknown" type="Unknown"/>
          </testcase>
      <testcase name="OPERATION-02" time="0.495">
            <failure message="Unknown" type="Unknown"/>
          </testcase>
      <testcase name="TOutbound11" time="0.147">
            <failure message="Unknown" type="Unknown"/>
          </testcase>
      <testcase name="ROLE-08" time="0.230">
            <failure message="Unknown" type="Unknown"/>
          </testcase>
      <testcase name="PROXY-4" time="0.300">
            <failure message="Unknown" type="Unknown"/>
          </testcase>
      <testcase name="DOMAINPAIRSRN-06" time="0.168">
            <failure message="Unknown" type="Unknown"/>
          </testcase>
      <testcase name="OPERATION-31" time="0.181">
            <failure message="Unknown" type="Unknown"/>
          </testcase>
      <testcase name="OUTBOUNDTRANSPORT-01" time="1.029">
            <failure message="Unknown" type="Unknown"/>
          </testcase>
      <testcase name="THOST23" time="0.266">
            <failure message="Unknown" type="Unknown"/>
          </testcase>
      <testcase name="UserGroup-04" time="0.289">
            <failure message="Unknown" type="Unknown"/>
          </testcase>
      <testcase name="PCCEC-02" time="0.303">
            <failure message="Unknown" type="Unknown"/>
          </testcase>
      <testcase name="PARTNER-Group02" time="0.403">
            <failure message="Unknown" type="Unknown"/>
          </testcase>
      <testcase name="DOMAINTYPERN-06" time="0.204">
            <failure message="Unknown" type="Unknown"/>
          </testcase>
      <testcase name="DOMAINTYPERN-02" time="0.334">
            <failure message="Unknown" type="Unknown"/>
          </testcase>
      <testcase name="BIZAGREEMENT-06" time="0.584">
            <failure message="Unknown" type="Unknown"/>
          </testcase>
      <testcase name="RolesBinding-Delete-14" time="0.178">
            <failure message="Unknown" type="Unknown"/>
          </testcase>
      <testcase name="OB-Delete-BZAgreement-18" time="0.177">
            <failure message="Unknown" type="Unknown"/>
          </testcase>
      <testcase name="PROXY-5" time="0.175">
            <failure message="Unknown" type="Unknown"/>
          </testcase>
      <testcase name="OPERATION-21" time="1.044">
            <failure message="Unknown" type="Unknown"/>
          </testcase>
      <testcase name="PROTOCOLBDHOST-04" time="0.250">
            <failure message="Unknown" type="Unknown"/>
          </testcase>
      <testcase name="PROTOCOLBINDINGS-03" time="0.399">
            <failure message="Unknown" type="Unknown"/>
          </testcase>
      <testcase name="OBRN-Delete Host" time="0.304">
            <failure message="Unknown" type="Unknown"/>
          </testcase>
      <testcase name="USER-15" time="0.440">
            <failure message="Unknown" type="Unknown"/>
          </testcase>
      <testcase name="HOSTBA-01" time="0.482">
            <failure message="Unknown" type="Unknown"/>
          </testcase>
      <testcase name="TOutbound6" time="1.033">
            <failure message="Unknown" type="Unknown"/>
          </testcase>
      <testcase name="PROTOCOLBD-05" time="1.001">
            <failure message="Unknown" type="Unknown"/>
          </testcase>
      <testcase name="DOMAINPAIRSX12-01" time="0.493">
            <failure message="Unknown" type="Unknown"/>
          </testcase>
      <testcase name="OB-Create-Syncoperation-3" time="0.687">
            <failure message="Unknown" type="Unknown"/>
          </testcase>
      <testcase name="OPERATION-16" time="0.297">
            <failure message="Unknown" type="Unknown"/>
          </testcase>
      <testcase name="IBTProtocol-6" time="0.668">
            <failure message="Unknown" type="Unknown"/>
          </testcase>
      <testcase name="RBERROR-03" time="0.544">
            <failure message="Unknown" type="Unknown"/>
          </testcase>
      <testcase name="Feature-01" time="1.852">
            <failure message="Unknown" type="Unknown"/>
          </testcase>
      <testcase name="PROTOCOLBINDINGSX12-06" time="0.142">
            <failure message="Unknown" type="Unknown"/>
          </testcase>
      <testcase name="OPERATION-25" time="0.255">
            <failure message="Unknown" type="Unknown"/>
          </testcase>
      <testcase name="PROXY-8" time="0.687">
            <failure message="Unknown" type="Unknown"/>
          </testcase>
      <testcase name="BAErrorCode-05" time="0.084">
            <failure message="Unknown" type="Unknown"/>
          </testcase>
      <testcase name="OPERATION-08" time="0.436">
            <failure message="Unknown" type="Unknown"/>
          </testcase>
      <testcase name="OB-OverrideOperationsBinding-ast1" time="0.288">
            <failure message="Unknown" type="Unknown"/>
          </testcase>
      <testcase name="SCC-07" time="0.209">
            <failure message="Unknown" type="Unknown"/>
          </testcase>
      <testcase name="SR-10" time="0.151">
            <failure message="Unknown" type="Unknown"/>
          </testcase>
      <testcase name="OB-OverrideOperationsBinding-ost1" time="0.315">
            <failure message="Unknown" type="Unknown"/>
          </testcase>
      <testcase name="PROXY-18" time="0.606">
            <failure message="Unknown" type="Unknown"/>
          </testcase>
      <testcase name="OB-CreateProtocolBind-10" time="1.341">
            <failure message="Unknown" type="Unknown"/>
          </testcase>
      <testcase name="OPERATION-09" time="0.379">
            <failure message="Unknown" type="Unknown"/>
          </testcase>
      <testcase name="USER-01" time="1.029">
            <failure message="Unknown" type="Unknown"/>
          </testcase>
      <testcase name="HOSTBA-04" time="0.385">
            <failure message="Unknown" type="Unknown"/>
          </testcase>
      <testcase name="OB-Create-operation-1" time="0.138">
            <failure message="Unknown" type="Unknown"/>
          </testcase>
      <testcase name="ENABLEDPROTOCOL-12" time="0.132">
            <failure message="Unknown" type="Unknown"/>
          </testcase>
      <testcase name="OBRN-CreateOperationBinding" time="0.535">
            <failure message="Unknown" type="Unknown"/>
          </testcase>
      <testcase name="OPERATIONS-RN014" time="0.304">
            <failure message="Unknown" type="Unknown"/>
          </testcase>
      <testcase name="LOCATION-03" time="0.274">
            <failure message="Unknown" type="Unknown"/>
          </testcase>
      <testcase name="LOCATIONERROR-01" time="0.711">
            <failure message="Unknown" type="Unknown"/>
          </testcase>
      <testcase name="PROTOCOLBINDINGSX12-05" time="0.332">
            <failure message="Unknown" type="Unknown"/>
          </testcase>
      <testcase name="UserGroup-10" time="0.143">
            <failure message="Unknown" type="Unknown"/>
          </testcase>
      <testcase name="ENABLEDPROTOCOLX12-06" time="0.263">
            <failure message="Unknown" type="Unknown"/>
          </testcase>
      <testcase name="USER-07" time="0.323">
            <failure message="Unknown" type="Unknown"/>
          </testcase>
      <testcase name="OPERATION-23" time="0.309">
            <failure message="Unknown" type="Unknown"/>
          </testcase>
      <testcase name="OUTBOUNDTRANSPORT-02" time="0.254">
            <failure message="Unknown" type="Unknown"/>
          </testcase>
      <testcase name="RosettaNetRoles-Search-5" time="0.143">
            <failure message="Unknown" type="Unknown"/>
          </testcase>
      <testcase name="USER-09" time="1.504">
            <failure message="Unknown" type="Unknown"/>
          </testcase>
      <testcase name="IBTProtocol-7" time="0.790">
            <failure message="Unknown" type="Unknown"/>
          </testcase>
      <testcase name="PCCEC-11" time="0.120">
            <failure message="Unknown" type="Unknown"/>
          </testcase>
      <testcase name="DOMAINTYPE-09" time="0.360">
            <failure message="Unknown" type="Unknown"/>
          </testcase>
      <testcase name="TPartner22" time="0.295">
            <failure message="Unknown" type="Unknown"/>
          </testcase>
      <testcase name="INBOUNDTRANSPORT-04" time="0.316">
            <failure message="Unknown" type="Unknown"/>
          </testcase>
      <testcase name="PCCode2" time="0.194">
            <failure message="Unknown" type="Unknown"/>
          </testcase>
      <testcase name="TEnableProtocolHost3" time="0.901">
            <failure message="Unknown" type="Unknown"/>
          </testcase>
      <testcase name="BIZAGREEMENT-02" time="0.398">
            <failure message="Unknown" type="Unknown"/>
          </testcase>
      <testcase name="DOMAINPAIRS-03" time="0.188">
            <failure message="Unknown" type="Unknown"/>
          </testcase>
      <testcase name="PROTOCOLBDBIZID-05" time="0.185">
            <failure message="Unknown" type="Unknown"/>
          </testcase>
      <testcase name="IBTProtocol-12" time="0.176">
            <failure message="Unknown" type="Unknown"/>
          </testcase>
      <testcase name="PROTOCOLBDPARTNER-01" time="0.524">
            <failure message="Unknown" type="Unknown"/>
          </testcase>
      <testcase name="CONTACT-02" time="0.204">
            <failure message="Unknown" type="Unknown"/>
          </testcase>
      <testcase name="PROXY-2" time="0.169">
            <failure message="Unknown" type="Unknown"/>
          </testcase>
      <testcase name="OPERATION-14" time="0.542">
            <failure message="Unknown" type="Unknown"/>
          </testcase>
      <testcase name="OPERATIONS-RN015" time="0.543">
            <failure message="Unknown" type="Unknown"/>
          </testcase>
      <testcase name="LOCATION-08" time="0.198">
            <failure message="Unknown" type="Unknown"/>
          </testcase>
      <testcase name="OB-Delete-Operation-13" time="0.189">
            <failure message="Unknown" type="Unknown"/>
          </testcase>
      <testcase name="OUTBOUNDTRANSPORT-09" time="0.558">
            <failure message="Unknown" type="Unknown"/>
          </testcase>
      <testcase name="OBRN-Delete Partner" time="0.292">
            <failure message="Unknown" type="Unknown"/>
          </testcase>
      <testcase name="CONTACT-05" time="0.165">
            <failure message="Unknown" type="Unknown"/>
          </testcase>
      <testcase name="OPERATIONS-RN027" time="0.165">
            <failure message="Unknown" type="Unknown"/>
          </testcase>
      <testcase name="PARTNERX12-02" time="0.302">
            <failure message="Unknown" type="Unknown"/>
          </testcase>
      <testcase name="OB-CreateProtocolBind-9" time="0.613">
            <failure message="Unknown" type="Unknown"/>
          </testcase>
      <testcase name="TBizAgreement5" time="0.505">
            <failure message="Unknown" type="Unknown"/>
          </testcase>
      <testcase name="PARTNER-04" time="0.316">
            <failure message="Unknown" type="Unknown"/>
          </testcase>
      <testcase name="PROXY-21" time="0.627">
            <failure message="Unknown" type="Unknown"/>
          </testcase>
      <testcase name="GSInfor-2" time="0.219">
            <failure message="Unknown" type="Unknown"/>
          </testcase>
      <testcase name="OB-OverrideOperationsBinding-tt2" time="0.295">
            <failure message="Unknown" type="Unknown"/>
          </testcase>
      <testcase name="ROLE-07" time="0.190">
            <failure message="Unknown" type="Unknown"/>
          </testcase>
      <testcase name="ENABLEDPROTOCOLBA-01" time="0.858">
            <failure message="Unknown" type="Unknown"/>
          </testcase>
      <testcase name="PARTNER-Group03" time="0.266">
            <failure message="Unknown" type="Unknown"/>
          </testcase>
      <testcase name="PROXY-16" time="0.765">
            <failure message="Unknown" type="Unknown"/>
          </testcase>
      <testcase name="LDAP-02" time="0.253">
            <failure message="Unknown" type="Unknown"/>
          </testcase>
  
  
  
</testsuite></testsuites>